2020-09-07 14:22:24,265 INFO (SafeMap.java:34)- Thread-23setKeyNotify
2020-09-07 14:22:24,268 INFO (SafeMap.java:34)- Thread-84setKeyNotify
2020-09-07 14:22:24,269 INFO (SafeMap.java:34)- Thread-55setKeyNotify
2020-09-07 14:22:24,269 INFO (SafeMap.java:34)- Thread-68setKeyNotify
2020-09-07 14:22:24,269 INFO (SafeMap.java:34)- Thread-36setKeyNotify
2020-09-07 14:22:24,269 INFO (SafeMap.java:34)- Thread-25setKeyNotify
2020-09-07 14:22:24,269 INFO (SafeMap.java:34)- Thread-5setKeyNotify
2020-09-07 14:22:24,270 INFO (SafeMap.java:34)- Thread-38setKeyNotify
2020-09-07 14:22:24,270 INFO (SafeMap.java:34)- Thread-43setKeyNotify
2020-09-07 14:22:24,270 INFO (SafeMap.java:34)- Thread-26setKeyNotify
2020-09-07 14:22:24,270 INFO (SafeMap.java:34)- Thread-72setKeyNotify
2020-09-07 14:22:24,270 INFO (SafeMap.java:34)- Thread-63setKeyNotify
2020-09-07 14:22:24,270 INFO (SafeMap.java:34)- Thread-87setKeyNotify
2020-09-07 14:22:24,271 INFO (SafeMap.java:50)- map的size=1
2020-09-07 14:22:24,271 INFO (SafeMap.java:34)- Thread-58setKeyNotify
2020-09-07 14:22:24,271 INFO (SafeMap.java:34)- Thread-33setKeyNotify
2020-09-07 14:22:24,271 INFO (SafeMap.java:34)- Thread-7setKeyNotify
2020-09-07 14:22:24,271 INFO (SafeMap.java:34)- Thread-67setKeyNotify
2020-09-07 14:22:24,271 INFO (SafeMap.java:34)- Thread-79setKeyNotify
2020-09-07 14:22:24,272 INFO (SafeMap.java:34)- Thread-81setKeyNotify
2020-09-07 14:22:24,272 INFO (SafeMap.java:50)- map的size=1
2020-09-07 14:22:24,272 INFO (SafeMap.java:34)- Thread-81setKeyNotify
2020-09-07 14:22:24,272 INFO (SafeMap.java:34)- Thread-76setKeyNotify
2020-09-07 14:22:24,272 INFO (SafeMap.java:34)- Thread-29setKeyNotify
2020-09-07 14:22:24,272 INFO (SafeMap.java:34)- Thread-61setKeyNotify
2020-09-07 14:22:24,272 INFO (SafeMap.java:34)- Thread-47setKeyNotify
2020-09-07 14:22:24,272 INFO (SafeMap.java:34)- Thread-85setKeyNotify
2020-09-07 14:22:24,273 INFO (SafeMap.java:34)- Thread-46setKeyNotify
2020-09-07 14:22:24,273 INFO (SafeMap.java:50)- map的size=1
2020-09-07 14:22:24,273 INFO (SafeMap.java:34)- Thread-85setKeyNotify
2020-09-07 14:22:24,273 INFO (SafeMap.java:50)- map的size=1
2020-09-07 14:22:24,273 INFO (SafeMap.java:34)- Thread-47setKeyNotify
2020-09-07 14:22:24,273 INFO (SafeMap.java:50)- map的size=1
2020-09-07 14:22:24,273 INFO (SafeMap.java:34)- Thread-61setKeyNotify
2020-09-07 14:22:24,273 INFO (SafeMap.java:50)- map的size=1
2020-09-07 14:22:24,273 INFO (SafeMap.java:34)- Thread-29setKeyNotify
2020-09-07 14:22:24,274 INFO (SafeMap.java:50)- map的size=1
2020-09-07 14:22:24,274 INFO (SafeMap.java:34)- Thread-76setKeyNotify
2020-09-07 14:22:24,274 INFO (SafeMap.java:50)- map的size=1
2020-09-07 14:22:24,274 INFO (SafeMap.java:54)- Thread-81getKeyWait
2020-09-07 14:22:24,274 INFO (SafeMap.java:50)- map的size=0
2020-09-07 14:22:24,274 INFO (SafeMap.java:63)- Thread-79getKeyNotify
2020-09-07 14:22:24,274 INFO (SafeMap.java:25)- Thread-79setKeyWait
2020-09-07 14:22:24,274 INFO (SafeMap.java:50)- map的size=1
2020-09-07 14:22:24,274 INFO (SafeMap.java:34)- Thread-67setKeyNotify
2020-09-07 14:22:24,275 INFO (SafeMap.java:50)- map的size=1
2020-09-07 14:22:24,275 INFO (SafeMap.java:34)- Thread-7setKeyNotify
2020-09-07 14:22:24,275 INFO (SafeMap.java:50)- map的size=1
2020-09-07 14:22:24,275 INFO (SafeMap.java:34)- Thread-33setKeyNotify
2020-09-07 14:22:24,275 INFO (SafeMap.java:50)- map的size=1
2020-09-07 14:22:24,275 INFO (SafeMap.java:34)- Thread-58setKeyNotify
2020-09-07 14:22:24,275 INFO (SafeMap.java:34)- Thread-87setKeyNotify
2020-09-07 14:22:24,275 INFO (SafeMap.java:50)- map的size=1
2020-09-07 14:22:24,276 INFO (SafeMap.java:34)- Thread-63setKeyNotify
2020-09-07 14:22:24,276 INFO (SafeMap.java:50)- map的size=1
2020-09-07 14:22:24,276 INFO (SafeMap.java:50)- map的size=1
2020-09-07 14:22:24,276 INFO (SafeMap.java:34)- Thread-26setKeyNotify
2020-09-07 14:22:24,276 INFO (SafeMap.java:50)- map的size=1
2020-09-07 14:22:24,276 INFO (SafeMap.java:34)- Thread-43setKeyNotify
2020-09-07 14:22:24,276 INFO (SafeMap.java:50)- map的size=1
2020-09-07 14:22:24,277 INFO (SafeMap.java:34)- Thread-38setKeyNotify
2020-09-07 14:22:24,277 INFO (SafeMap.java:50)- map的size=1
2020-09-07 14:22:24,277 INFO (SafeMap.java:34)- Thread-5setKeyNotify
2020-09-07 14:22:24,277 INFO (SafeMap.java:50)- map的size=1
2020-09-07 14:22:24,277 INFO (SafeMap.java:34)- Thread-25setKeyNotify
2020-09-07 14:22:24,277 INFO (SafeMap.java:50)- map的size=1
2020-09-07 14:22:24,278 INFO (SafeMap.java:34)- Thread-36setKeyNotify
2020-09-07 14:22:24,278 INFO (SafeMap.java:50)- map的size=1
2020-09-07 14:22:24,278 INFO (SafeMap.java:34)- Thread-68setKeyNotify
2020-09-07 14:22:24,278 INFO (SafeMap.java:50)- map的size=1
2020-09-07 14:22:24,278 INFO (SafeMap.java:34)- Thread-55setKeyNotify
2020-09-07 14:22:24,278 INFO (SafeMap.java:50)- map的size=1
2020-09-07 14:22:24,279 INFO (SafeMap.java:34)- Thread-84setKeyNotify
2020-09-07 14:22:24,279 INFO (SafeMap.java:50)- map的size=1
2020-09-07 14:22:24,279 INFO (SafeMap.java:34)- Thread-23setKeyNotify
2020-09-07 14:22:24,279 INFO (SafeMap.java:50)- map的size=1
2020-09-07 14:22:24,279 INFO (SafeMap.java:34)- Thread-73setKeyNotify
2020-09-07 14:22:24,279 INFO (SafeMap.java:50)- map的size=1
2020-09-07 14:22:24,279 INFO (SafeMap.java:34)- Thread-60setKeyNotify
2020-09-07 14:22:24,279 INFO (SafeMap.java:50)- map的size=1
2020-09-07 14:22:24,280 INFO (SafeMap.java:54)- Thread-93getKeyWait
2020-09-07 14:22:24,280 INFO (SafeMap.java:50)- map的size=0
2020-09-07 14:22:24,280 INFO (SafeMap.java:63)- Thread-97getKeyNotify
2020-09-07 14:22:24,280 INFO (SafeMap.java:25)- Thread-97setKeyWait
2020-09-07 14:22:24,280 INFO (SafeMap.java:50)- map的size=1
2020-09-07 14:22:24,280 INFO (SafeMap.java:34)- Thread-80setKeyNotify
2020-09-07 14:22:24,280 INFO (SafeMap.java:50)- map的size=1
2020-09-07 14:22:24,281 INFO (SafeMap.java:34)- Thread-2setKeyNotify
2020-09-07 14:22:24,281 INFO (SafeMap.java:50)- map的size=1
2020-09-07 14:22:24,281 INFO (SafeMap.java:34)- Thread-4setKeyNotify
2020-09-07 14:22:24,281 INFO (SafeMap.java:50)- map的size=1
2020-09-07 14:22:24,281 INFO (SafeMap.java:34)- Thread-82setKeyNotify
2020-09-07 14:22:24,281 INFO (SafeMap.java:50)- map的size=1
2020-09-07 14:22:24,281 INFO (SafeMap.java:34)- Thread-89setKeyNotify
2020-09-07 14:22:24,281 INFO (SafeMap.java:50)- map的size=1
2020-09-07 14:22:24,281 INFO (SafeMap.java:34)- Thread-37setKeyNotify
2020-09-07 14:22:24,282 INFO (SafeMap.java:50)- map的size=1
2020-09-07 14:22:24,282 INFO (SafeMap.java:34)- Thread-51setKeyNotify
2020-09-07 14:22:24,282 INFO (SafeMap.java:50)- map的size=1
2020-09-07 14:22:24,282 INFO (SafeMap.java:34)- Thread-28setKeyNotify
2020-09-07 14:22:24,282 INFO (SafeMap.java:50)- map的size=1
2020-09-07 14:22:24,283 INFO (SafeMap.java:34)- Thread-14setKeyNotify
2020-09-07 14:22:24,283 INFO (SafeMap.java:50)- map的size=1
2020-09-07 14:22:24,283 INFO (SafeMap.java:54)- Thread-14getKeyWait
2020-09-07 14:22:24,283 INFO (SafeMap.java:50)- map的size=0
2020-09-07 14:22:24,283 INFO (SafeMap.java:63)- Thread-45getKeyNotify
2020-09-07 14:22:24,283 INFO (SafeMap.java:25)- Thread-45setKeyWait
2020-09-07 14:22:24,284 INFO (SafeMap.java:50)- map的size=1
2020-09-07 14:22:24,284 INFO (SafeMap.java:34)- Thread-6setKeyNotify
2020-09-07 14:22:24,284 INFO (SafeMap.java:50)- map的size=1
2020-09-07 14:22:24,284 INFO (SafeMap.java:34)- Thread-90setKeyNotify
2020-09-07 14:22:24,284 INFO (SafeMap.java:50)- map的size=1
2020-09-07 14:22:24,284 INFO (SafeMap.java:34)- Thread-66setKeyNotify
2020-09-07 14:22:24,284 INFO (SafeMap.java:50)- map的size=1
2020-09-07 14:22:24,284 INFO (SafeMap.java:34)- Thread-62setKeyNotify
2020-09-07 14:22:24,284 INFO (SafeMap.java:50)- map的size=1
2020-09-07 14:22:24,285 INFO (SafeMap.java:34)- Thread-101setKeyNotify
2020-09-07 14:22:24,285 INFO (SafeMap.java:50)- map的size=1
2020-09-07 14:22:24,285 INFO (SafeMap.java:34)- Thread-64setKeyNotify
2020-09-07 14:22:24,285 INFO (SafeMap.java:50)- map的size=1
2020-09-07 14:22:24,285 INFO (SafeMap.java:34)- Thread-3setKeyNotify
2020-09-07 14:22:24,285 INFO (SafeMap.java:50)- map的size=1
2020-09-07 14:22:24,286 INFO (SafeMap.java:34)- Thread-78setKeyNotify
2020-09-07 14:22:24,286 INFO (SafeMap.java:50)- map的size=1
2020-09-07 14:22:24,286 INFO (SafeMap.java:34)- Thread-74setKeyNotify
2020-09-07 14:22:24,286 INFO (SafeMap.java:50)- map的size=1
2020-09-07 14:22:24,286 INFO (SafeMap.java:34)- Thread-9setKeyNotify
2020-09-07 14:22:24,286 INFO (SafeMap.java:50)- map的size=1
