2020-09-07 14:41:42,918 INFO (StartupInfoLogger.java:61)- Started CountDownTest in 3.93 seconds (JVM running for 5.425)
2020-09-07 14:41:43,047 INFO (SafeMap.java:25)- Thread-6setKeyWait
2020-09-07 14:41:43,047 INFO (SafeMap.java:34)- Thread-2setKeyNotify
2020-09-07 14:41:43,048 INFO (SafeMap.java:34)- Thread-5setKeyNotify
2020-09-07 14:41:43,048 INFO (SafeMap.java:34)- Thread-3setKeyNotify
2020-09-07 14:41:43,049 INFO (SafeMap.java:34)- Thread-4setKeyNotify
2020-09-07 14:41:43,049 INFO (SafeMap.java:50)- map的size=1
2020-09-07 14:41:43,049 INFO (SafeMap.java:55)- Thread-3getKeyWait
2020-09-07 14:41:43,049 INFO (SafeMap.java:50)- map的size=0
2020-09-07 14:41:43,050 INFO (SafeMap.java:64)- Thread-5getKeyNotify
2020-09-07 14:41:43,050 INFO (SafeMap.java:25)- Thread-5setKeyWait
2020-09-07 14:41:43,054 INFO (SafeMap.java:50)- map的size=1
2020-09-07 14:41:43,054 INFO (SafeMap.java:34)- Thread-2setKeyNotify
2020-09-07 14:41:43,055 INFO (SafeMap.java:50)- map的size=1
2020-09-07 14:41:43,055 INFO (SafeMap.java:55)- Thread-2getKeyWait
2020-09-07 14:41:43,056 INFO (SafeMap.java:25)- Thread-3setKeyWait
2020-09-07 14:41:43,056 INFO (SafeMap.java:50)- map的size=1
2020-09-07 14:41:43,056 INFO (SafeMap.java:34)- Thread-4setKeyNotify
2020-09-07 14:41:43,056 INFO (SafeMap.java:50)- map的size=1
2020-09-07 14:41:43,056 INFO (SafeMap.java:34)- Thread-6setKeyNotify
2020-09-07 14:41:43,056 INFO (SafeMap.java:50)- map的size=1
2020-09-07 14:41:43,057 INFO (SafeMap.java:55)- Thread-5getKeyWait
2020-09-07 14:41:43,057 INFO (SafeMap.java:50)- map的size=0
2020-09-07 14:41:43,057 INFO (SafeMap.java:64)- Thread-6getKeyNotify
2020-09-07 14:41:43,057 INFO (SafeMap.java:50)- map的size=0
2020-09-07 14:41:43,057 INFO (SafeMap.java:64)- Thread-3getKeyNotify
2020-09-07 14:41:43,058 INFO (SafeMap.java:50)- map的size=0
2020-09-07 14:41:43,058 INFO (SafeMap.java:64)- Thread-4getKeyNotify
