2020-09-07 13:52:37,268 INFO (StartupInfoLogger.java:61)- Started CountDownTest in 3.92 seconds (JVM running for 5.419)
2020-09-07 13:52:37,404 INFO (SafeMap.java:25)- Thread-4notify
2020-09-07 13:52:37,406 INFO (SafeMap.java:29)- Thread-15wait
2020-09-07 13:52:37,406 INFO (SafeMap.java:29)- Thread-7wait
2020-09-07 13:52:37,406 INFO (SafeMap.java:29)- Thread-9wait
2020-09-07 13:52:37,407 INFO (SafeMap.java:29)- Thread-17wait
2020-09-07 13:52:37,407 INFO (SafeMap.java:29)- Thread-16wait
2020-09-07 13:52:37,407 INFO (SafeMap.java:29)- Thread-20wait
2020-09-07 13:52:37,407 INFO (SafeMap.java:29)- Thread-19wait
2020-09-07 13:52:37,408 INFO (SafeMap.java:29)- Thread-12wait
2020-09-07 13:52:37,408 INFO (SafeMap.java:29)- Thread-10wait
2020-09-07 13:52:37,412 INFO (SafeMap.java:29)- Thread-11wait
2020-09-07 13:52:37,413 INFO (SafeMap.java:29)- Thread-3wait
2020-09-07 13:52:37,413 INFO (SafeMap.java:29)- Thread-6wait
2020-09-07 13:52:37,413 INFO (SafeMap.java:29)- Thread-13wait
2020-09-07 13:52:37,414 INFO (SafeMap.java:29)- Thread-5wait
2020-09-07 13:52:37,414 INFO (SafeMap.java:29)- Thread-14wait
2020-09-07 13:52:37,414 INFO (SafeMap.java:29)- Thread-2wait
2020-09-07 13:52:37,414 INFO (SafeMap.java:29)- Thread-8wait
2020-09-07 13:52:37,414 INFO (SafeMap.java:29)- Thread-18wait
2020-09-07 13:52:37,414 INFO (SafeMap.java:29)- Thread-21wait
2020-09-07 13:52:37,415 INFO (SafeMap.java:48)- Thread-4notify
2020-09-07 13:52:37,415 INFO (SafeMap.java:25)- Thread-4notify
2020-09-07 13:52:37,415 INFO (SafeMap.java:48)- Thread-4notify
2020-09-07 13:52:37,439 INFO (JsonToJsonAop.java:67)- 当前线程=Thread-4, json转换结果result={"high":0,"creatTime":0,"fix":false,"name":"lijiaxing","age":"11"}
2020-09-07 13:53:29,628 INFO (StartupInfoLogger.java:55)- Starting CountDownTest on SKY-20200628CJA with PID 28724 (started by My in C:\Users\My\IdeaProjects\customize)
2020-09-07 13:53:29,630 DEBUG (StartupInfoLogger.java:56)- Running with Spring Boot v2.3.3.RELEASE, Spring v5.2.8.RELEASE
2020-09-07 13:53:29,631 INFO (SpringApplication.java:651)- No active profile set, falling back to default profiles: default
