2020-09-07 13:59:38,546 INFO (SafeMap.java:35)- Thread-21setKeyNotify
2020-09-07 13:59:38,549 INFO (SafeMap.java:54)- Thread-14getKeyWait
2020-09-07 13:59:38,550 INFO (SafeMap.java:64)- Thread-21getKeyNotify
2020-09-07 13:59:38,550 INFO (SafeMap.java:64)- Thread-15getKeyNotify
2020-09-07 13:59:38,550 INFO (SafeMap.java:25)- Thread-15setKeyWait
2020-09-07 13:59:38,550 INFO (SafeMap.java:54)- Thread-4getKeyWait
2020-09-07 13:59:38,550 INFO (SafeMap.java:64)- Thread-3getKeyNotify
2020-09-07 13:59:38,551 INFO (SafeMap.java:64)- Thread-17getKeyNotify
2020-09-07 13:59:38,551 INFO (SafeMap.java:64)- Thread-5getKeyNotify
2020-09-07 13:59:38,551 INFO (SafeMap.java:25)- Thread-5setKeyWait
2020-09-07 13:59:38,551 INFO (SafeMap.java:54)- Thread-15getKeyWait
2020-09-07 13:59:38,552 INFO (SafeMap.java:64)- Thread-19getKeyNotify
2020-09-07 13:59:38,552 INFO (SafeMap.java:64)- Thread-5getKeyNotify
2020-09-07 13:59:38,595 INFO (JsonToJsonAop.java:67)- 当前线程=Thread-7, json转换结果result={"high":0,"creatTime":0,"fix":false,"name":"lijiaxing","age":"11"}
2020-09-07 13:59:38,595 INFO (JsonToJsonAop.java:67)- 当前线程=Thread-2, json转换结果result={"high":0,"creatTime":0,"fix":false,"name":"lijiaxing","age":"11"}
2020-09-07 13:59:38,592 INFO (JsonToJsonAop.java:67)- 当前线程=Thread-21, json转换结果result={"high":0,"creatTime":0,"fix":false,"name":"lijiaxing","age":"11"}
2020-09-07 13:59:38,596 INFO (JsonToJsonAop.java:67)- 当前线程=Thread-14, json转换结果result={"high":0,"creatTime":0,"fix":false,"name":"lijiaxing","age":"11"}
2020-09-07 13:59:38,596 INFO (JsonToJsonAop.java:67)- 当前线程=Thread-18, json转换结果result={"high":0,"creatTime":0,"fix":false,"name":"lijiaxing","age":"11"}
2020-09-07 13:59:38,593 INFO (JsonToJsonAop.java:67)- 当前线程=Thread-4, json转换结果result={"high":0,"creatTime":0,"fix":false,"name":"lijiaxing","age":"11"}
2020-09-07 13:59:38,598 INFO (JsonToJsonAop.java:67)- 当前线程=Thread-17, json转换结果result={"high":0,"creatTime":0,"fix":false,"name":"lijiaxing","age":"11"}
2020-09-07 13:59:38,594 INFO (JsonToJsonAop.java:67)- 当前线程=Thread-13, json转换结果result={"high":0,"creatTime":0,"fix":false,"name":"lijiaxing","age":"11"}
2020-09-07 13:59:38,592 INFO (JsonToJsonAop.java:67)- 当前线程=Thread-12, json转换结果result={"high":0,"creatTime":0,"fix":false,"name":"lijiaxing","age":"11"}
2020-09-07 13:59:38,598 INFO (JsonToJsonAop.java:67)- 当前线程=Thread-6, json转换结果result={"high":0,"creatTime":0,"fix":false,"name":"lijiaxing","age":"11"}
2020-09-07 13:59:38,593 INFO (JsonToJsonAop.java:67)- 当前线程=Thread-16, json转换结果result={"high":0,"creatTime":0,"fix":false,"name":"lijiaxing","age":"11"}
2020-09-07 13:59:38,598 INFO (JsonToJsonAop.java:67)- 当前线程=Thread-10, json转换结果result={"high":0,"creatTime":0,"fix":false,"name":"lijiaxing","age":"11"}
2020-09-07 13:59:38,595 INFO (JsonToJsonAop.java:67)- 当前线程=Thread-15, json转换结果result={"high":0,"creatTime":0,"fix":false,"name":"lijiaxing","age":"11"}
2020-09-07 13:59:38,594 INFO (JsonToJsonAop.java:67)- 当前线程=Thread-8, json转换结果result={"high":0,"creatTime":0,"fix":false,"name":"lijiaxing","age":"11"}
2020-09-07 13:59:38,595 INFO (JsonToJsonAop.java:67)- 当前线程=Thread-5, json转换结果result={"high":0,"creatTime":0,"fix":false,"name":"lijiaxing","age":"11"}
2020-09-07 13:59:38,596 INFO (JsonToJsonAop.java:67)- 当前线程=Thread-19, json转换结果result={"high":0,"creatTime":0,"fix":false,"name":"lijiaxing","age":"11"}
2020-09-07 13:59:38,594 INFO (JsonToJsonAop.java:67)- 当前线程=Thread-9, json转换结果result={"high":0,"creatTime":0,"fix":false,"name":"lijiaxing","age":"11"}
2020-09-07 13:59:38,598 INFO (JsonToJsonAop.java:67)- 当前线程=Thread-11, json转换结果result={"high":0,"creatTime":0,"fix":false,"name":"lijiaxing","age":"11"}
2020-09-07 13:59:38,593 INFO (JsonToJsonAop.java:67)- 当前线程=Thread-20, json转换结果result={"high":0,"creatTime":0,"fix":false,"name":"lijiaxing","age":"11"}
2020-09-07 13:59:38,594 INFO (JsonToJsonAop.java:67)- 当前线程=Thread-3, json转换结果result={"high":0,"creatTime":0,"fix":false,"name":"lijiaxing","age":"11"}
2020-09-07 14:04:09,685 INFO (StartupInfoLogger.java:55)- Starting CountDownTest on SKY-20200628CJA with PID 6392 (started by My in C:\Users\My\IdeaProjects\customize)
2020-09-07 14:04:09,686 DEBUG (StartupInfoLogger.java:56)- Running with Spring Boot v2.3.3.RELEASE, Spring v5.2.8.RELEASE
2020-09-07 14:04:09,687 INFO (SpringApplication.java:651)- No active profile set, falling back to default profiles: default
