2020-09-07 13:53:33,321 INFO (SafeMap.java:48)- Thread-14notify
2020-09-07 13:53:33,325 INFO (SafeMap.java:53)- Thread-8wait
2020-09-07 13:53:33,325 INFO (SafeMap.java:53)- Thread-4wait
2020-09-07 13:53:33,325 INFO (SafeMap.java:53)- Thread-21wait
2020-09-07 13:53:33,326 INFO (SafeMap.java:25)- Thread-21notify
2020-09-07 13:53:33,326 INFO (SafeMap.java:48)- Thread-16notify
2020-09-07 13:53:33,326 INFO (SafeMap.java:53)- Thread-2wait
2020-09-07 13:53:33,327 INFO (SafeMap.java:53)- Thread-15wait
2020-09-07 13:53:33,327 INFO (SafeMap.java:53)- Thread-19wait
2020-09-07 13:53:33,328 INFO (SafeMap.java:53)- Thread-21wait
2020-09-07 13:53:33,361 INFO (JsonToJsonAop.java:67)- 当前线程=Thread-4, json转换结果result={"high":0,"creatTime":0,"fix":false,"name":"lijiaxing","age":"11"}
2020-09-07 13:53:33,363 INFO (JsonToJsonAop.java:67)- 当前线程=Thread-8, json转换结果result={"high":0,"creatTime":0,"fix":false,"name":"lijiaxing","age":"11"}
2020-09-07 13:53:33,361 INFO (JsonToJsonAop.java:67)- 当前线程=Thread-6, json转换结果result={"high":0,"creatTime":0,"fix":false,"name":"lijiaxing","age":"11"}
2020-09-07 13:53:33,365 INFO (JsonToJsonAop.java:67)- 当前线程=Thread-3, json转换结果result={"high":0,"creatTime":0,"fix":false,"name":"lijiaxing","age":"11"}
2020-09-07 13:53:33,366 INFO (JsonToJsonAop.java:67)- 当前线程=Thread-5, json转换结果result={"high":0,"creatTime":0,"fix":false,"name":"lijiaxing","age":"11"}
2020-09-07 13:53:33,366 INFO (JsonToJsonAop.java:67)- 当前线程=Thread-20, json转换结果result={"high":0,"creatTime":0,"fix":false,"name":"lijiaxing","age":"11"}
2020-09-07 13:53:33,363 INFO (JsonToJsonAop.java:67)- 当前线程=Thread-11, json转换结果result={"high":0,"creatTime":0,"fix":false,"name":"lijiaxing","age":"11"}
2020-09-07 13:53:33,370 INFO (JsonToJsonAop.java:67)- 当前线程=Thread-19, json转换结果result={"high":0,"creatTime":0,"fix":false,"name":"lijiaxing","age":"11"}
2020-09-07 13:53:33,366 INFO (JsonToJsonAop.java:67)- 当前线程=Thread-16, json转换结果result={"high":0,"creatTime":0,"fix":false,"name":"lijiaxing","age":"11"}
2020-09-07 13:53:33,364 INFO (JsonToJsonAop.java:67)- 当前线程=Thread-17, json转换结果result={"high":0,"creatTime":0,"fix":false,"name":"lijiaxing","age":"11"}
2020-09-07 13:53:33,368 INFO (JsonToJsonAop.java:67)- 当前线程=Thread-2, json转换结果result={"high":0,"creatTime":0,"fix":false,"name":"lijiaxing","age":"11"}
2020-09-07 13:53:33,368 INFO (JsonToJsonAop.java:67)- 当前线程=Thread-21, json转换结果result={"high":0,"creatTime":0,"fix":false,"name":"lijiaxing","age":"11"}
2020-09-07 13:53:33,370 INFO (JsonToJsonAop.java:67)- 当前线程=Thread-18, json转换结果result={"high":0,"creatTime":0,"fix":false,"name":"lijiaxing","age":"11"}
2020-09-07 13:53:33,362 INFO (JsonToJsonAop.java:67)- 当前线程=Thread-14, json转换结果result={"high":0,"creatTime":0,"fix":false,"name":"lijiaxing","age":"11"}
2020-09-07 13:53:33,363 INFO (JsonToJsonAop.java:67)- 当前线程=Thread-9, json转换结果result={"high":0,"creatTime":0,"fix":false,"name":"lijiaxing","age":"11"}
2020-09-07 13:53:33,361 INFO (JsonToJsonAop.java:67)- 当前线程=Thread-10, json转换结果result={"high":0,"creatTime":0,"fix":false,"name":"lijiaxing","age":"11"}
2020-09-07 13:53:33,365 INFO (JsonToJsonAop.java:67)- 当前线程=Thread-13, json转换结果result={"high":0,"creatTime":0,"fix":false,"name":"lijiaxing","age":"11"}
2020-09-07 13:53:33,361 INFO (JsonToJsonAop.java:67)- 当前线程=Thread-15, json转换结果result={"high":0,"creatTime":0,"fix":false,"name":"lijiaxing","age":"11"}
2020-09-07 13:53:33,366 INFO (JsonToJsonAop.java:67)- 当前线程=Thread-12, json转换结果result={"high":0,"creatTime":0,"fix":false,"name":"lijiaxing","age":"11"}
2020-09-07 13:53:33,363 INFO (JsonToJsonAop.java:67)- 当前线程=Thread-7, json转换结果result={"high":0,"creatTime":0,"fix":false,"name":"lijiaxing","age":"11"}
2020-09-07 13:57:03,664 INFO (StartupInfoLogger.java:55)- Starting CountDownTest on SKY-20200628CJA with PID 14400 (started by My in C:\Users\My\IdeaProjects\customize)
2020-09-07 13:57:03,666 DEBUG (StartupInfoLogger.java:56)- Running with Spring Boot v2.3.3.RELEASE, Spring v5.2.8.RELEASE
2020-09-07 13:57:03,667 INFO (SpringApplication.java:651)- No active profile set, falling back to default profiles: default
