2020-09-07 14:24:56,925 INFO (StartupInfoLogger.java:61)- Started CountDownTest in 3.957 seconds (JVM running for 5.409)
2020-09-07 14:24:57,088 INFO (SafeMap.java:25)- Thread-66setKeyWait
2020-09-07 14:24:57,089 INFO (SafeMap.java:34)- Thread-58setKeyNotify
2020-09-07 14:24:57,089 INFO (SafeMap.java:34)- Thread-23setKeyNotify
2020-09-07 14:24:57,090 INFO (SafeMap.java:50)- map的size=1
2020-09-07 14:24:57,091 INFO (SafeMap.java:54)- Thread-58getKeyWait
2020-09-07 14:24:57,091 INFO (SafeMap.java:25)- Thread-30setKeyWait
2020-09-07 14:24:57,091 INFO (SafeMap.java:34)- Thread-24setKeyNotify
2020-09-07 14:24:57,092 INFO (SafeMap.java:34)- Thread-32setKeyNotify
2020-09-07 14:24:57,092 INFO (SafeMap.java:50)- map的size=1
2020-09-07 14:24:57,096 INFO (SafeMap.java:54)- Thread-32getKeyWait
2020-09-07 14:24:57,097 INFO (SafeMap.java:25)- Thread-32setKeyWait
2020-09-07 14:24:57,097 INFO (SafeMap.java:34)- Thread-14setKeyNotify
2020-09-07 14:24:57,097 INFO (SafeMap.java:34)- Thread-19setKeyNotify
2020-09-07 14:24:57,097 INFO (SafeMap.java:34)- Thread-46setKeyNotify
2020-09-07 14:24:57,098 INFO (SafeMap.java:34)- Thread-60setKeyNotify
2020-09-07 14:24:57,098 INFO (SafeMap.java:34)- Thread-20setKeyNotify
2020-09-07 14:24:57,098 INFO (SafeMap.java:34)- Thread-68setKeyNotify
2020-09-07 14:24:57,098 INFO (SafeMap.java:34)- Thread-101setKeyNotify
2020-09-07 14:24:57,098 INFO (SafeMap.java:34)- Thread-37setKeyNotify
2020-09-07 14:24:57,098 INFO (SafeMap.java:34)- Thread-72setKeyNotify
2020-09-07 14:24:57,099 INFO (SafeMap.java:34)- Thread-93setKeyNotify
2020-09-07 14:24:57,099 INFO (SafeMap.java:34)- Thread-84setKeyNotify
2020-09-07 14:24:57,099 INFO (SafeMap.java:34)- Thread-64setKeyNotify
2020-09-07 14:24:57,099 INFO (SafeMap.java:34)- Thread-56setKeyNotify
2020-09-07 14:24:57,099 INFO (SafeMap.java:34)- Thread-98setKeyNotify
2020-09-07 14:24:57,100 INFO (SafeMap.java:34)- Thread-61setKeyNotify
2020-09-07 14:24:57,100 INFO (SafeMap.java:34)- Thread-41setKeyNotify
