2020-09-07 14:22:24,243 INFO (SafeMap.java:50)- map的size=1
2020-09-07 14:22:24,245 INFO (SafeMap.java:34)- Thread-21setKeyNotify
2020-09-07 14:22:24,245 INFO (SafeMap.java:50)- map的size=1
2020-09-07 14:22:24,246 INFO (SafeMap.java:34)- Thread-77setKeyNotify
2020-09-07 14:22:24,246 INFO (SafeMap.java:50)- map的size=1
2020-09-07 14:22:24,246 INFO (SafeMap.java:34)- Thread-42setKeyNotify
2020-09-07 14:22:24,246 INFO (SafeMap.java:50)- map的size=1
2020-09-07 14:22:24,246 INFO (SafeMap.java:34)- Thread-52setKeyNotify
2020-09-07 14:22:24,246 INFO (SafeMap.java:50)- map的size=1
2020-09-07 14:22:24,247 INFO (SafeMap.java:34)- Thread-13setKeyNotify
2020-09-07 14:22:24,247 INFO (SafeMap.java:50)- map的size=1
2020-09-07 14:22:24,247 INFO (SafeMap.java:34)- Thread-54setKeyNotify
2020-09-07 14:22:24,247 INFO (SafeMap.java:50)- map的size=1
2020-09-07 14:22:24,247 INFO (SafeMap.java:34)- Thread-16setKeyNotify
2020-09-07 14:22:24,247 INFO (SafeMap.java:50)- map的size=1
2020-09-07 14:22:24,247 INFO (SafeMap.java:34)- Thread-86setKeyNotify
2020-09-07 14:22:24,248 INFO (SafeMap.java:50)- map的size=1
2020-09-07 14:22:24,248 INFO (SafeMap.java:34)- Thread-88setKeyNotify
2020-09-07 14:22:24,248 INFO (SafeMap.java:50)- map的size=1
2020-09-07 14:22:24,248 INFO (SafeMap.java:34)- Thread-75setKeyNotify
2020-09-07 14:22:24,248 INFO (SafeMap.java:50)- map的size=1
2020-09-07 14:22:24,248 INFO (SafeMap.java:34)- Thread-11setKeyNotify
2020-09-07 14:22:24,248 INFO (SafeMap.java:50)- map的size=1
2020-09-07 14:22:24,248 INFO (SafeMap.java:34)- Thread-17setKeyNotify
2020-09-07 14:22:24,249 INFO (SafeMap.java:50)- map的size=1
2020-09-07 14:22:24,249 INFO (SafeMap.java:54)- Thread-17getKeyWait
2020-09-07 14:22:24,249 INFO (SafeMap.java:50)- map的size=0
2020-09-07 14:22:24,250 INFO (SafeMap.java:63)- Thread-44getKeyNotify
2020-09-07 14:22:24,250 INFO (SafeMap.java:25)- Thread-44setKeyWait
2020-09-07 14:22:24,250 INFO (SafeMap.java:34)- Thread-27setKeyNotify
2020-09-07 14:22:24,251 INFO (SafeMap.java:50)- map的size=1
2020-09-07 14:22:24,251 INFO (SafeMap.java:34)- Thread-27setKeyNotify
