2020-09-07 14:48:55,320 INFO (StartupInfoLogger.java:61)- Started CountDownTest in 4.042 seconds (JVM running for 5.465)
2020-09-07 14:48:56,271 INFO (SafeMap.java:25)- Thread-5setKeyWait
2020-09-07 14:48:56,271 INFO (SafeMap.java:34)- Thread-4setKeyNotify
2020-09-07 14:48:56,272 INFO (SafeMap.java:34)- Thread-6setKeyNotify
2020-09-07 14:48:56,272 INFO (SafeMap.java:34)- Thread-2setKeyNotify
2020-09-07 14:48:56,272 INFO (SafeMap.java:34)- Thread-3setKeyNotify
2020-09-07 14:48:56,272 INFO (SafeMap.java:50)- map的size=1
2020-09-07 14:48:56,272 INFO (SafeMap.java:55)- Thread-2getKeyWait
2020-09-07 14:48:56,273 INFO (SafeMap.java:50)- map的size=0
2020-09-07 14:48:56,273 INFO (SafeMap.java:64)- Thread-6getKeyNotify
2020-09-07 14:48:56,273 INFO (SafeMap.java:50)- map的size=0
2020-09-07 14:48:56,277 INFO (SafeMap.java:64)- Thread-4getKeyNotify
2020-09-07 14:48:56,277 INFO (SafeMap.java:25)- Thread-4setKeyWait
2020-09-07 14:48:56,278 INFO (SafeMap.java:34)- Thread-6setKeyNotify
2020-09-07 14:48:56,278 INFO (SafeMap.java:34)- Thread-2setKeyNotify
2020-09-07 14:48:56,278 INFO (SafeMap.java:50)- map的size=1
2020-09-07 14:48:56,278 INFO (SafeMap.java:34)- Thread-3setKeyNotify
2020-09-07 14:48:56,278 INFO (SafeMap.java:50)- map的size=1
2020-09-07 14:48:56,278 INFO (SafeMap.java:55)- Thread-2getKeyWait
2020-09-07 14:48:56,279 INFO (SafeMap.java:50)- map的size=0
2020-09-07 14:48:56,279 INFO (SafeMap.java:64)- Thread-6getKeyNotify
2020-09-07 14:48:56,279 INFO (SafeMap.java:50)- map的size=0
2020-09-07 14:48:56,279 INFO (SafeMap.java:64)- Thread-5getKeyNotify
2020-09-07 14:48:56,279 INFO (SafeMap.java:25)- Thread-5setKeyWait
2020-09-07 14:48:56,279 INFO (SafeMap.java:50)- map的size=1
2020-09-07 14:48:56,280 INFO (SafeMap.java:55)- Thread-4getKeyWait
2020-09-07 14:48:56,280 INFO (SafeMap.java:50)- map的size=0
2020-09-07 14:48:56,280 INFO (SafeMap.java:64)- Thread-3getKeyNotify
