2020-09-10 20:04:02,599 INFO (StartupInfoLogger.java:61)- Started CountDownTest in 5.037 seconds (JVM running for 7.117)
2020-09-10 20:04:03,227 INFO (SafeMap.java:26)- Thread-3setKeyWait
2020-09-10 20:04:03,228 INFO (SafeMap.java:35)- Thread-5setKeyNotify
2020-09-10 20:04:03,228 INFO (SafeMap.java:35)- Thread-2setKeyNotify
2020-09-10 20:04:03,229 INFO (SafeMap.java:35)- Thread-4setKeyNotify
2020-09-10 20:04:03,229 INFO (SafeMap.java:51)- map的size=1
2020-09-10 20:04:03,229 INFO (SafeMap.java:56)- Thread-4getKeyWait
2020-09-10 20:04:03,230 INFO (SafeMap.java:26)- Thread-6setKeyWait
2020-09-10 20:04:03,230 INFO (SafeMap.java:51)- map的size=1
2020-09-10 20:04:03,230 INFO (SafeMap.java:56)- Thread-2getKeyWait
2020-09-10 20:04:03,230 INFO (SafeMap.java:51)- map的size=0
2020-09-10 20:04:03,307 INFO (SafeMap.java:65)- Thread-5getKeyNotify
2020-09-10 20:04:03,307 INFO (SafeMap.java:26)- Thread-5setKeyWait
2020-09-10 20:04:03,307 INFO (SafeMap.java:35)- Thread-4setKeyNotify
2020-09-10 20:04:03,307 INFO (SafeMap.java:51)- map的size=1
2020-09-10 20:04:03,307 INFO (SafeMap.java:56)- Thread-4getKeyWait
2020-09-10 20:04:03,307 INFO (SafeMap.java:51)- map的size=0
2020-09-10 20:04:03,307 INFO (SafeMap.java:65)- Thread-6getKeyNotify
2020-09-10 20:04:03,308 INFO (SafeMap.java:26)- Thread-6setKeyWait
2020-09-10 20:04:03,308 INFO (SafeMap.java:51)- map的size=1
2020-09-10 20:04:03,308 INFO (SafeMap.java:35)- Thread-3setKeyNotify
2020-09-10 20:04:03,308 INFO (SafeMap.java:51)- map的size=1
2020-09-10 20:04:03,308 INFO (SafeMap.java:56)- Thread-3getKeyWait
2020-09-10 20:04:03,308 INFO (SafeMap.java:26)- Thread-2setKeyWait
2020-09-10 20:04:03,308 INFO (SafeMap.java:51)- map的size=1
2020-09-10 20:04:03,309 INFO (SafeMap.java:56)- Thread-5getKeyWait
2020-09-10 20:04:40,643 INFO (StartupInfoLogger.java:55)- Starting CountDownTest on SKY-20200628CJA with PID 21048 (started by My in C:\Users\My\IdeaProjects\customize)
2020-09-10 20:04:40,644 DEBUG (StartupInfoLogger.java:56)- Running with Spring Boot v2.3.3.RELEASE, Spring v5.2.8.RELEASE
2020-09-10 20:04:40,645 INFO (SpringApplication.java:651)- No active profile set, falling back to default profiles: default
