2020-09-10 20:02:35,197 INFO (SafeMap.java:51)- map的size=1
2020-09-10 20:02:35,200 INFO (SafeMap.java:56)- Thread-4getKeyWait
2020-09-10 20:02:35,200 INFO (SafeMap.java:26)- Thread-6setKeyWait
2020-09-10 20:02:35,200 INFO (SafeMap.java:51)- map的size=1
2020-09-10 20:02:35,200 INFO (SafeMap.java:35)- Thread-3setKeyNotify
2020-09-10 20:02:35,200 INFO (SafeMap.java:51)- map的size=1
2020-09-10 20:02:35,200 INFO (SafeMap.java:56)- Thread-2getKeyWait
2020-09-10 20:02:35,200 INFO (SafeMap.java:51)- map的size=0
2020-09-10 20:02:35,201 INFO (SafeMap.java:65)- Thread-5getKeyNotify
2020-09-10 20:02:35,201 INFO (SafeMap.java:26)- Thread-5setKeyWait
2020-09-10 20:02:35,201 INFO (SafeMap.java:51)- map的size=1
2020-09-10 20:02:35,201 INFO (SafeMap.java:56)- Thread-3getKeyWait
2020-09-10 20:02:35,201 INFO (SafeMap.java:51)- map的size=0
2020-09-10 20:02:35,202 INFO (SafeMap.java:65)- Thread-6getKeyNotify
2020-09-10 20:02:35,231 INFO (JsonToJsonAop.java:71)- 当前线程=Thread-4, json转换结果result={"high":0,"creatTime":0,"fix":false,"name":"lijiaxing","age":"11"}
2020-09-10 20:02:35,231 INFO (JsonToJsonAop.java:71)- 当前线程=Thread-6, json转换结果result={"high":0,"creatTime":0,"fix":false,"name":"lijiaxing","age":"11"}
2020-09-10 20:02:35,231 INFO (JsonToJsonAop.java:71)- 当前线程=Thread-2, json转换结果result={"high":0,"creatTime":0,"fix":false,"name":"lijiaxing","age":"11"}
2020-09-10 20:02:35,247 INFO (JsonToBeanService.java:25)- 转换结果=Men(name=lijiaxing, age=11, high=0, fix=false, creatTime=0)
2020-09-10 20:02:35,247 INFO (JsonToBeanService.java:25)- 转换结果=Men(name=lijiaxing, age=11, high=0, fix=false, creatTime=0)
2020-09-10 20:02:35,247 INFO (JsonToBeanService.java:25)- 转换结果=Men(name=lijiaxing, age=11, high=0, fix=false, creatTime=0)
2020-09-10 20:03:58,280 INFO (StartupInfoLogger.java:55)- Starting CountDownTest on SKY-20200628CJA with PID 26348 (started by My in C:\Users\My\IdeaProjects\customize)
2020-09-10 20:03:58,281 DEBUG (StartupInfoLogger.java:56)- Running with Spring Boot v2.3.3.RELEASE, Spring v5.2.8.RELEASE
2020-09-10 20:03:58,282 INFO (SpringApplication.java:651)- No active profile set, falling back to default profiles: default
