2020-09-07 14:22:24,358 INFO (SafeMap.java:63)- Thread-57getKeyNotify
2020-09-07 14:22:24,367 INFO (SafeMap.java:50)- map的size=0
2020-09-07 14:22:24,379 INFO (SafeMap.java:63)- Thread-35getKeyNotify
2020-09-07 14:22:24,379 INFO (SafeMap.java:25)- Thread-35setKeyWait
2020-09-07 14:22:24,380 INFO (SafeMap.java:50)- map的size=1
2020-09-07 14:22:24,380 INFO (SafeMap.java:54)- Thread-19getKeyWait
2020-09-07 14:22:24,392 INFO (JsonToJsonAop.java:67)- 当前线程=Thread-78, json转换结果result={"high":0,"creatTime":0,"fix":false,"name":"lijiaxing","age":"11"}
2020-09-07 14:22:24,408 INFO (JsonToJsonAop.java:67)- 当前线程=Thread-45, json转换结果result={"high":0,"creatTime":0,"fix":false,"name":"lijiaxing","age":"11"}
2020-09-07 14:22:24,406 INFO (JsonToJsonAop.java:67)- 当前线程=Thread-65, json转换结果result={"high":0,"creatTime":0,"fix":false,"name":"lijiaxing","age":"11"}
2020-09-07 14:22:24,415 INFO (JsonToJsonAop.java:67)- 当前线程=Thread-71, json转换结果result={"high":0,"creatTime":0,"fix":false,"name":"lijiaxing","age":"11"}
2020-09-07 14:22:24,397 INFO (JsonToJsonAop.java:67)- 当前线程=Thread-56, json转换结果result={"high":0,"creatTime":0,"fix":false,"name":"lijiaxing","age":"11"}
2020-09-07 14:22:24,415 INFO (JsonToJsonAop.java:67)- 当前线程=Thread-72, json转换结果result={"high":0,"creatTime":0,"fix":false,"name":"lijiaxing","age":"11"}
2020-09-07 14:22:24,408 INFO (JsonToJsonAop.java:67)- 当前线程=Thread-57, json转换结果result={"high":0,"creatTime":0,"fix":false,"name":"lijiaxing","age":"11"}
2020-09-07 14:22:24,405 INFO (JsonToJsonAop.java:67)- 当前线程=Thread-84, json转换结果result={"high":0,"creatTime":0,"fix":false,"name":"lijiaxing","age":"11"}
2020-09-07 14:22:24,407 INFO (JsonToJsonAop.java:67)- 当前线程=Thread-33, json转换结果result={"high":0,"creatTime":0,"fix":false,"name":"lijiaxing","age":"11"}
2020-09-07 14:22:24,408 INFO (JsonToJsonAop.java:67)- 当前线程=Thread-73, json转换结果result={"high":0,"creatTime":0,"fix":false,"name":"lijiaxing","age":"11"}
2020-09-07 14:22:24,417 INFO (JsonToJsonAop.java:67)- 当前线程=Thread-90, json转换结果result={"high":0,"creatTime":0,"fix":false,"name":"lijiaxing","age":"11"}
2020-09-07 14:22:24,417 INFO (JsonToJsonAop.java:67)- 当前线程=Thread-54, json转换结果result={"high":0,"creatTime":0,"fix":false,"name":"lijiaxing","age":"11"}
2020-09-07 14:22:24,401 INFO (JsonToJsonAop.java:67)- 当前线程=Thread-75, json转换结果result={"high":0,"creatTime":0,"fix":false,"name":"lijiaxing","age":"11"}
2020-09-07 14:22:24,409 INFO (JsonToJsonAop.java:67)- 当前线程=Thread-95, json转换结果result={"high":0,"creatTime":0,"fix":false,"name":"lijiaxing","age":"11"}
2020-09-07 14:22:24,419 INFO (JsonToJsonAop.java:67)- 当前线程=Thread-2, json转换结果result={"high":0,"creatTime":0,"fix":false,"name":"lijiaxing","age":"11"}
2020-09-07 14:22:24,397 INFO (JsonToJsonAop.java:67)- 当前线程=Thread-53, json转换结果result={"high":0,"creatTime":0,"fix":false,"name":"lijiaxing","age":"11"}
2020-09-07 14:22:24,419 INFO (JsonToJsonAop.java:67)- 当前线程=Thread-42, json转换结果result={"high":0,"creatTime":0,"fix":false,"name":"lijiaxing","age":"11"}
2020-09-07 14:22:24,396 INFO (JsonToJsonAop.java:67)- 当前线程=Thread-60, json转换结果result={"high":0,"creatTime":0,"fix":false,"name":"lijiaxing","age":"11"}
2020-09-07 14:22:24,406 INFO (JsonToJsonAop.java:67)- 当前线程=Thread-100, json转换结果result={"high":0,"creatTime":0,"fix":false,"name":"lijiaxing","age":"11"}
2020-09-07 14:22:24,399 INFO (JsonToJsonAop.java:67)- 当前线程=Thread-36, json转换结果result={"high":0,"creatTime":0,"fix":false,"name":"lijiaxing","age":"11"}
2020-09-07 14:22:24,393 INFO (JsonToJsonAop.java:67)- 当前线程=Thread-46, json转换结果result={"high":0,"creatTime":0,"fix":false,"name":"lijiaxing","age":"11"}
2020-09-07 14:22:24,404 INFO (JsonToJsonAop.java:67)- 当前线程=Thread-59, json转换结果result={"high":0,"creatTime":0,"fix":false,"name":"lijiaxing","age":"11"}
2020-09-07 14:22:24,424 INFO (JsonToJsonAop.java:67)- 当前线程=Thread-27, json转换结果result={"high":0,"creatTime":0,"fix":false,"name":"lijiaxing","age":"11"}
2020-09-07 14:22:24,424 INFO (JsonToJsonAop.java:67)- 当前线程=Thread-34, json转换结果result={"high":0,"creatTime":0,"fix":false,"name":"lijiaxing","age":"11"}
2020-09-07 14:22:24,411 INFO (JsonToJsonAop.java:67)- 当前线程=Thread-82, json转换结果result={"high":0,"creatTime":0,"fix":false,"name":"lijiaxing","age":"11"}
2020-09-07 14:22:24,424 INFO (JsonToJsonAop.java:67)- 当前线程=Thread-9, json转换结果result={"high":0,"creatTime":0,"fix":false,"name":"lijiaxing","age":"11"}
2020-09-07 14:22:24,425 INFO (JsonToJsonAop.java:67)- 当前线程=Thread-51, json转换结果result={"high":0,"creatTime":0,"fix":false,"name":"lijiaxing","age":"11"}
2020-09-07 14:22:24,425 INFO (JsonToJsonAop.java:67)- 当前线程=Thread-70, json转换结果result={"high":0,"creatTime":0,"fix":false,"name":"lijiaxing","age":"11"}
2020-09-07 14:22:24,402 INFO (JsonToJsonAop.java:67)- 当前线程=Thread-7, json转换结果result={"high":0,"creatTime":0,"fix":false,"name":"lijiaxing","age":"11"}
2020-09-07 14:22:24,422 INFO (JsonToJsonAop.java:67)- 当前线程=Thread-49, json转换结果result={"high":0,"creatTime":0,"fix":false,"name":"lijiaxing","age":"11"}
2020-09-07 14:22:24,426 INFO (JsonToJsonAop.java:67)- 当前线程=Thread-14, json转换结果result={"high":0,"creatTime":0,"fix":false,"name":"lijiaxing","age":"11"}
2020-09-07 14:22:24,399 INFO (JsonToJsonAop.java:67)- 当前线程=Thread-98, json转换结果result={"high":0,"creatTime":0,"fix":false,"name":"lijiaxing","age":"11"}
2020-09-07 14:22:24,426 INFO (JsonToJsonAop.java:67)- 当前线程=Thread-96, json转换结果result={"high":0,"creatTime":0,"fix":false,"name":"lijiaxing","age":"11"}
2020-09-07 14:22:24,412 INFO (JsonToJsonAop.java:67)- 当前线程=Thread-48, json转换结果result={"high":0,"creatTime":0,"fix":false,"name":"lijiaxing","age":"11"}
2020-09-07 14:22:24,412 INFO (JsonToJsonAop.java:67)- 当前线程=Thread-22, json转换结果result={"high":0,"creatTime":0,"fix":false,"name":"lijiaxing","age":"11"}
2020-09-07 14:22:24,429 INFO (JsonToJsonAop.java:67)- 当前线程=Thread-62, json转换结果result={"high":0,"creatTime":0,"fix":false,"name":"lijiaxing","age":"11"}
2020-09-07 14:22:24,399 INFO (JsonToJsonAop.java:67)- 当前线程=Thread-67, json转换结果result={"high":0,"creatTime":0,"fix":false,"name":"lijiaxing","age":"11"}
2020-09-07 14:22:24,413 INFO (JsonToJsonAop.java:67)- 当前线程=Thread-50, json转换结果result={"high":0,"creatTime":0,"fix":false,"name":"lijiaxing","age":"11"}
2020-09-07 14:22:24,399 INFO (JsonToJsonAop.java:67)- 当前线程=Thread-3, json转换结果result={"high":0,"creatTime":0,"fix":false,"name":"lijiaxing","age":"11"}
2020-09-07 14:22:24,431 INFO (JsonToJsonAop.java:67)- 当前线程=Thread-5, json转换结果result={"high":0,"creatTime":0,"fix":false,"name":"lijiaxing","age":"11"}
2020-09-07 14:22:24,432 INFO (JsonToJsonAop.java:67)- 当前线程=Thread-21, json转换结果result={"high":0,"creatTime":0,"fix":false,"name":"lijiaxing","age":"11"}
2020-09-07 14:22:24,414 INFO (JsonToJsonAop.java:67)- 当前线程=Thread-28, json转换结果result={"high":0,"creatTime":0,"fix":false,"name":"lijiaxing","age":"11"}
2020-09-07 14:22:24,414 INFO (JsonToJsonAop.java:67)- 当前线程=Thread-97, json转换结果result={"high":0,"creatTime":0,"fix":false,"name":"lijiaxing","age":"11"}
2020-09-07 14:22:24,433 INFO (JsonToJsonAop.java:67)- 当前线程=Thread-81, json转换结果result={"high":0,"creatTime":0,"fix":false,"name":"lijiaxing","age":"11"}
2020-09-07 14:22:24,434 INFO (JsonToJsonAop.java:67)- 当前线程=Thread-8, json转换结果result={"high":0,"creatTime":0,"fix":false,"name":"lijiaxing","age":"11"}
2020-09-07 14:22:24,405 INFO (JsonToJsonAop.java:67)- 当前线程=Thread-52, json转换结果result={"high":0,"creatTime":0,"fix":false,"name":"lijiaxing","age":"11"}
2020-09-07 14:22:24,435 INFO (JsonToJsonAop.java:67)- 当前线程=Thread-92, json转换结果result={"high":0,"creatTime":0,"fix":false,"name":"lijiaxing","age":"11"}
2020-09-07 14:22:24,436 INFO (JsonToJsonAop.java:67)- 当前线程=Thread-12, json转换结果result={"high":0,"creatTime":0,"fix":false,"name":"lijiaxing","age":"11"}
2020-09-07 14:22:24,401 INFO (JsonToJsonAop.java:67)- 当前线程=Thread-37, json转换结果result={"high":0,"creatTime":0,"fix":false,"name":"lijiaxing","age":"11"}
2020-09-07 14:22:24,436 INFO (JsonToJsonAop.java:67)- 当前线程=Thread-66, json转换结果result={"high":0,"creatTime":0,"fix":false,"name":"lijiaxing","age":"11"}
2020-09-07 14:22:24,437 INFO (JsonToJsonAop.java:67)- 当前线程=Thread-32, json转换结果result={"high":0,"creatTime":0,"fix":false,"name":"lijiaxing","age":"11"}
2020-09-07 14:22:24,437 INFO (JsonToJsonAop.java:67)- 当前线程=Thread-41, json转换结果result={"high":0,"creatTime":0,"fix":false,"name":"lijiaxing","age":"11"}
2020-09-07 14:22:24,393 INFO (JsonToJsonAop.java:67)- 当前线程=Thread-68, json转换结果result={"high":0,"creatTime":0,"fix":false,"name":"lijiaxing","age":"11"}
2020-09-07 14:22:24,438 INFO (JsonToJsonAop.java:67)- 当前线程=Thread-77, json转换结果result={"high":0,"creatTime":0,"fix":false,"name":"lijiaxing","age":"11"}
2020-09-07 14:22:24,397 INFO (JsonToJsonAop.java:67)- 当前线程=Thread-24, json转换结果result={"high":0,"creatTime":0,"fix":false,"name":"lijiaxing","age":"11"}
2020-09-07 14:22:24,439 INFO (JsonToJsonAop.java:67)- 当前线程=Thread-25, json转换结果result={"high":0,"creatTime":0,"fix":false,"name":"lijiaxing","age":"11"}
2020-09-07 14:22:24,397 INFO (JsonToJsonAop.java:67)- 当前线程=Thread-30, json转换结果result={"high":0,"creatTime":0,"fix":false,"name":"lijiaxing","age":"11"}
2020-09-07 14:22:24,440 INFO (JsonToJsonAop.java:67)- 当前线程=Thread-63, json转换结果result={"high":0,"creatTime":0,"fix":false,"name":"lijiaxing","age":"11"}
2020-09-07 14:22:24,419 INFO (JsonToJsonAop.java:67)- 当前线程=Thread-23, json转换结果result={"high":0,"creatTime":0,"fix":false,"name":"lijiaxing","age":"11"}
2020-09-07 14:22:24,441 INFO (JsonToJsonAop.java:67)- 当前线程=Thread-20, json转换结果result={"high":0,"creatTime":0,"fix":false,"name":"lijiaxing","age":"11"}
2020-09-07 14:22:24,442 INFO (JsonToJsonAop.java:67)- 当前线程=Thread-31, json转换结果result={"high":0,"creatTime":0,"fix":false,"name":"lijiaxing","age":"11"}
2020-09-07 14:22:24,442 INFO (JsonToJsonAop.java:67)- 当前线程=Thread-43, json转换结果result={"high":0,"creatTime":0,"fix":false,"name":"lijiaxing","age":"11"}
2020-09-07 14:22:24,443 INFO (JsonToJsonAop.java:67)- 当前线程=Thread-6, json转换结果result={"high":0,"creatTime":0,"fix":false,"name":"lijiaxing","age":"11"}
2020-09-07 14:22:24,444 INFO (JsonToJsonAop.java:67)- 当前线程=Thread-87, json转换结果result={"high":0,"creatTime":0,"fix":false,"name":"lijiaxing","age":"11"}
2020-09-07 14:22:24,424 INFO (JsonToJsonAop.java:67)- 当前线程=Thread-99, json转换结果result={"high":0,"creatTime":0,"fix":false,"name":"lijiaxing","age":"11"}
2020-09-07 14:22:24,444 INFO (JsonToJsonAop.java:67)- 当前线程=Thread-80, json转换结果result={"high":0,"creatTime":0,"fix":false,"name":"lijiaxing","age":"11"}
2020-09-07 14:22:24,435 INFO (JsonToJsonAop.java:67)- 当前线程=Thread-79, json转换结果result={"high":0,"creatTime":0,"fix":false,"name":"lijiaxing","age":"11"}
2020-09-07 14:22:24,445 INFO (JsonToJsonAop.java:67)- 当前线程=Thread-86, json转换结果result={"high":0,"creatTime":0,"fix":false,"name":"lijiaxing","age":"11"}
2020-09-07 14:22:24,446 INFO (JsonToJsonAop.java:67)- 当前线程=Thread-89, json转换结果result={"high":0,"creatTime":0,"fix":false,"name":"lijiaxing","age":"11"}
2020-09-07 14:22:24,446 INFO (JsonToJsonAop.java:67)- 当前线程=Thread-39, json转换结果result={"high":0,"creatTime":0,"fix":false,"name":"lijiaxing","age":"11"}
2020-09-07 14:22:24,446 INFO (JsonToJsonAop.java:67)- 当前线程=Thread-11, json转换结果result={"high":0,"creatTime":0,"fix":false,"name":"lijiaxing","age":"11"}
2020-09-07 14:22:24,447 INFO (JsonToJsonAop.java:67)- 当前线程=Thread-61, json转换结果result={"high":0,"creatTime":0,"fix":false,"name":"lijiaxing","age":"11"}
2020-09-07 14:22:24,448 INFO (JsonToJsonAop.java:67)- 当前线程=Thread-40, json转换结果result={"high":0,"creatTime":0,"fix":false,"name":"lijiaxing","age":"11"}
2020-09-07 14:22:24,449 INFO (JsonToJsonAop.java:67)- 当前线程=Thread-38, json转换结果result={"high":0,"creatTime":0,"fix":false,"name":"lijiaxing","age":"11"}
2020-09-07 14:22:24,449 INFO (JsonToJsonAop.java:67)- 当前线程=Thread-58, json转换结果result={"high":0,"creatTime":0,"fix":false,"name":"lijiaxing","age":"11"}
2020-09-07 14:22:24,450 INFO (JsonToJsonAop.java:67)- 当前线程=Thread-17, json转换结果result={"high":0,"creatTime":0,"fix":false,"name":"lijiaxing","age":"11"}
2020-09-07 14:22:24,451 INFO (JsonToJsonAop.java:67)- 当前线程=Thread-101, json转换结果result={"high":0,"creatTime":0,"fix":false,"name":"lijiaxing","age":"11"}
2020-09-07 14:22:24,451 INFO (JsonToJsonAop.java:67)- 当前线程=Thread-13, json转换结果result={"high":0,"creatTime":0,"fix":false,"name":"lijiaxing","age":"11"}
2020-09-07 14:22:24,453 INFO (JsonToJsonAop.java:67)- 当前线程=Thread-64, json转换结果result={"high":0,"creatTime":0,"fix":false,"name":"lijiaxing","age":"11"}
2020-09-07 14:22:24,453 INFO (JsonToJsonAop.java:67)- 当前线程=Thread-69, json转换结果result={"high":0,"creatTime":0,"fix":false,"name":"lijiaxing","age":"11"}
2020-09-07 14:22:24,454 INFO (JsonToJsonAop.java:67)- 当前线程=Thread-55, json转换结果result={"high":0,"creatTime":0,"fix":false,"name":"lijiaxing","age":"11"}
2020-09-07 14:22:24,455 INFO (JsonToJsonAop.java:67)- 当前线程=Thread-10, json转换结果result={"high":0,"creatTime":0,"fix":false,"name":"lijiaxing","age":"11"}
2020-09-07 14:22:24,456 INFO (JsonToJsonAop.java:67)- 当前线程=Thread-74, json转换结果result={"high":0,"creatTime":0,"fix":false,"name":"lijiaxing","age":"11"}
2020-09-07 14:22:24,457 INFO (JsonToJsonAop.java:67)- 当前线程=Thread-93, json转换结果result={"high":0,"creatTime":0,"fix":false,"name":"lijiaxing","age":"11"}
2020-09-07 14:22:24,456 INFO (JsonToJsonAop.java:67)- 当前线程=Thread-91, json转换结果result={"high":0,"creatTime":0,"fix":false,"name":"lijiaxing","age":"11"}
2020-09-07 14:22:24,458 INFO (JsonToJsonAop.java:67)- 当前线程=Thread-88, json转换结果result={"high":0,"creatTime":0,"fix":false,"name":"lijiaxing","age":"11"}
2020-09-07 14:22:24,460 INFO (JsonToJsonAop.java:67)- 当前线程=Thread-47, json转换结果result={"high":0,"creatTime":0,"fix":false,"name":"lijiaxing","age":"11"}
2020-09-07 14:22:24,460 INFO (JsonToJsonAop.java:67)- 当前线程=Thread-44, json转换结果result={"high":0,"creatTime":0,"fix":false,"name":"lijiaxing","age":"11"}
2020-09-07 14:22:24,460 INFO (JsonToJsonAop.java:67)- 当前线程=Thread-83, json转换结果result={"high":0,"creatTime":0,"fix":false,"name":"lijiaxing","age":"11"}
2020-09-07 14:22:24,461 INFO (JsonToJsonAop.java:67)- 当前线程=Thread-76, json转换结果result={"high":0,"creatTime":0,"fix":false,"name":"lijiaxing","age":"11"}
2020-09-07 14:22:24,462 INFO (JsonToJsonAop.java:67)- 当前线程=Thread-16, json转换结果result={"high":0,"creatTime":0,"fix":false,"name":"lijiaxing","age":"11"}
2020-09-07 14:22:24,462 INFO (JsonToJsonAop.java:67)- 当前线程=Thread-94, json转换结果result={"high":0,"creatTime":0,"fix":false,"name":"lijiaxing","age":"11"}
2020-09-07 14:22:24,463 INFO (JsonToJsonAop.java:67)- 当前线程=Thread-15, json转换结果result={"high":0,"creatTime":0,"fix":false,"name":"lijiaxing","age":"11"}
2020-09-07 14:22:24,464 INFO (JsonToJsonAop.java:67)- 当前线程=Thread-26, json转换结果result={"high":0,"creatTime":0,"fix":false,"name":"lijiaxing","age":"11"}
2020-09-07 14:22:24,464 INFO (JsonToJsonAop.java:67)- 当前线程=Thread-4, json转换结果result={"high":0,"creatTime":0,"fix":false,"name":"lijiaxing","age":"11"}
2020-09-07 14:22:24,464 INFO (JsonToJsonAop.java:67)- 当前线程=Thread-18, json转换结果result={"high":0,"creatTime":0,"fix":false,"name":"lijiaxing","age":"11"}
2020-09-07 14:22:24,466 INFO (JsonToJsonAop.java:67)- 当前线程=Thread-29, json转换结果result={"high":0,"creatTime":0,"fix":false,"name":"lijiaxing","age":"11"}
2020-09-07 14:22:24,467 INFO (JsonToJsonAop.java:67)- 当前线程=Thread-85, json转换结果result={"high":0,"creatTime":0,"fix":false,"name":"lijiaxing","age":"11"}
2020-09-07 14:24:53,339 INFO (StartupInfoLogger.java:55)- Starting CountDownTest on SKY-20200628CJA with PID 32652 (started by My in C:\Users\My\IdeaProjects\customize)
2020-09-07 14:24:53,340 DEBUG (StartupInfoLogger.java:56)- Running with Spring Boot v2.3.3.RELEASE, Spring v5.2.8.RELEASE
2020-09-07 14:24:53,341 INFO (SpringApplication.java:651)- No active profile set, falling back to default profiles: default
