2020-09-10 20:04:45,139 INFO (StartupInfoLogger.java:61)- Started CountDownTest in 4.936 seconds (JVM running for 8.619)
2020-09-10 20:04:45,309 INFO (SafeMap.java:26)- Thread-5setKeyWait
2020-09-10 20:04:45,310 INFO (SafeMap.java:35)- Thread-3setKeyNotify
2020-09-10 20:04:45,310 INFO (SafeMap.java:35)- Thread-4setKeyNotify
2020-09-10 20:04:45,310 INFO (SafeMap.java:35)- Thread-6setKeyNotify
2020-09-10 20:04:45,311 INFO (SafeMap.java:35)- Thread-2setKeyNotify
2020-09-10 20:04:45,311 INFO (SafeMap.java:51)- map的size=1
2020-09-10 20:04:45,311 INFO (SafeMap.java:56)- Thread-6getKeyWait
2020-09-10 20:04:45,311 INFO (SafeMap.java:51)- map的size=0
2020-09-10 20:04:45,312 INFO (SafeMap.java:65)- Thread-4getKeyNotify
2020-09-10 20:04:45,312 INFO (SafeMap.java:26)- Thread-4setKeyWait
2020-09-10 20:04:45,315 INFO (SafeMap.java:51)- map的size=1
2020-09-10 20:04:45,316 INFO (SafeMap.java:35)- Thread-3setKeyNotify
2020-09-10 20:04:45,316 INFO (SafeMap.java:51)- map的size=1
2020-09-10 20:04:45,316 INFO (SafeMap.java:56)- Thread-3getKeyWait
2020-09-10 20:04:45,316 INFO (SafeMap.java:51)- map的size=0
2020-09-10 20:04:45,317 INFO (SafeMap.java:65)- Thread-2getKeyNotify
2020-09-10 20:04:45,317 INFO (SafeMap.java:26)- Thread-2setKeyWait
2020-09-10 20:04:45,317 INFO (SafeMap.java:51)- map的size=1
2020-09-10 20:04:45,317 INFO (SafeMap.java:56)- Thread-4getKeyWait
2020-09-10 20:04:45,317 INFO (SafeMap.java:51)- map的size=0
2020-09-10 20:04:45,318 INFO (SafeMap.java:65)- Thread-5getKeyNotify
2020-09-10 20:04:45,318 INFO (SafeMap.java:26)- Thread-5setKeyWait
2020-09-10 20:04:45,320 INFO (SafeMap.java:35)- Thread-6setKeyNotify
2020-09-10 20:04:45,320 INFO (SafeMap.java:51)- map的size=1
2020-09-10 20:04:45,320 INFO (SafeMap.java:56)- Thread-6getKeyWait
2020-09-10 20:04:45,321 INFO (SafeMap.java:51)- map的size=0
2020-09-10 20:04:45,321 INFO (SafeMap.java:65)- Thread-2getKeyNotify
