2020-09-07 13:49:57,923 INFO (StartupInfoLogger.java:61)- Started CountDownTest in 4.677 seconds (JVM running for 6.306)
2020-09-07 13:49:58,064 INFO (SafeMap.java:25)- Thread-18notify
2020-09-07 13:49:58,064 INFO (SafeMap.java:29)- Thread-9wait
2020-09-07 13:49:58,065 INFO (SafeMap.java:29)- Thread-12wait
2020-09-07 13:49:58,065 INFO (SafeMap.java:29)- Thread-8wait
2020-09-07 13:49:58,065 INFO (SafeMap.java:29)- Thread-21wait
2020-09-07 13:49:58,065 INFO (SafeMap.java:29)- Thread-16wait
2020-09-07 13:49:58,066 INFO (SafeMap.java:29)- Thread-6wait
2020-09-07 13:49:58,066 INFO (SafeMap.java:29)- Thread-10wait
2020-09-07 13:49:58,066 INFO (SafeMap.java:29)- Thread-14wait
2020-09-07 13:49:58,067 INFO (SafeMap.java:29)- Thread-5wait
2020-09-07 13:49:58,071 INFO (SafeMap.java:29)- Thread-17wait
2020-09-07 13:49:58,071 INFO (SafeMap.java:29)- Thread-13wait
2020-09-07 13:49:58,071 INFO (SafeMap.java:29)- Thread-11wait
2020-09-07 13:49:58,072 INFO (SafeMap.java:29)- Thread-4wait
2020-09-07 13:49:58,072 INFO (SafeMap.java:29)- Thread-7wait
2020-09-07 13:49:58,072 INFO (SafeMap.java:29)- Thread-3wait
2020-09-07 13:49:58,072 INFO (SafeMap.java:29)- Thread-20wait
2020-09-07 13:49:58,073 INFO (SafeMap.java:29)- Thread-15wait
2020-09-07 13:49:58,073 INFO (SafeMap.java:29)- Thread-2wait
2020-09-07 13:49:58,073 INFO (SafeMap.java:29)- Thread-19wait
2020-09-07 13:49:58,074 INFO (SafeMap.java:48)- Thread-18notify
2020-09-07 13:49:58,074 INFO (SafeMap.java:25)- Thread-18notify
2020-09-07 13:49:58,074 INFO (SafeMap.java:48)- Thread-18notify
2020-09-07 13:49:58,075 INFO (SafeMap.java:53)- Thread-12wait
2020-09-07 13:49:58,075 INFO (SafeMap.java:53)- Thread-8wait
2020-09-07 13:49:58,075 INFO (SafeMap.java:53)- Thread-9wait
2020-09-07 13:49:58,100 INFO (JsonToJsonAop.java:67)- 当前线程=Thread-18, json转换结果result={"high":0,"creatTime":0,"fix":false,"name":"lijiaxing","age":"11"}
2020-09-07 13:51:29,512 INFO (StartupInfoLogger.java:55)- Starting CountDownTest on SKY-20200628CJA with PID 18464 (started by My in C:\Users\My\IdeaProjects\customize)
2020-09-07 13:51:29,513 DEBUG (StartupInfoLogger.java:56)- Running with Spring Boot v2.3.3.RELEASE, Spring v5.2.8.RELEASE
2020-09-07 13:51:29,514 INFO (SpringApplication.java:651)- No active profile set, falling back to default profiles: default
