2020-09-07 14:26:07,784 INFO (StartupInfoLogger.java:61)- Started CountDownTest in 3.967 seconds (JVM running for 5.383)
2020-09-07 14:26:07,913 INFO (SafeMap.java:25)- Thread-4setKeyWait
2020-09-07 14:26:07,914 INFO (SafeMap.java:34)- Thread-2setKeyNotify
2020-09-07 14:26:07,914 INFO (SafeMap.java:34)- Thread-6setKeyNotify
2020-09-07 14:26:07,915 INFO (SafeMap.java:34)- Thread-5setKeyNotify
2020-09-07 14:26:07,915 INFO (SafeMap.java:34)- Thread-3setKeyNotify
2020-09-07 14:26:07,915 INFO (SafeMap.java:50)- map的size=1
2020-09-07 14:26:07,916 INFO (SafeMap.java:54)- Thread-5getKeyWait
2020-09-07 14:26:07,916 INFO (SafeMap.java:25)- Thread-5setKeyWait
2020-09-07 14:26:07,916 INFO (SafeMap.java:50)- map的size=1
2020-09-07 14:26:07,916 INFO (SafeMap.java:34)- Thread-6setKeyNotify
2020-09-07 14:26:07,920 INFO (SafeMap.java:50)- map的size=1
2020-09-07 14:26:07,921 INFO (SafeMap.java:34)- Thread-2setKeyNotify
2020-09-07 14:26:07,922 INFO (SafeMap.java:50)- map的size=1
2020-09-07 14:26:07,922 INFO (SafeMap.java:54)- Thread-2getKeyWait
2020-09-07 14:26:07,922 INFO (SafeMap.java:50)- map的size=0
2020-09-07 14:26:07,923 INFO (SafeMap.java:63)- Thread-6getKeyNotify
2020-09-07 14:26:07,923 INFO (SafeMap.java:50)- map的size=0
2020-09-07 14:26:07,923 INFO (SafeMap.java:63)- Thread-5getKeyNotify
2020-09-07 14:26:07,923 INFO (SafeMap.java:50)- map的size=0
2020-09-07 14:26:07,924 INFO (SafeMap.java:63)- Thread-3getKeyNotify
2020-09-07 14:26:07,924 INFO (SafeMap.java:50)- map的size=0
2020-09-07 14:26:07,924 INFO (SafeMap.java:63)- Thread-4getKeyNotify
2020-09-07 14:26:07,949 INFO (JsonToJsonAop.java:67)- 当前线程=Thread-2, json转换结果result={"high":0,"creatTime":0,"fix":false,"name":"lijiaxing","age":"11"}
2020-09-07 14:27:30,798 INFO (StartupInfoLogger.java:55)- Starting CountDownTest on SKY-20200628CJA with PID 30252 (started by My in C:\Users\My\IdeaProjects\customize)
2020-09-07 14:27:30,800 DEBUG (StartupInfoLogger.java:56)- Running with Spring Boot v2.3.3.RELEASE, Spring v5.2.8.RELEASE
2020-09-07 14:27:30,801 INFO (SpringApplication.java:651)- No active profile set, falling back to default profiles: default
