2020-09-16 23:44:37,012 INFO (ConsumerService.java:34)- 等待生产者生产商品
2020-09-16 23:44:37,019 INFO (ConsumerService.java:42)- 消费者消费商品=228
2020-09-16 23:44:37,019 INFO (ConsumerService.java:42)- 消费者消费商品=229
2020-09-16 23:44:37,019 INFO (ConsumerService.java:42)- 消费者消费商品=230
2020-09-16 23:44:37,020 INFO (ConsumerService.java:42)- 消费者消费商品=231
2020-09-16 23:44:37,020 INFO (ConsumerService.java:42)- 消费者消费商品=232
2020-09-16 23:44:37,020 INFO (ConsumerService.java:42)- 消费者消费商品=233
2020-09-16 23:44:37,020 INFO (ConsumerService.java:42)- 消费者消费商品=234
2020-09-16 23:44:37,021 INFO (ConsumerService.java:42)- 消费者消费商品=235
2020-09-16 23:44:37,021 INFO (ConsumerService.java:42)- 消费者消费商品=236
2020-09-16 23:44:37,021 INFO (ConsumerService.java:42)- 消费者消费商品=237
2020-09-16 23:44:37,022 INFO (ConsumerService.java:34)- 等待生产者生产商品
2020-09-16 23:44:37,022 INFO (ConsumerService.java:42)- 消费者消费商品=238
2020-09-16 23:44:37,022 INFO (ConsumerService.java:42)- 消费者消费商品=239
2020-09-16 23:44:37,022 INFO (ConsumerService.java:42)- 消费者消费商品=240
2020-09-16 23:44:37,022 INFO (ConsumerService.java:42)- 消费者消费商品=241
2020-09-16 23:44:37,023 INFO (ConsumerService.java:42)- 消费者消费商品=242
2020-09-16 23:44:37,023 INFO (ConsumerService.java:42)- 消费者消费商品=243
2020-09-16 23:44:37,023 INFO (ConsumerService.java:42)- 消费者消费商品=244
2020-09-16 23:44:37,023 INFO (ConsumerService.java:42)- 消费者消费商品=245
2020-09-16 23:44:37,023 INFO (ConsumerService.java:42)- 消费者消费商品=246
2020-09-16 23:44:37,024 INFO (ConsumerService.java:42)- 消费者消费商品=247
2020-09-16 23:44:37,024 INFO (ConsumerService.java:34)- 等待生产者生产商品
2020-09-16 23:44:37,024 INFO (ConsumerService.java:42)- 消费者消费商品=248
2020-09-16 23:44:37,024 INFO (ConsumerService.java:42)- 消费者消费商品=249
2020-09-16 23:44:37,025 INFO (ConsumerService.java:42)- 消费者消费商品=250
2020-09-16 23:44:37,025 INFO (ConsumerService.java:42)- 消费者消费商品=251
2020-09-16 23:44:37,025 INFO (ConsumerService.java:42)- 消费者消费商品=252
2020-09-16 23:44:37,025 INFO (ConsumerService.java:42)- 消费者消费商品=253
2020-09-16 23:44:37,025 INFO (ConsumerService.java:42)- 消费者消费商品=254
2020-09-16 23:44:37,026 INFO (ConsumerService.java:42)- 消费者消费商品=255
2020-09-16 23:44:37,026 INFO (ConsumerService.java:42)- 消费者消费商品=256
2020-09-16 23:44:37,027 INFO (ConsumerService.java:42)- 消费者消费商品=257
2020-09-16 23:44:37,027 INFO (ConsumerService.java:34)- 等待生产者生产商品
2020-09-16 23:44:37,027 INFO (ConsumerService.java:42)- 消费者消费商品=258
2020-09-16 23:44:37,028 INFO (ConsumerService.java:42)- 消费者消费商品=259
2020-09-16 23:44:37,030 INFO (ConsumerService.java:42)- 消费者消费商品=260
2020-09-16 23:44:37,032 INFO (ConsumerService.java:42)- 消费者消费商品=261
2020-09-16 23:44:37,034 INFO (ConsumerService.java:42)- 消费者消费商品=262
2020-09-16 23:44:37,035 INFO (ConsumerService.java:42)- 消费者消费商品=263
2020-09-16 23:44:37,035 INFO (ConsumerService.java:42)- 消费者消费商品=264
2020-09-16 23:44:37,035 INFO (ConsumerService.java:42)- 消费者消费商品=265
2020-09-16 23:44:37,035 INFO (ConsumerService.java:42)- 消费者消费商品=266
2020-09-16 23:44:37,035 INFO (ConsumerService.java:42)- 消费者消费商品=267
2020-09-16 23:44:37,036 INFO (ConsumerService.java:42)- 消费者消费商品=268
2020-09-16 23:44:37,036 INFO (ConsumerService.java:42)- 消费者消费商品=269
2020-09-16 23:44:37,036 INFO (ConsumerService.java:34)- 等待生产者生产商品
2020-09-16 23:49:16,190 INFO (StartupInfoLogger.java:55)- Starting ConsumerAndProducerTest on SKY-20200628CJA with PID 3440 (started by My in C:\Users\My\IdeaProjects\customize)
2020-09-16 23:49:16,192 DEBUG (StartupInfoLogger.java:56)- Running with Spring Boot v2.3.3.RELEASE, Spring v5.2.8.RELEASE
2020-09-16 23:49:16,194 INFO (SpringApplication.java:651)- No active profile set, falling back to default profiles: default
