2020-09-07 13:59:38,404 INFO (StartupInfoLogger.java:61)- Started CountDownTest in 4.161 seconds (JVM running for 5.621)
2020-09-07 13:59:38,527 INFO (SafeMap.java:25)- Thread-5setKeyWait
2020-09-07 13:59:38,528 INFO (SafeMap.java:35)- Thread-2setKeyNotify
2020-09-07 13:59:38,528 INFO (SafeMap.java:35)- Thread-8setKeyNotify
2020-09-07 13:59:38,528 INFO (SafeMap.java:35)- Thread-6setKeyNotify
2020-09-07 13:59:38,529 INFO (SafeMap.java:35)- Thread-12setKeyNotify
2020-09-07 13:59:38,529 INFO (SafeMap.java:35)- Thread-10setKeyNotify
2020-09-07 13:59:38,529 INFO (SafeMap.java:35)- Thread-7setKeyNotify
2020-09-07 13:59:38,529 INFO (SafeMap.java:35)- Thread-18setKeyNotify
2020-09-07 13:59:38,529 INFO (SafeMap.java:35)- Thread-20setKeyNotify
2020-09-07 13:59:38,533 INFO (SafeMap.java:35)- Thread-13setKeyNotify
2020-09-07 13:59:38,534 INFO (SafeMap.java:35)- Thread-16setKeyNotify
2020-09-07 13:59:38,534 INFO (SafeMap.java:35)- Thread-3setKeyNotify
2020-09-07 13:59:38,534 INFO (SafeMap.java:54)- Thread-3getKeyWait
2020-09-07 13:59:38,535 INFO (SafeMap.java:25)- Thread-17setKeyWait
2020-09-07 13:59:38,535 INFO (SafeMap.java:35)- Thread-11setKeyNotify
2020-09-07 13:59:38,535 INFO (SafeMap.java:35)- Thread-9setKeyNotify
2020-09-07 13:59:38,535 INFO (SafeMap.java:54)- Thread-9getKeyWait
2020-09-07 13:59:38,535 INFO (SafeMap.java:25)- Thread-19setKeyWait
2020-09-07 13:59:38,536 INFO (SafeMap.java:35)- Thread-21setKeyNotify
2020-09-07 13:59:38,536 INFO (SafeMap.java:35)- Thread-14setKeyNotify
2020-09-07 13:59:38,536 INFO (SafeMap.java:54)- Thread-14getKeyWait
2020-09-07 13:59:38,536 INFO (SafeMap.java:25)- Thread-4setKeyWait
2020-09-07 13:59:38,536 INFO (SafeMap.java:35)- Thread-15setKeyNotify
2020-09-07 13:59:38,537 INFO (SafeMap.java:35)- Thread-14setKeyNotify
2020-09-07 13:59:38,537 INFO (SafeMap.java:54)- Thread-21getKeyWait
2020-09-07 13:59:38,537 INFO (SafeMap.java:64)- Thread-4getKeyNotify
2020-09-07 13:59:38,537 INFO (SafeMap.java:25)- Thread-4setKeyWait
