2020-09-07 14:04:14,038 INFO (SafeMap.java:51)- map的size=1
2020-09-07 14:04:14,069 INFO (SafeMap.java:55)- Thread-13getKeyWait
2020-09-07 14:04:14,070 INFO (SafeMap.java:51)- map的size=0
2020-09-07 14:04:14,096 INFO (SafeMap.java:64)- Thread-21getKeyNotify
2020-09-07 14:04:14,097 INFO (SafeMap.java:25)- Thread-21setKeyWait
2020-09-07 14:04:14,097 INFO (SafeMap.java:35)- Thread-15setKeyNotify
2020-09-07 14:04:14,098 INFO (SafeMap.java:51)- map的size=1
2020-09-07 14:04:14,098 INFO (SafeMap.java:35)- Thread-11setKeyNotify
2020-09-07 14:04:14,098 INFO (SafeMap.java:51)- map的size=1
2020-09-07 14:04:14,099 INFO (SafeMap.java:55)- Thread-11getKeyWait
2020-09-07 14:04:14,099 INFO (SafeMap.java:25)- Thread-2setKeyWait
2020-09-07 14:04:14,099 INFO (SafeMap.java:51)- map的size=1
2020-09-07 14:04:14,100 INFO (SafeMap.java:35)- Thread-14setKeyNotify
2020-09-07 14:04:14,101 INFO (SafeMap.java:51)- map的size=1
2020-09-07 14:04:14,101 INFO (SafeMap.java:55)- Thread-14getKeyWait
2020-09-07 14:04:14,103 INFO (SafeMap.java:25)- Thread-20setKeyWait
2020-09-07 14:04:14,103 INFO (SafeMap.java:51)- map的size=1
2020-09-07 14:04:14,103 INFO (SafeMap.java:55)- Thread-3getKeyWait
2020-09-07 14:04:14,104 INFO (SafeMap.java:51)- map的size=0
2020-09-07 14:04:14,104 INFO (SafeMap.java:64)- Thread-19getKeyNotify
2020-09-07 14:04:14,104 INFO (SafeMap.java:51)- map的size=0
2020-09-07 14:04:14,107 INFO (SafeMap.java:64)- Thread-17getKeyNotify
2020-09-07 14:04:14,108 INFO (SafeMap.java:25)- Thread-4setKeyWait
2020-09-07 14:04:14,109 INFO (SafeMap.java:35)- Thread-10setKeyNotify
2020-09-07 14:04:14,109 INFO (SafeMap.java:51)- map的size=1
2020-09-07 14:04:14,110 INFO (SafeMap.java:55)- Thread-10getKeyWait
2020-09-07 14:04:14,111 INFO (SafeMap.java:51)- map的size=0
2020-09-07 14:04:14,111 INFO (SafeMap.java:64)- Thread-16getKeyNotify
2020-09-07 14:04:14,113 INFO (SafeMap.java:51)- map的size=0
2020-09-07 14:04:14,114 INFO (SafeMap.java:64)- Thread-20getKeyNotify
2020-09-07 14:04:14,114 INFO (SafeMap.java:51)- map的size=0
2020-09-07 14:04:14,114 INFO (SafeMap.java:64)- Thread-8getKeyNotify
2020-09-07 14:04:14,115 INFO (SafeMap.java:25)- Thread-8setKeyWait
2020-09-07 14:04:14,115 INFO (SafeMap.java:51)- map的size=1
2020-09-07 14:04:14,116 INFO (SafeMap.java:55)- Thread-2getKeyWait
2020-09-07 14:04:14,117 INFO (SafeMap.java:51)- map的size=0
2020-09-07 14:04:14,117 INFO (SafeMap.java:64)- Thread-15getKeyNotify
2020-09-07 14:04:14,118 INFO (SafeMap.java:51)- map的size=0
2020-09-07 14:04:14,118 INFO (SafeMap.java:64)- Thread-18getKeyNotify
2020-09-07 14:04:14,118 INFO (SafeMap.java:25)- Thread-18setKeyWait
2020-09-07 14:04:14,119 INFO (SafeMap.java:51)- map的size=1
2020-09-07 14:04:14,119 INFO (SafeMap.java:55)- Thread-21getKeyWait
2020-09-07 14:04:14,119 INFO (SafeMap.java:25)- Thread-13setKeyWait
2020-09-07 14:04:14,120 INFO (SafeMap.java:51)- map的size=1
2020-09-07 14:04:14,121 INFO (SafeMap.java:35)- Thread-7setKeyNotify
2020-09-07 14:04:14,124 INFO (SafeMap.java:51)- map的size=1
2020-09-07 14:04:14,124 INFO (SafeMap.java:55)- Thread-8getKeyWait
2020-09-07 14:04:14,125 INFO (SafeMap.java:51)- map的size=0
2020-09-07 14:04:14,126 INFO (SafeMap.java:64)- Thread-18getKeyNotify
2020-09-07 14:04:14,126 INFO (SafeMap.java:51)- map的size=0
2020-09-07 14:04:14,126 INFO (SafeMap.java:64)- Thread-4getKeyNotify
2020-09-07 14:04:14,127 INFO (SafeMap.java:51)- map的size=0
2020-09-07 14:04:14,128 INFO (SafeMap.java:64)- Thread-13getKeyNotify
2020-09-07 14:04:14,128 INFO (SafeMap.java:51)- map的size=0
2020-09-07 14:04:14,128 INFO (SafeMap.java:64)- Thread-7getKeyNotify
