2020-09-07 14:40:59,078 INFO (SafeMap.java:34)- Thread-3setKeyNotify
2020-09-07 14:40:59,084 INFO (SafeMap.java:34)- Thread-5setKeyNotify
2020-09-07 14:40:59,085 INFO (SafeMap.java:50)- map的size=1
2020-09-07 14:40:59,085 INFO (SafeMap.java:55)- Thread-3getKeyWait
2020-09-07 14:40:59,085 INFO (SafeMap.java:25)- Thread-3setKeyWait
2020-09-07 14:40:59,086 INFO (SafeMap.java:50)- map的size=1
2020-09-07 14:40:59,086 INFO (SafeMap.java:34)- Thread-2setKeyNotify
2020-09-07 14:40:59,086 INFO (SafeMap.java:50)- map的size=1
2020-09-07 14:40:59,086 INFO (SafeMap.java:34)- Thread-4setKeyNotify
2020-09-07 14:40:59,087 INFO (SafeMap.java:50)- map的size=1
2020-09-07 14:40:59,087 INFO (SafeMap.java:55)- Thread-4getKeyWait
2020-09-07 14:40:59,087 INFO (SafeMap.java:50)- map的size=0
2020-09-07 14:40:59,091 INFO (SafeMap.java:64)- Thread-2getKeyNotify
2020-09-07 14:40:59,092 INFO (SafeMap.java:50)- map的size=0
2020-09-07 14:40:59,092 INFO (SafeMap.java:64)- Thread-3getKeyNotify
2020-09-07 14:40:59,092 INFO (SafeMap.java:50)- map的size=0
2020-09-07 14:40:59,092 INFO (SafeMap.java:64)- Thread-5getKeyNotify
2020-09-07 14:40:59,092 INFO (SafeMap.java:50)- map的size=0
2020-09-07 14:40:59,093 INFO (SafeMap.java:64)- Thread-6getKeyNotify
2020-09-07 14:40:59,120 INFO (JsonToJsonAop.java:67)- 当前线程=Thread-4, json转换结果result={"high":0,"creatTime":0,"fix":false,"name":"lijiaxing","age":"11"}
2020-09-07 14:41:39,392 INFO (StartupInfoLogger.java:55)- Starting CountDownTest on SKY-20200628CJA with PID 27116 (started by My in C:\Users\My\IdeaProjects\customize)
2020-09-07 14:41:39,394 DEBUG (StartupInfoLogger.java:56)- Running with Spring Boot v2.3.3.RELEASE, Spring v5.2.8.RELEASE
2020-09-07 14:41:39,395 INFO (SpringApplication.java:651)- No active profile set, falling back to default profiles: default
