2020-09-07 14:24:57,158 INFO (JsonToJsonAop.java:67)- 当前线程=Thread-73, json转换结果result={"high":0,"creatTime":0,"fix":false,"name":"lijiaxing","age":"11"}
2020-09-07 14:24:57,164 INFO (JsonToJsonAop.java:67)- 当前线程=Thread-33, json转换结果result={"high":0,"creatTime":0,"fix":false,"name":"lijiaxing","age":"11"}
2020-09-07 14:24:57,161 INFO (JsonToJsonAop.java:67)- 当前线程=Thread-9, json转换结果result={"high":0,"creatTime":0,"fix":false,"name":"lijiaxing","age":"11"}
2020-09-07 14:24:57,158 INFO (JsonToJsonAop.java:67)- 当前线程=Thread-54, json转换结果result={"high":0,"creatTime":0,"fix":false,"name":"lijiaxing","age":"11"}
2020-09-07 14:24:57,159 INFO (JsonToJsonAop.java:67)- 当前线程=Thread-62, json转换结果result={"high":0,"creatTime":0,"fix":false,"name":"lijiaxing","age":"11"}
2020-09-07 14:24:57,162 INFO (JsonToJsonAop.java:67)- 当前线程=Thread-29, json转换结果result={"high":0,"creatTime":0,"fix":false,"name":"lijiaxing","age":"11"}
2020-09-07 14:24:57,160 INFO (JsonToJsonAop.java:67)- 当前线程=Thread-48, json转换结果result={"high":0,"creatTime":0,"fix":false,"name":"lijiaxing","age":"11"}
2020-09-07 14:24:57,158 INFO (JsonToJsonAop.java:67)- 当前线程=Thread-95, json转换结果result={"high":0,"creatTime":0,"fix":false,"name":"lijiaxing","age":"11"}
2020-09-07 14:24:57,167 INFO (SafeMap.java:34)- Thread-42setKeyNotify
2020-09-07 14:24:57,175 INFO (SafeMap.java:50)- map的size=1
2020-09-07 14:24:57,175 INFO (SafeMap.java:34)- Thread-42setKeyNotify
2020-09-07 14:24:57,176 INFO (SafeMap.java:50)- map的size=1
2020-09-07 14:24:57,176 INFO (SafeMap.java:54)- Thread-42getKeyWait
2020-09-07 14:24:57,177 INFO (JsonToJsonAop.java:67)- 当前线程=Thread-42, json转换结果result={"high":0,"creatTime":0,"fix":false,"name":"lijiaxing","age":"11"}
2020-09-07 14:24:57,177 INFO (SafeMap.java:25)- Thread-4setKeyWait
2020-09-07 14:24:57,178 INFO (SafeMap.java:34)- Thread-27setKeyNotify
2020-09-07 14:24:57,178 INFO (SafeMap.java:50)- map的size=1
2020-09-07 14:24:57,178 INFO (SafeMap.java:54)- Thread-27getKeyWait
2020-09-07 14:24:57,178 INFO (SafeMap.java:25)- Thread-27setKeyWait
2020-09-07 14:24:57,178 INFO (SafeMap.java:34)- Thread-6setKeyNotify
2020-09-07 14:24:57,179 INFO (SafeMap.java:50)- map的size=1
2020-09-07 14:24:57,179 INFO (SafeMap.java:34)- Thread-6setKeyNotify
2020-09-07 14:24:57,179 INFO (SafeMap.java:50)- map的size=1
2020-09-07 14:24:57,179 INFO (SafeMap.java:54)- Thread-6getKeyWait
2020-09-07 14:24:57,179 INFO (JsonToJsonAop.java:67)- 当前线程=Thread-6, json转换结果result={"high":0,"creatTime":0,"fix":false,"name":"lijiaxing","age":"11"}
2020-09-07 14:24:57,180 INFO (SafeMap.java:50)- map的size=0
2020-09-07 14:24:57,180 INFO (SafeMap.java:63)- Thread-66getKeyNotify
2020-09-07 14:24:57,181 INFO (SafeMap.java:50)- map的size=0
2020-09-07 14:24:57,181 INFO (SafeMap.java:63)- Thread-27getKeyNotify
2020-09-07 14:24:57,181 INFO (SafeMap.java:50)- map的size=0
2020-09-07 14:24:57,181 INFO (SafeMap.java:63)- Thread-4getKeyNotify
2020-09-07 14:24:57,182 INFO (SafeMap.java:50)- map的size=0
2020-09-07 14:24:57,183 INFO (SafeMap.java:63)- Thread-10getKeyNotify
2020-09-07 14:24:57,183 INFO (SafeMap.java:50)- map的size=0
2020-09-07 14:24:57,183 INFO (SafeMap.java:63)- Thread-3getKeyNotify
2020-09-07 14:24:57,183 INFO (SafeMap.java:50)- map的size=0
2020-09-07 14:24:57,183 INFO (SafeMap.java:63)- Thread-17getKeyNotify
2020-09-07 14:24:57,184 INFO (SafeMap.java:50)- map的size=0
2020-09-07 14:24:57,184 INFO (SafeMap.java:63)- Thread-49getKeyNotify
2020-09-07 14:24:57,184 INFO (SafeMap.java:50)- map的size=0
2020-09-07 14:24:57,184 INFO (SafeMap.java:63)- Thread-7getKeyNotify
2020-09-07 14:24:57,184 INFO (SafeMap.java:50)- map的size=0
2020-09-07 14:24:57,184 INFO (SafeMap.java:63)- Thread-22getKeyNotify
2020-09-07 14:24:57,184 INFO (SafeMap.java:50)- map的size=0
2020-09-07 14:24:57,184 INFO (SafeMap.java:63)- Thread-25getKeyNotify
2020-09-07 14:24:57,185 INFO (SafeMap.java:50)- map的size=0
2020-09-07 14:24:57,185 INFO (SafeMap.java:63)- Thread-88getKeyNotify
2020-09-07 14:24:57,185 INFO (SafeMap.java:50)- map的size=0
2020-09-07 14:24:57,185 INFO (SafeMap.java:63)- Thread-53getKeyNotify
2020-09-07 14:24:57,185 INFO (SafeMap.java:50)- map的size=0
2020-09-07 14:24:57,186 INFO (SafeMap.java:63)- Thread-77getKeyNotify
2020-09-07 14:24:57,186 INFO (SafeMap.java:50)- map的size=0
2020-09-07 14:24:57,189 INFO (SafeMap.java:63)- Thread-63getKeyNotify
2020-09-07 14:24:57,190 INFO (SafeMap.java:50)- map的size=0
2020-09-07 14:24:57,190 INFO (SafeMap.java:63)- Thread-40getKeyNotify
2020-09-07 14:24:57,190 INFO (SafeMap.java:50)- map的size=0
2020-09-07 14:24:57,191 INFO (SafeMap.java:63)- Thread-57getKeyNotify
2020-09-07 14:24:57,191 INFO (SafeMap.java:50)- map的size=0
2020-09-07 14:24:57,191 INFO (SafeMap.java:63)- Thread-43getKeyNotify
2020-09-07 14:24:57,191 INFO (SafeMap.java:50)- map的size=0
2020-09-07 14:24:57,192 INFO (SafeMap.java:63)- Thread-23getKeyNotify
2020-09-07 14:24:57,192 INFO (SafeMap.java:50)- map的size=0
2020-09-07 14:24:57,192 INFO (SafeMap.java:63)- Thread-34getKeyNotify
2020-09-07 14:24:57,192 INFO (SafeMap.java:50)- map的size=0
2020-09-07 14:24:57,192 INFO (SafeMap.java:63)- Thread-13getKeyNotify
2020-09-07 14:24:57,193 INFO (SafeMap.java:50)- map的size=0
2020-09-07 14:24:57,193 INFO (SafeMap.java:63)- Thread-83getKeyNotify
2020-09-07 14:24:57,193 INFO (SafeMap.java:50)- map的size=0
2020-09-07 14:24:57,193 INFO (SafeMap.java:63)- Thread-96getKeyNotify
2020-09-07 14:24:57,193 INFO (SafeMap.java:50)- map的size=0
2020-09-07 14:24:57,193 INFO (SafeMap.java:63)- Thread-5getKeyNotify
2020-09-07 14:24:57,194 INFO (SafeMap.java:50)- map的size=0
2020-09-07 14:24:57,194 INFO (SafeMap.java:63)- Thread-97getKeyNotify
2020-09-07 14:24:57,194 INFO (SafeMap.java:50)- map的size=0
2020-09-07 14:24:57,194 INFO (SafeMap.java:63)- Thread-100getKeyNotify
2020-09-07 14:24:57,194 INFO (SafeMap.java:50)- map的size=0
2020-09-07 14:24:57,194 INFO (SafeMap.java:63)- Thread-69getKeyNotify
2020-09-07 14:24:57,194 INFO (SafeMap.java:50)- map的size=0
2020-09-07 14:24:57,194 INFO (SafeMap.java:63)- Thread-81getKeyNotify
2020-09-07 14:24:57,195 INFO (SafeMap.java:50)- map的size=0
2020-09-07 14:24:57,195 INFO (SafeMap.java:63)- Thread-91getKeyNotify
2020-09-07 14:24:57,195 INFO (SafeMap.java:50)- map的size=0
2020-09-07 14:24:57,195 INFO (SafeMap.java:63)- Thread-44getKeyNotify
2020-09-07 14:24:57,195 INFO (SafeMap.java:50)- map的size=0
2020-09-07 14:24:57,195 INFO (SafeMap.java:63)- Thread-75getKeyNotify
2020-09-07 14:24:57,195 INFO (SafeMap.java:50)- map的size=0
2020-09-07 14:24:57,195 INFO (SafeMap.java:63)- Thread-65getKeyNotify
2020-09-07 14:24:57,196 INFO (SafeMap.java:50)- map的size=0
2020-09-07 14:24:57,196 INFO (SafeMap.java:63)- Thread-76getKeyNotify
2020-09-07 14:24:57,196 INFO (SafeMap.java:50)- map的size=0
2020-09-07 14:24:57,196 INFO (SafeMap.java:63)- Thread-12getKeyNotify
2020-09-07 14:24:57,196 INFO (SafeMap.java:50)- map的size=0
2020-09-07 14:24:57,196 INFO (SafeMap.java:63)- Thread-86getKeyNotify
2020-09-07 14:24:57,196 INFO (SafeMap.java:50)- map的size=0
2020-09-07 14:24:57,196 INFO (SafeMap.java:63)- Thread-15getKeyNotify
2020-09-07 14:24:57,196 INFO (SafeMap.java:50)- map的size=0
2020-09-07 14:24:57,197 INFO (SafeMap.java:63)- Thread-67getKeyNotify
2020-09-07 14:24:57,197 INFO (SafeMap.java:50)- map的size=0
2020-09-07 14:24:57,197 INFO (SafeMap.java:63)- Thread-51getKeyNotify
2020-09-07 14:24:57,197 INFO (SafeMap.java:50)- map的size=0
2020-09-07 14:24:57,197 INFO (SafeMap.java:63)- Thread-89getKeyNotify
2020-09-07 14:24:57,197 INFO (SafeMap.java:50)- map的size=0
2020-09-07 14:24:57,197 INFO (SafeMap.java:63)- Thread-74getKeyNotify
2020-09-07 14:24:57,197 INFO (SafeMap.java:50)- map的size=0
2020-09-07 14:24:57,198 INFO (SafeMap.java:63)- Thread-16getKeyNotify
2020-09-07 14:24:57,198 INFO (SafeMap.java:50)- map的size=0
2020-09-07 14:24:57,198 INFO (SafeMap.java:63)- Thread-35getKeyNotify
2020-09-07 14:24:57,199 INFO (SafeMap.java:50)- map的size=0
2020-09-07 14:24:57,199 INFO (SafeMap.java:63)- Thread-21getKeyNotify
2020-09-07 14:24:57,199 INFO (SafeMap.java:50)- map的size=0
2020-09-07 14:24:57,199 INFO (SafeMap.java:63)- Thread-58getKeyNotify
2020-09-07 14:24:57,199 INFO (SafeMap.java:25)- Thread-14setKeyWait
2020-09-07 14:24:57,199 INFO (JsonToJsonAop.java:67)- 当前线程=Thread-32, json转换结果result={"high":0,"creatTime":0,"fix":false,"name":"lijiaxing","age":"11"}
2020-09-07 14:24:57,199 INFO (SafeMap.java:34)- Thread-19setKeyNotify
2020-09-07 14:24:57,199 INFO (SafeMap.java:34)- Thread-46setKeyNotify
2020-09-07 14:24:57,200 INFO (SafeMap.java:34)- Thread-60setKeyNotify
2020-09-07 14:24:57,200 INFO (SafeMap.java:50)- map的size=1
2020-09-07 14:24:57,201 INFO (SafeMap.java:54)- Thread-60getKeyWait
2020-09-07 14:24:57,201 INFO (SafeMap.java:25)- Thread-68setKeyWait
2020-09-07 14:24:57,201 INFO (JsonToJsonAop.java:67)- 当前线程=Thread-60, json转换结果result={"high":0,"creatTime":0,"fix":false,"name":"lijiaxing","age":"11"}
2020-09-07 14:24:57,201 INFO (SafeMap.java:34)- Thread-101setKeyNotify
2020-09-07 14:24:57,202 INFO (SafeMap.java:50)- map的size=1
2020-09-07 14:24:57,202 INFO (SafeMap.java:54)- Thread-101getKeyWait
2020-09-07 14:24:57,202 INFO (SafeMap.java:25)- Thread-37setKeyWait
2020-09-07 14:24:57,202 INFO (JsonToJsonAop.java:67)- 当前线程=Thread-101, json转换结果result={"high":0,"creatTime":0,"fix":false,"name":"lijiaxing","age":"11"}
2020-09-07 14:24:57,202 INFO (SafeMap.java:34)- Thread-72setKeyNotify
2020-09-07 14:24:57,203 INFO (SafeMap.java:50)- map的size=1
2020-09-07 14:24:57,203 INFO (SafeMap.java:54)- Thread-72getKeyWait
2020-09-07 14:24:57,203 INFO (SafeMap.java:25)- Thread-93setKeyWait
2020-09-07 14:24:57,203 INFO (JsonToJsonAop.java:67)- 当前线程=Thread-72, json转换结果result={"high":0,"creatTime":0,"fix":false,"name":"lijiaxing","age":"11"}
2020-09-07 14:24:57,203 INFO (SafeMap.java:34)- Thread-84setKeyNotify
2020-09-07 14:24:57,204 INFO (SafeMap.java:50)- map的size=1
2020-09-07 14:24:57,204 INFO (SafeMap.java:54)- Thread-84getKeyWait
2020-09-07 14:24:57,205 INFO (SafeMap.java:25)- Thread-64setKeyWait
2020-09-07 14:24:57,205 INFO (JsonToJsonAop.java:67)- 当前线程=Thread-84, json转换结果result={"high":0,"creatTime":0,"fix":false,"name":"lijiaxing","age":"11"}
2020-09-07 14:24:57,206 INFO (SafeMap.java:34)- Thread-98setKeyNotify
2020-09-07 14:24:57,206 INFO (SafeMap.java:50)- map的size=1
2020-09-07 14:24:57,206 INFO (SafeMap.java:54)- Thread-98getKeyWait
2020-09-07 14:24:57,207 INFO (SafeMap.java:25)- Thread-56setKeyWait
2020-09-07 14:24:57,207 INFO (SafeMap.java:34)- Thread-61setKeyNotify
2020-09-07 14:24:57,207 INFO (SafeMap.java:50)- map的size=1
2020-09-07 14:24:57,207 INFO (SafeMap.java:54)- Thread-61getKeyWait
2020-09-07 14:24:57,207 INFO (SafeMap.java:25)- Thread-41setKeyWait
2020-09-07 14:24:57,207 INFO (SafeMap.java:34)- Thread-71setKeyNotify
2020-09-07 14:24:57,208 INFO (SafeMap.java:50)- map的size=1
2020-09-07 14:24:57,208 INFO (SafeMap.java:54)- Thread-71getKeyWait
2020-09-07 14:24:57,208 INFO (SafeMap.java:25)- Thread-85setKeyWait
2020-09-07 14:24:57,208 INFO (JsonToJsonAop.java:67)- 当前线程=Thread-98, json转换结果result={"high":0,"creatTime":0,"fix":false,"name":"lijiaxing","age":"11"}
2020-09-07 14:24:57,208 INFO (JsonToJsonAop.java:67)- 当前线程=Thread-71, json转换结果result={"high":0,"creatTime":0,"fix":false,"name":"lijiaxing","age":"11"}
2020-09-07 14:24:57,209 INFO (SafeMap.java:34)- Thread-45setKeyNotify
2020-09-07 14:24:57,209 INFO (JsonToJsonAop.java:67)- 当前线程=Thread-61, json转换结果result={"high":0,"creatTime":0,"fix":false,"name":"lijiaxing","age":"11"}
2020-09-07 14:24:57,209 INFO (SafeMap.java:50)- map的size=1
2020-09-07 14:24:57,211 INFO (SafeMap.java:54)- Thread-45getKeyWait
2020-09-07 14:24:57,211 INFO (SafeMap.java:25)- Thread-70setKeyWait
2020-09-07 14:24:57,211 INFO (JsonToJsonAop.java:67)- 当前线程=Thread-45, json转换结果result={"high":0,"creatTime":0,"fix":false,"name":"lijiaxing","age":"11"}
2020-09-07 14:24:57,211 INFO (SafeMap.java:34)- Thread-39setKeyNotify
2020-09-07 14:24:57,212 INFO (SafeMap.java:34)- Thread-18setKeyNotify
2020-09-07 14:24:57,213 INFO (SafeMap.java:50)- map的size=1
2020-09-07 14:24:57,213 INFO (SafeMap.java:54)- Thread-18getKeyWait
2020-09-07 14:24:57,213 INFO (SafeMap.java:25)- Thread-87setKeyWait
2020-09-07 14:24:57,213 INFO (JsonToJsonAop.java:67)- 当前线程=Thread-18, json转换结果result={"high":0,"creatTime":0,"fix":false,"name":"lijiaxing","age":"11"}
2020-09-07 14:24:57,217 INFO (SafeMap.java:34)- Thread-82setKeyNotify
2020-09-07 14:24:57,217 INFO (SafeMap.java:34)- Thread-47setKeyNotify
2020-09-07 14:24:57,218 INFO (SafeMap.java:50)- map的size=1
2020-09-07 14:24:57,218 INFO (SafeMap.java:54)- Thread-47getKeyWait
2020-09-07 14:24:57,218 INFO (SafeMap.java:25)- Thread-11setKeyWait
2020-09-07 14:24:57,218 INFO (JsonToJsonAop.java:67)- 当前线程=Thread-47, json转换结果result={"high":0,"creatTime":0,"fix":false,"name":"lijiaxing","age":"11"}
2020-09-07 14:24:57,218 INFO (SafeMap.java:34)- Thread-31setKeyNotify
2020-09-07 14:24:57,218 INFO (SafeMap.java:50)- map的size=1
2020-09-07 14:24:57,218 INFO (SafeMap.java:54)- Thread-31getKeyWait
2020-09-07 14:24:57,218 INFO (SafeMap.java:25)- Thread-94setKeyWait
2020-09-07 14:24:57,218 INFO (JsonToJsonAop.java:67)- 当前线程=Thread-31, json转换结果result={"high":0,"creatTime":0,"fix":false,"name":"lijiaxing","age":"11"}
2020-09-07 14:24:57,219 INFO (SafeMap.java:34)- Thread-78setKeyNotify
2020-09-07 14:24:57,219 INFO (SafeMap.java:50)- map的size=1
2020-09-07 14:24:57,219 INFO (SafeMap.java:54)- Thread-78getKeyWait
2020-09-07 14:24:57,219 INFO (SafeMap.java:25)- Thread-99setKeyWait
2020-09-07 14:24:57,219 INFO (JsonToJsonAop.java:67)- 当前线程=Thread-78, json转换结果result={"high":0,"creatTime":0,"fix":false,"name":"lijiaxing","age":"11"}
2020-09-07 14:24:57,219 INFO (SafeMap.java:34)- Thread-90setKeyNotify
2020-09-07 14:24:57,219 INFO (SafeMap.java:50)- map的size=1
2020-09-07 14:24:57,219 INFO (SafeMap.java:54)- Thread-90getKeyWait
2020-09-07 14:24:57,219 INFO (SafeMap.java:25)- Thread-28setKeyWait
2020-09-07 14:24:57,220 INFO (SafeMap.java:34)- Thread-59setKeyNotify
2020-09-07 14:24:57,220 INFO (JsonToJsonAop.java:67)- 当前线程=Thread-90, json转换结果result={"high":0,"creatTime":0,"fix":false,"name":"lijiaxing","age":"11"}
2020-09-07 14:24:57,220 INFO (SafeMap.java:50)- map的size=1
2020-09-07 14:24:57,220 INFO (SafeMap.java:54)- Thread-59getKeyWait
2020-09-07 14:24:57,220 INFO (SafeMap.java:25)- Thread-55setKeyWait
2020-09-07 14:24:57,220 INFO (JsonToJsonAop.java:67)- 当前线程=Thread-59, json转换结果result={"high":0,"creatTime":0,"fix":false,"name":"lijiaxing","age":"11"}
2020-09-07 14:24:57,220 INFO (SafeMap.java:34)- Thread-50setKeyNotify
2020-09-07 14:24:57,220 INFO (SafeMap.java:50)- map的size=1
2020-09-07 14:24:57,221 INFO (SafeMap.java:54)- Thread-50getKeyWait
2020-09-07 14:24:57,221 INFO (SafeMap.java:25)- Thread-2setKeyWait
2020-09-07 14:24:57,221 INFO (JsonToJsonAop.java:67)- 当前线程=Thread-50, json转换结果result={"high":0,"creatTime":0,"fix":false,"name":"lijiaxing","age":"11"}
2020-09-07 14:24:57,222 INFO (SafeMap.java:50)- map的size=1
2020-09-07 14:24:57,222 INFO (SafeMap.java:34)- Thread-30setKeyNotify
2020-09-07 14:24:57,222 INFO (SafeMap.java:50)- map的size=1
2020-09-07 14:24:57,222 INFO (SafeMap.java:54)- Thread-52getKeyWait
2020-09-07 14:24:57,222 INFO (SafeMap.java:50)- map的size=0
2020-09-07 14:24:57,222 INFO (JsonToJsonAop.java:67)- 当前线程=Thread-52, json转换结果result={"high":0,"creatTime":0,"fix":false,"name":"lijiaxing","age":"11"}
2020-09-07 14:24:57,222 INFO (SafeMap.java:63)- Thread-92getKeyNotify
2020-09-07 14:24:57,223 INFO (SafeMap.java:50)- map的size=0
2020-09-07 14:24:57,223 INFO (SafeMap.java:63)- Thread-30getKeyNotify
2020-09-07 14:24:57,223 INFO (SafeMap.java:50)- map的size=0
2020-09-07 14:24:57,223 INFO (SafeMap.java:63)- Thread-2getKeyNotify
2020-09-07 14:24:57,223 INFO (SafeMap.java:50)- map的size=0
2020-09-07 14:24:57,223 INFO (SafeMap.java:63)- Thread-28getKeyNotify
2020-09-07 14:24:57,224 INFO (SafeMap.java:50)- map的size=0
2020-09-07 14:24:57,224 INFO (SafeMap.java:63)- Thread-99getKeyNotify
2020-09-07 14:24:57,224 INFO (SafeMap.java:50)- map的size=0
2020-09-07 14:24:57,224 INFO (SafeMap.java:63)- Thread-94getKeyNotify
2020-09-07 14:24:57,224 INFO (SafeMap.java:50)- map的size=0
2020-09-07 14:24:57,225 INFO (SafeMap.java:63)- Thread-11getKeyNotify
2020-09-07 14:24:57,225 INFO (SafeMap.java:25)- Thread-38setKeyWait
2020-09-07 14:24:57,225 INFO (SafeMap.java:50)- map的size=1
2020-09-07 14:24:57,225 INFO (SafeMap.java:54)- Thread-82getKeyWait
2020-09-07 14:24:57,226 INFO (JsonToJsonAop.java:67)- 当前线程=Thread-82, json转换结果result={"high":0,"creatTime":0,"fix":false,"name":"lijiaxing","age":"11"}
2020-09-07 14:24:57,226 INFO (SafeMap.java:50)- map的size=0
2020-09-07 14:24:57,227 INFO (SafeMap.java:63)- Thread-87getKeyNotify
2020-09-07 14:24:57,227 INFO (SafeMap.java:25)- Thread-8setKeyWait
2020-09-07 14:24:57,227 INFO (SafeMap.java:50)- map的size=1
2020-09-07 14:24:57,227 INFO (SafeMap.java:54)- Thread-39getKeyWait
2020-09-07 14:24:57,228 INFO (SafeMap.java:50)- map的size=0
2020-09-07 14:24:57,228 INFO (SafeMap.java:63)- Thread-70getKeyNotify
2020-09-07 14:24:57,228 INFO (JsonToJsonAop.java:67)- 当前线程=Thread-39, json转换结果result={"high":0,"creatTime":0,"fix":false,"name":"lijiaxing","age":"11"}
2020-09-07 14:24:57,228 INFO (SafeMap.java:50)- map的size=0
2020-09-07 14:24:57,228 INFO (SafeMap.java:63)- Thread-85getKeyNotify
2020-09-07 14:24:57,229 INFO (SafeMap.java:50)- map的size=0
2020-09-07 14:24:57,229 INFO (SafeMap.java:63)- Thread-41getKeyNotify
2020-09-07 14:24:57,230 INFO (SafeMap.java:50)- map的size=0
2020-09-07 14:24:57,230 INFO (SafeMap.java:63)- Thread-56getKeyNotify
2020-09-07 14:24:57,230 INFO (SafeMap.java:50)- map的size=0
2020-09-07 14:24:57,230 INFO (SafeMap.java:63)- Thread-64getKeyNotify
2020-09-07 14:24:57,231 INFO (SafeMap.java:50)- map的size=0
2020-09-07 14:24:57,231 INFO (SafeMap.java:63)- Thread-93getKeyNotify
2020-09-07 14:24:57,231 INFO (SafeMap.java:50)- map的size=0
2020-09-07 14:24:57,231 INFO (SafeMap.java:63)- Thread-37getKeyNotify
2020-09-07 14:24:57,232 INFO (SafeMap.java:50)- map的size=0
2020-09-07 14:24:57,232 INFO (SafeMap.java:63)- Thread-68getKeyNotify
2020-09-07 14:24:57,232 INFO (SafeMap.java:25)- Thread-20setKeyWait
2020-09-07 14:24:57,232 INFO (SafeMap.java:50)- map的size=1
2020-09-07 14:24:57,232 INFO (SafeMap.java:54)- Thread-46getKeyWait
2020-09-07 14:24:57,232 INFO (SafeMap.java:50)- map的size=0
2020-09-07 14:24:57,232 INFO (SafeMap.java:63)- Thread-19getKeyNotify
2020-09-07 14:24:57,232 INFO (JsonToJsonAop.java:67)- 当前线程=Thread-46, json转换结果result={"high":0,"creatTime":0,"fix":false,"name":"lijiaxing","age":"11"}
2020-09-07 14:24:57,233 INFO (SafeMap.java:50)- map的size=0
2020-09-07 14:24:57,233 INFO (SafeMap.java:63)- Thread-14getKeyNotify
2020-09-07 14:24:57,233 INFO (SafeMap.java:25)- Thread-21setKeyWait
2020-09-07 14:24:57,233 INFO (JsonToJsonAop.java:67)- 当前线程=Thread-58, json转换结果result={"high":0,"creatTime":0,"fix":false,"name":"lijiaxing","age":"11"}
2020-09-07 14:24:57,233 INFO (SafeMap.java:34)- Thread-35setKeyNotify
2020-09-07 14:24:57,233 INFO (SafeMap.java:50)- map的size=1
2020-09-07 14:24:57,234 INFO (SafeMap.java:54)- Thread-35getKeyWait
2020-09-07 14:24:57,234 INFO (SafeMap.java:25)- Thread-16setKeyWait
2020-09-07 14:24:57,234 INFO (JsonToJsonAop.java:67)- 当前线程=Thread-35, json转换结果result={"high":0,"creatTime":0,"fix":false,"name":"lijiaxing","age":"11"}
2020-09-07 14:24:57,234 INFO (SafeMap.java:34)- Thread-74setKeyNotify
2020-09-07 14:24:57,234 INFO (SafeMap.java:50)- map的size=1
2020-09-07 14:24:57,234 INFO (SafeMap.java:54)- Thread-74getKeyWait
2020-09-07 14:24:57,234 INFO (SafeMap.java:25)- Thread-89setKeyWait
2020-09-07 14:24:57,235 INFO (SafeMap.java:34)- Thread-51setKeyNotify
2020-09-07 14:24:57,235 INFO (JsonToJsonAop.java:67)- 当前线程=Thread-74, json转换结果result={"high":0,"creatTime":0,"fix":false,"name":"lijiaxing","age":"11"}
2020-09-07 14:24:57,235 INFO (SafeMap.java:50)- map的size=1
2020-09-07 14:24:57,235 INFO (SafeMap.java:54)- Thread-51getKeyWait
2020-09-07 14:24:57,235 INFO (SafeMap.java:25)- Thread-67setKeyWait
2020-09-07 14:24:57,235 INFO (JsonToJsonAop.java:67)- 当前线程=Thread-51, json转换结果result={"high":0,"creatTime":0,"fix":false,"name":"lijiaxing","age":"11"}
2020-09-07 14:24:57,235 INFO (SafeMap.java:34)- Thread-15setKeyNotify
2020-09-07 14:24:57,236 INFO (SafeMap.java:50)- map的size=1
