2020-09-07 14:04:13,995 INFO (SafeMap.java:25)- Thread-17setKeyWait
2020-09-07 14:04:14,007 INFO (SafeMap.java:51)- map的size=1
2020-09-07 14:04:14,008 INFO (SafeMap.java:35)- Thread-12setKeyNotify
2020-09-07 14:04:14,010 INFO (SafeMap.java:51)- map的size=1
2020-09-07 14:04:14,010 INFO (SafeMap.java:55)- Thread-12getKeyWait
2020-09-07 14:04:14,011 INFO (SafeMap.java:51)- map的size=0
2020-09-07 14:04:14,011 INFO (SafeMap.java:64)- Thread-19getKeyNotify
2020-09-07 14:04:14,012 INFO (SafeMap.java:25)- Thread-19setKeyWait
2020-09-07 14:04:14,012 INFO (SafeMap.java:35)- Thread-5setKeyNotify
2020-09-07 14:04:14,014 INFO (SafeMap.java:51)- map的size=1
2020-09-07 14:04:14,016 INFO (SafeMap.java:55)- Thread-5getKeyWait
2020-09-07 14:04:14,017 INFO (SafeMap.java:51)- map的size=0
2020-09-07 14:04:14,018 INFO (SafeMap.java:64)- Thread-3getKeyNotify
2020-09-07 14:04:14,018 INFO (SafeMap.java:25)- Thread-3setKeyWait
2020-09-07 14:04:14,018 INFO (SafeMap.java:51)- map的size=1
2020-09-07 14:04:14,018 INFO (SafeMap.java:35)- Thread-6setKeyNotify
2020-09-07 14:04:14,018 INFO (SafeMap.java:51)- map的size=1
2020-09-07 14:04:14,019 INFO (SafeMap.java:55)- Thread-6getKeyWait
2020-09-07 14:04:14,019 INFO (SafeMap.java:25)- Thread-8setKeyWait
2020-09-07 14:04:14,019 INFO (SafeMap.java:35)- Thread-20setKeyNotify
2020-09-07 14:04:14,019 INFO (SafeMap.java:51)- map的size=1
2020-09-07 14:04:14,020 INFO (SafeMap.java:55)- Thread-20getKeyWait
2020-09-07 14:04:14,020 INFO (SafeMap.java:25)- Thread-14setKeyWait
2020-09-07 14:04:14,020 INFO (SafeMap.java:35)- Thread-2setKeyNotify
2020-09-07 14:04:14,021 INFO (SafeMap.java:51)- map的size=1
2020-09-07 14:04:14,022 INFO (SafeMap.java:55)- Thread-2getKeyWait
2020-09-07 14:04:14,022 INFO (SafeMap.java:25)- Thread-18setKeyWait
2020-09-07 14:04:14,023 INFO (SafeMap.java:35)- Thread-15setKeyNotify
2020-09-07 14:04:14,026 INFO (SafeMap.java:51)- map的size=1
2020-09-07 14:04:14,027 INFO (SafeMap.java:55)- Thread-15getKeyWait
2020-09-07 14:04:14,028 INFO (SafeMap.java:25)- Thread-11setKeyWait
2020-09-07 14:04:14,037 INFO (SafeMap.java:35)- Thread-13setKeyNotify
