2020-09-25 08:32:45,838 INFO (StartupInfoLogger.java:55)- Starting CustomizeCacheTest on SKY-20200628CJA with PID 18252 (started by My in C:\Users\My\IdeaProjects\customize)
2020-09-25 08:32:45,849 DEBUG (StartupInfoLogger.java:56)- Running with Spring Boot v2.3.3.RELEASE, Spring v5.2.8.RELEASE
2020-09-25 08:32:45,850 INFO (SpringApplication.java:651)- No active profile set, falling back to default profiles: default
2020-09-25 08:32:50,916 INFO (StartupInfoLogger.java:61)- Started CustomizeCacheTest in 5.49 seconds (JVM running for 7.831)
2020-09-25 08:32:50,962 INFO (CustomizeCacheAop.java:57)- 开始执行缓存注解方法------
2020-09-25 08:32:50,962 INFO (CustomizeCacheAop.java:57)- 开始执行缓存注解方法------
2020-09-25 08:32:50,963 INFO (CustomizeCacheAop.java:57)- 开始执行缓存注解方法------
2020-09-25 08:32:50,962 INFO (CustomizeCacheAop.java:57)- 开始执行缓存注解方法------
2020-09-25 08:32:50,962 INFO (CustomizeCacheAop.java:57)- 开始执行缓存注解方法------
2020-09-25 08:32:50,962 INFO (CustomizeCacheAop.java:57)- 开始执行缓存注解方法------
2020-09-25 08:32:50,962 INFO (CustomizeCacheAop.java:57)- 开始执行缓存注解方法------
2020-09-25 08:32:50,962 INFO (CustomizeCacheAop.java:57)- 开始执行缓存注解方法------
2020-09-25 08:32:50,963 INFO (CustomizeCacheAop.java:57)- 开始执行缓存注解方法------
2020-09-25 08:32:50,965 INFO (CustomizeCacheAop.java:57)- 开始执行缓存注解方法------
2020-09-25 08:32:50,964 INFO (CustomizeCacheAop.java:57)- 开始执行缓存注解方法------
2020-09-25 08:32:50,962 INFO (CustomizeCacheAop.java:57)- 开始执行缓存注解方法------
2020-09-25 08:32:50,963 INFO (CustomizeCacheAop.java:57)- 开始执行缓存注解方法------
2020-09-25 08:32:50,966 INFO (CustomizeCacheAop.java:57)- 开始执行缓存注解方法------
2020-09-25 08:32:50,966 INFO (CustomizeCacheAop.java:57)- 开始执行缓存注解方法------
2020-09-25 08:32:50,962 INFO (CustomizeCacheAop.java:57)- 开始执行缓存注解方法------
2020-09-25 08:32:50,962 INFO (CustomizeCacheAop.java:57)- 开始执行缓存注解方法------
2020-09-25 08:32:50,967 INFO (CustomizeCacheAop.java:57)- 开始执行缓存注解方法------
2020-09-25 08:32:50,967 INFO (CustomizeCacheAop.java:57)- 开始执行缓存注解方法------
2020-09-25 08:32:50,963 INFO (CustomizeCacheAop.java:57)- 开始执行缓存注解方法------
2020-09-25 08:32:50,962 INFO (CustomizeCacheAop.java:57)- 开始执行缓存注解方法------
2020-09-25 08:32:50,963 INFO (CustomizeCacheAop.java:57)- 开始执行缓存注解方法------
2020-09-25 08:32:50,962 INFO (CustomizeCacheAop.java:57)- 开始执行缓存注解方法------
2020-09-25 08:32:50,965 INFO (CustomizeCacheAop.java:57)- 开始执行缓存注解方法------
2020-09-25 08:32:50,965 INFO (CustomizeCacheAop.java:57)- 开始执行缓存注解方法------
2020-09-25 08:32:50,965 INFO (CustomizeCacheAop.java:57)- 开始执行缓存注解方法------
2020-09-25 08:32:50,967 INFO (CustomizeCacheAop.java:57)- 开始执行缓存注解方法------
2020-09-25 08:32:50,967 INFO (CustomizeCacheAop.java:57)- 开始执行缓存注解方法------
