2020-09-20 18:15:53,933 INFO (ProduceService.java:48)- 生产者生产第11个商品商品还有1
2020-09-20 18:15:53,936 INFO (ProduceService.java:48)- 生产者生产第12个商品商品还有2
2020-09-20 18:15:53,936 INFO (ProduceService.java:39)- 生产者生产已满等待消费者 进行消费并唤醒
2020-09-20 18:15:53,936 INFO (ConsumerService.java:45)- 消费者消费第=6个商品，还剩1个
2020-09-20 18:15:53,936 INFO (ConsumerService.java:45)- 消费者消费第=7个商品，还剩0个
2020-09-20 18:15:53,937 INFO (ConsumerService.java:37)- 等待生产者生产商品
2020-09-20 18:15:53,937 INFO (ProduceService.java:48)- 生产者生产第13个商品商品还有1
2020-09-20 18:15:53,937 INFO (ProduceService.java:48)- 生产者生产第14个商品商品还有2
2020-09-20 18:15:53,937 INFO (ConsumerService.java:45)- 消费者消费第=8个商品，还剩1个
2020-09-20 18:15:53,938 INFO (ConsumerService.java:45)- 消费者消费第=9个商品，还剩0个
2020-09-20 18:15:53,938 INFO (ProduceService.java:48)- 生产者生产第15个商品商品还有1
2020-09-20 18:15:53,938 INFO (ProduceService.java:48)- 生产者生产第16个商品商品还有2
2020-09-20 18:15:53,938 INFO (ProduceService.java:39)- 生产者生产已满等待消费者 进行消费并唤醒
2020-09-20 18:15:53,938 INFO (ConsumerService.java:45)- 消费者消费第=4个商品，还剩1个
2020-09-20 18:15:53,939 INFO (ConsumerService.java:45)- 消费者消费第=5个商品，还剩0个
2020-09-20 18:15:53,939 INFO (ConsumerService.java:37)- 等待生产者生产商品
2020-09-20 18:15:53,939 INFO (ProduceService.java:48)- 生产者生产第17个商品商品还有1
2020-09-20 18:15:53,939 INFO (ProduceService.java:48)- 生产者生产第18个商品商品还有2
2020-09-20 18:15:53,939 INFO (ProduceService.java:39)- 生产者生产已满等待消费者 进行消费并唤醒
2020-09-20 18:15:53,939 INFO (ConsumerService.java:45)- 消费者消费第=6个商品，还剩1个
2020-09-20 18:15:53,940 INFO (ConsumerService.java:45)- 消费者消费第=7个商品，还剩0个
2020-09-20 18:15:53,942 INFO (ProduceService.java:48)- 生产者生产第19个商品商品还有1
2020-09-20 18:15:53,942 INFO (ProduceService.java:48)- 生产者生产第20个商品商品还有2
2020-09-20 18:15:53,942 INFO (ConsumerService.java:45)- 消费者消费第=8个商品，还剩1个
2020-09-20 18:15:53,943 INFO (ConsumerService.java:45)- 消费者消费第=9个商品，还剩0个
2020-09-20 18:16:13,101 INFO (ProduceService.java:48)- 生产者生产第1个商品商品还有1
2020-09-20 18:16:13,106 INFO (ProduceService.java:48)- 生产者生产第2个商品商品还有2
2020-09-20 18:16:13,107 INFO (ProduceService.java:39)- 生产者生产已满等待消费者 进行消费并唤醒
2020-09-20 18:16:13,107 INFO (ProduceService.java:39)- 生产者生产已满等待消费者 进行消费并唤醒
2020-09-20 18:16:13,107 INFO (ConsumerService.java:45)- 消费者消费第=0个商品， 还剩1个
2020-09-20 18:16:13,109 INFO (ConsumerService.java:45)- 消费者消费第=1个商品， 还剩0个
2020-09-20 18:16:13,109 INFO (ConsumerService.java:37)- 等待生产者生产商品
2020-09-20 18:16:13,109 INFO (ConsumerService.java:37)- 等待生产者生产商品
2020-09-20 18:16:13,110 INFO (ProduceService.java:48)- 生产者生产第3个商品商品还有1
2020-09-20 18:16:13,110 INFO (ProduceService.java:48)- 生产者生产第4个商品商品还有2
2020-09-20 18:16:13,110 INFO (ProduceService.java:39)- 生产者生产已满等待消费者 进行消费并唤醒
2020-09-20 18:16:13,110 INFO (ProduceService.java:39)- 生产者生产已满等待消费者 进行消费并唤醒
2020-09-20 18:16:13,110 INFO (ConsumerService.java:45)- 消费者消费第=0个商品， 还剩1个
2020-09-20 18:16:13,111 INFO (ConsumerService.java:45)- 消费者消费第=1个商品， 还剩0个
2020-09-20 18:16:13,111 INFO (ConsumerService.java:37)- 等待生产者生产商品
