2020-09-07 14:22:24,287 INFO (SafeMap.java:34)- Thread-22setKeyNotify
2020-09-07 14:22:24,290 INFO (SafeMap.java:50)- map的size=1
2020-09-07 14:22:24,291 INFO (SafeMap.java:34)- Thread-32setKeyNotify
2020-09-07 14:22:24,291 INFO (SafeMap.java:50)- map的size=1
2020-09-07 14:22:24,292 INFO (SafeMap.java:34)- Thread-20setKeyNotify
2020-09-07 14:22:24,292 INFO (SafeMap.java:50)- map的size=1
2020-09-07 14:22:24,292 INFO (SafeMap.java:54)- Thread-20getKeyWait
2020-09-07 14:22:24,292 INFO (SafeMap.java:50)- map的size=0
2020-09-07 14:22:24,292 INFO (SafeMap.java:63)- Thread-59getKeyNotify
2020-09-07 14:22:24,292 INFO (SafeMap.java:25)- Thread-59setKeyWait
2020-09-07 14:22:24,293 INFO (SafeMap.java:50)- map的size=1
2020-09-07 14:22:24,293 INFO (SafeMap.java:34)- Thread-49setKeyNotify
2020-09-07 14:22:24,293 INFO (SafeMap.java:50)- map的size=1
2020-09-07 14:22:24,293 INFO (SafeMap.java:34)- Thread-53setKeyNotify
2020-09-07 14:22:24,294 INFO (SafeMap.java:50)- map的size=1
2020-09-07 14:22:24,294 INFO (SafeMap.java:54)- Thread-53getKeyWait
2020-09-07 14:22:24,294 INFO (SafeMap.java:50)- map的size=0
2020-09-07 14:22:24,294 INFO (SafeMap.java:63)- Thread-15getKeyNotify
2020-09-07 14:22:24,294 INFO (SafeMap.java:25)- Thread-15setKeyWait
2020-09-07 14:22:24,294 INFO (SafeMap.java:50)- map的size=1
2020-09-07 14:22:24,294 INFO (SafeMap.java:34)- Thread-83setKeyNotify
2020-09-07 14:22:24,294 INFO (SafeMap.java:50)- map的size=1
2020-09-07 14:22:24,295 INFO (SafeMap.java:34)- Thread-39setKeyNotify
2020-09-07 14:22:24,295 INFO (SafeMap.java:50)- map的size=1
2020-09-07 14:22:24,295 INFO (SafeMap.java:34)- Thread-99setKeyNotify
2020-09-07 14:22:24,295 INFO (SafeMap.java:50)- map的size=1
2020-09-07 14:22:24,295 INFO (SafeMap.java:34)- Thread-40setKeyNotify
2020-09-07 14:22:24,295 INFO (SafeMap.java:50)- map的size=1
2020-09-07 14:22:24,296 INFO (SafeMap.java:34)- Thread-18setKeyNotify
2020-09-07 14:22:24,296 INFO (SafeMap.java:50)- map的size=1
2020-09-07 14:22:24,296 INFO (SafeMap.java:34)- Thread-69setKeyNotify
2020-09-07 14:22:24,296 INFO (SafeMap.java:50)- map的size=1
2020-09-07 14:22:24,296 INFO (SafeMap.java:34)- Thread-95setKeyNotify
2020-09-07 14:22:24,296 INFO (SafeMap.java:50)- map的size=1
2020-09-07 14:22:24,296 INFO (SafeMap.java:34)- Thread-96setKeyNotify
2020-09-07 14:22:24,296 INFO (SafeMap.java:50)- map的size=1
2020-09-07 14:22:24,296 INFO (SafeMap.java:34)- Thread-8setKeyNotify
2020-09-07 14:22:24,296 INFO (SafeMap.java:50)- map的size=1
2020-09-07 14:22:24,296 INFO (SafeMap.java:34)- Thread-48setKeyNotify
2020-09-07 14:22:24,297 INFO (SafeMap.java:50)- map的size=1
2020-09-07 14:22:24,297 INFO (SafeMap.java:34)- Thread-92setKeyNotify
2020-09-07 14:22:24,297 INFO (SafeMap.java:50)- map的size=1
2020-09-07 14:22:24,297 INFO (SafeMap.java:34)- Thread-91setKeyNotify
2020-09-07 14:22:24,297 INFO (SafeMap.java:50)- map的size=1
2020-09-07 14:22:24,297 INFO (SafeMap.java:34)- Thread-30setKeyNotify
2020-09-07 14:22:24,297 INFO (SafeMap.java:50)- map的size=1
2020-09-07 14:22:24,298 INFO (SafeMap.java:54)- Thread-56getKeyWait
2020-09-07 14:22:24,298 INFO (SafeMap.java:50)- map的size=0
2020-09-07 14:22:24,298 INFO (SafeMap.java:63)- Thread-71getKeyNotify
2020-09-07 14:22:24,298 INFO (SafeMap.java:25)- Thread-71setKeyWait
2020-09-07 14:22:24,298 INFO (SafeMap.java:50)- map的size=1
2020-09-07 14:22:24,299 INFO (SafeMap.java:34)- Thread-100setKeyNotify
2020-09-07 14:22:24,299 INFO (SafeMap.java:50)- map的size=1
2020-09-07 14:22:24,299 INFO (SafeMap.java:34)- Thread-50setKeyNotify
2020-09-07 14:22:24,299 INFO (SafeMap.java:50)- map的size=1
2020-09-07 14:22:24,299 INFO (SafeMap.java:54)- Thread-94getKeyWait
2020-09-07 14:22:24,300 INFO (SafeMap.java:50)- map的size=0
2020-09-07 14:22:24,300 INFO (SafeMap.java:63)- Thread-12getKeyNotify
2020-09-07 14:22:24,300 INFO (SafeMap.java:25)- Thread-12setKeyWait
2020-09-07 14:22:24,300 INFO (SafeMap.java:50)- map的size=1
2020-09-07 14:22:24,300 INFO (SafeMap.java:34)- Thread-41setKeyNotify
2020-09-07 14:22:24,300 INFO (SafeMap.java:50)- map的size=1
2020-09-07 14:22:24,301 INFO (SafeMap.java:54)- Thread-31getKeyWait
2020-09-07 14:22:24,301 INFO (SafeMap.java:50)- map的size=0
2020-09-07 14:22:24,301 INFO (SafeMap.java:63)- Thread-98getKeyNotify
2020-09-07 14:22:24,301 INFO (SafeMap.java:25)- Thread-98setKeyWait
2020-09-07 14:22:24,301 INFO (SafeMap.java:50)- map的size=1
2020-09-07 14:22:24,301 INFO (SafeMap.java:54)- Thread-10getKeyWait
2020-09-07 14:22:24,301 INFO (SafeMap.java:50)- map的size=0
2020-09-07 14:22:24,301 INFO (SafeMap.java:63)- Thread-70getKeyNotify
2020-09-07 14:22:24,301 INFO (SafeMap.java:25)- Thread-70setKeyWait
2020-09-07 14:22:24,301 INFO (SafeMap.java:50)- map的size=1
2020-09-07 14:22:24,301 INFO (SafeMap.java:34)- Thread-34setKeyNotify
2020-09-07 14:22:24,301 INFO (SafeMap.java:50)- map的size=1
2020-09-07 14:22:24,301 INFO (SafeMap.java:54)- Thread-27getKeyWait
2020-09-07 14:22:24,301 INFO (SafeMap.java:50)- map的size=0
2020-09-07 14:22:24,301 INFO (SafeMap.java:63)- Thread-44getKeyNotify
2020-09-07 14:22:24,301 INFO (SafeMap.java:50)- map的size=0
2020-09-07 14:22:24,301 INFO (SafeMap.java:63)- Thread-11getKeyNotify
2020-09-07 14:22:24,301 INFO (SafeMap.java:50)- map的size=0
2020-09-07 14:22:24,302 INFO (SafeMap.java:63)- Thread-75getKeyNotify
2020-09-07 14:22:24,302 INFO (SafeMap.java:50)- map的size=0
2020-09-07 14:22:24,302 INFO (SafeMap.java:63)- Thread-88getKeyNotify
2020-09-07 14:22:24,302 INFO (SafeMap.java:50)- map的size=0
2020-09-07 14:22:24,302 INFO (SafeMap.java:63)- Thread-86getKeyNotify
2020-09-07 14:22:24,303 INFO (SafeMap.java:50)- map的size=0
2020-09-07 14:22:24,303 INFO (SafeMap.java:63)- Thread-16getKeyNotify
2020-09-07 14:22:24,303 INFO (SafeMap.java:50)- map的size=0
2020-09-07 14:22:24,303 INFO (SafeMap.java:63)- Thread-54getKeyNotify
2020-09-07 14:22:24,303 INFO (SafeMap.java:50)- map的size=0
2020-09-07 14:22:24,303 INFO (SafeMap.java:63)- Thread-13getKeyNotify
2020-09-07 14:22:24,304 INFO (SafeMap.java:50)- map的size=0
2020-09-07 14:22:24,304 INFO (SafeMap.java:63)- Thread-52getKeyNotify
2020-09-07 14:22:24,304 INFO (SafeMap.java:50)- map的size=0
2020-09-07 14:22:24,304 INFO (SafeMap.java:63)- Thread-42getKeyNotify
2020-09-07 14:22:24,304 INFO (SafeMap.java:50)- map的size=0
2020-09-07 14:22:24,305 INFO (SafeMap.java:63)- Thread-77getKeyNotify
2020-09-07 14:22:24,305 INFO (SafeMap.java:50)- map的size=0
2020-09-07 14:22:24,305 INFO (SafeMap.java:63)- Thread-21getKeyNotify
2020-09-07 14:22:24,305 INFO (SafeMap.java:25)- Thread-57setKeyWait
2020-09-07 14:22:24,305 INFO (SafeMap.java:34)- Thread-65setKeyNotify
2020-09-07 14:22:24,306 INFO (SafeMap.java:50)- map的size=1
2020-09-07 14:22:24,306 INFO (SafeMap.java:54)- Thread-24getKeyWait
2020-09-07 14:22:24,306 INFO (SafeMap.java:50)- map的size=0
2020-09-07 14:22:24,306 INFO (SafeMap.java:63)- Thread-34getKeyNotify
2020-09-07 14:22:24,306 INFO (SafeMap.java:50)- map的size=0
2020-09-07 14:22:24,306 INFO (SafeMap.java:63)- Thread-70getKeyNotify
2020-09-07 14:22:24,306 INFO (SafeMap.java:50)- map的size=0
2020-09-07 14:22:24,306 INFO (SafeMap.java:63)- Thread-98getKeyNotify
2020-09-07 14:22:24,306 INFO (SafeMap.java:50)- map的size=0
2020-09-07 14:22:24,306 INFO (SafeMap.java:63)- Thread-41getKeyNotify
2020-09-07 14:22:24,306 INFO (SafeMap.java:50)- map的size=0
2020-09-07 14:22:24,307 INFO (SafeMap.java:63)- Thread-50getKeyNotify
2020-09-07 14:22:24,307 INFO (SafeMap.java:50)- map的size=0
2020-09-07 14:22:24,307 INFO (SafeMap.java:63)- Thread-100getKeyNotify
2020-09-07 14:22:24,307 INFO (SafeMap.java:50)- map的size=0
2020-09-07 14:22:24,307 INFO (SafeMap.java:63)- Thread-71getKeyNotify
2020-09-07 14:22:24,307 INFO (SafeMap.java:50)- map的size=0
2020-09-07 14:22:24,307 INFO (SafeMap.java:63)- Thread-30getKeyNotify
2020-09-07 14:22:24,307 INFO (SafeMap.java:50)- map的size=0
2020-09-07 14:22:24,308 INFO (SafeMap.java:63)- Thread-91getKeyNotify
2020-09-07 14:22:24,308 INFO (SafeMap.java:50)- map的size=0
2020-09-07 14:22:24,308 INFO (SafeMap.java:63)- Thread-92getKeyNotify
2020-09-07 14:22:24,308 INFO (SafeMap.java:50)- map的size=0
2020-09-07 14:22:24,308 INFO (SafeMap.java:63)- Thread-48getKeyNotify
2020-09-07 14:22:24,308 INFO (SafeMap.java:50)- map的size=0
2020-09-07 14:22:24,308 INFO (SafeMap.java:63)- Thread-8getKeyNotify
2020-09-07 14:22:24,308 INFO (SafeMap.java:50)- map的size=0
2020-09-07 14:22:24,309 INFO (SafeMap.java:63)- Thread-96getKeyNotify
2020-09-07 14:22:24,309 INFO (SafeMap.java:50)- map的size=0
2020-09-07 14:22:24,309 INFO (SafeMap.java:63)- Thread-95getKeyNotify
2020-09-07 14:22:24,309 INFO (SafeMap.java:50)- map的size=0
2020-09-07 14:22:24,309 INFO (SafeMap.java:63)- Thread-69getKeyNotify
2020-09-07 14:22:24,309 INFO (SafeMap.java:50)- map的size=0
2020-09-07 14:22:24,309 INFO (SafeMap.java:63)- Thread-18getKeyNotify
2020-09-07 14:22:24,310 INFO (SafeMap.java:50)- map的size=0
2020-09-07 14:22:24,310 INFO (SafeMap.java:63)- Thread-40getKeyNotify
2020-09-07 14:22:24,310 INFO (SafeMap.java:50)- map的size=0
2020-09-07 14:22:24,310 INFO (SafeMap.java:63)- Thread-99getKeyNotify
2020-09-07 14:22:24,310 INFO (SafeMap.java:50)- map的size=0
2020-09-07 14:22:24,310 INFO (SafeMap.java:63)- Thread-39getKeyNotify
2020-09-07 14:22:24,310 INFO (SafeMap.java:50)- map的size=0
2020-09-07 14:22:24,311 INFO (SafeMap.java:63)- Thread-83getKeyNotify
2020-09-07 14:22:24,312 INFO (SafeMap.java:50)- map的size=0
2020-09-07 14:22:24,312 INFO (SafeMap.java:63)- Thread-15getKeyNotify
2020-09-07 14:22:24,312 INFO (SafeMap.java:50)- map的size=0
2020-09-07 14:22:24,313 INFO (SafeMap.java:63)- Thread-49getKeyNotify
2020-09-07 14:22:24,313 INFO (SafeMap.java:50)- map的size=0
2020-09-07 14:22:24,313 INFO (SafeMap.java:63)- Thread-32getKeyNotify
2020-09-07 14:22:24,313 INFO (SafeMap.java:50)- map的size=0
2020-09-07 14:22:24,314 INFO (SafeMap.java:63)- Thread-22getKeyNotify
2020-09-07 14:22:24,314 INFO (SafeMap.java:50)- map的size=0
2020-09-07 14:22:24,314 INFO (SafeMap.java:63)- Thread-9getKeyNotify
2020-09-07 14:22:24,314 INFO (SafeMap.java:50)- map的size=0
2020-09-07 14:22:24,314 INFO (SafeMap.java:63)- Thread-74getKeyNotify
2020-09-07 14:22:24,314 INFO (SafeMap.java:50)- map的size=0
2020-09-07 14:22:24,315 INFO (SafeMap.java:63)- Thread-78getKeyNotify
2020-09-07 14:22:24,315 INFO (SafeMap.java:50)- map的size=0
2020-09-07 14:22:24,315 INFO (SafeMap.java:63)- Thread-3getKeyNotify
2020-09-07 14:22:24,315 INFO (SafeMap.java:50)- map的size=0
2020-09-07 14:22:24,315 INFO (SafeMap.java:63)- Thread-64getKeyNotify
2020-09-07 14:22:24,315 INFO (SafeMap.java:50)- map的size=0
2020-09-07 14:22:24,315 INFO (SafeMap.java:63)- Thread-101getKeyNotify
2020-09-07 14:22:24,315 INFO (SafeMap.java:50)- map的size=0
2020-09-07 14:22:24,315 INFO (SafeMap.java:63)- Thread-62getKeyNotify
2020-09-07 14:22:24,316 INFO (SafeMap.java:50)- map的size=0
2020-09-07 14:22:24,316 INFO (SafeMap.java:63)- Thread-66getKeyNotify
2020-09-07 14:22:24,316 INFO (SafeMap.java:50)- map的size=0
2020-09-07 14:22:24,316 INFO (SafeMap.java:63)- Thread-90getKeyNotify
2020-09-07 14:22:24,316 INFO (SafeMap.java:50)- map的size=0
2020-09-07 14:22:24,316 INFO (SafeMap.java:63)- Thread-6getKeyNotify
2020-09-07 14:22:24,316 INFO (SafeMap.java:50)- map的size=0
2020-09-07 14:22:24,317 INFO (SafeMap.java:63)- Thread-28getKeyNotify
2020-09-07 14:22:24,317 INFO (SafeMap.java:50)- map的size=0
2020-09-07 14:22:24,317 INFO (SafeMap.java:63)- Thread-51getKeyNotify
2020-09-07 14:22:24,319 INFO (SafeMap.java:50)- map的size=0
2020-09-07 14:22:24,320 INFO (SafeMap.java:63)- Thread-37getKeyNotify
2020-09-07 14:22:24,320 INFO (SafeMap.java:50)- map的size=0
2020-09-07 14:22:24,321 INFO (SafeMap.java:63)- Thread-89getKeyNotify
2020-09-07 14:22:24,321 INFO (SafeMap.java:50)- map的size=0
2020-09-07 14:22:24,321 INFO (SafeMap.java:63)- Thread-82getKeyNotify
2020-09-07 14:22:24,322 INFO (SafeMap.java:50)- map的size=0
2020-09-07 14:22:24,322 INFO (SafeMap.java:63)- Thread-4getKeyNotify
2020-09-07 14:22:24,322 INFO (SafeMap.java:50)- map的size=0
2020-09-07 14:22:24,323 INFO (SafeMap.java:63)- Thread-2getKeyNotify
2020-09-07 14:22:24,324 INFO (SafeMap.java:50)- map的size=0
2020-09-07 14:22:24,324 INFO (SafeMap.java:63)- Thread-80getKeyNotify
2020-09-07 14:22:24,324 INFO (SafeMap.java:50)- map的size=0
2020-09-07 14:22:24,324 INFO (SafeMap.java:63)- Thread-97getKeyNotify
2020-09-07 14:22:24,325 INFO (SafeMap.java:50)- map的size=0
2020-09-07 14:22:24,325 INFO (SafeMap.java:63)- Thread-60getKeyNotify
2020-09-07 14:22:24,326 INFO (SafeMap.java:50)- map的size=0
2020-09-07 14:22:24,326 INFO (SafeMap.java:63)- Thread-73getKeyNotify
2020-09-07 14:22:24,330 INFO (SafeMap.java:50)- map的size=0
2020-09-07 14:22:24,331 INFO (SafeMap.java:63)- Thread-23getKeyNotify
2020-09-07 14:22:24,331 INFO (SafeMap.java:50)- map的size=0
2020-09-07 14:22:24,331 INFO (SafeMap.java:63)- Thread-84getKeyNotify
2020-09-07 14:22:24,332 INFO (SafeMap.java:50)- map的size=0
2020-09-07 14:22:24,332 INFO (SafeMap.java:63)- Thread-55getKeyNotify
2020-09-07 14:22:24,332 INFO (SafeMap.java:50)- map的size=0
2020-09-07 14:22:24,332 INFO (SafeMap.java:63)- Thread-68getKeyNotify
2020-09-07 14:22:24,332 INFO (SafeMap.java:50)- map的size=0
2020-09-07 14:22:24,333 INFO (SafeMap.java:63)- Thread-36getKeyNotify
2020-09-07 14:22:24,333 INFO (SafeMap.java:50)- map的size=0
2020-09-07 14:22:24,333 INFO (SafeMap.java:63)- Thread-25getKeyNotify
2020-09-07 14:22:24,333 INFO (SafeMap.java:50)- map的size=0
2020-09-07 14:22:24,334 INFO (SafeMap.java:63)- Thread-5getKeyNotify
2020-09-07 14:22:24,334 INFO (SafeMap.java:50)- map的size=0
2020-09-07 14:22:24,336 INFO (SafeMap.java:63)- Thread-38getKeyNotify
2020-09-07 14:22:24,337 INFO (SafeMap.java:50)- map的size=0
2020-09-07 14:22:24,337 INFO (SafeMap.java:63)- Thread-43getKeyNotify
2020-09-07 14:22:24,337 INFO (SafeMap.java:50)- map的size=0
2020-09-07 14:22:24,337 INFO (SafeMap.java:63)- Thread-26getKeyNotify
2020-09-07 14:22:24,338 INFO (SafeMap.java:25)- Thread-72setKeyWait
2020-09-07 14:22:24,338 INFO (SafeMap.java:50)- map的size=1
2020-09-07 14:22:24,339 INFO (SafeMap.java:54)- Thread-63getKeyWait
2020-09-07 14:22:24,340 INFO (SafeMap.java:50)- map的size=0
2020-09-07 14:22:24,340 INFO (SafeMap.java:63)- Thread-87getKeyNotify
2020-09-07 14:22:24,341 INFO (SafeMap.java:50)- map的size=0
2020-09-07 14:22:24,342 INFO (SafeMap.java:63)- Thread-58getKeyNotify
2020-09-07 14:22:24,343 INFO (SafeMap.java:50)- map的size=0
2020-09-07 14:22:24,343 INFO (SafeMap.java:63)- Thread-33getKeyNotify
2020-09-07 14:22:24,344 INFO (SafeMap.java:50)- map的size=0
2020-09-07 14:22:24,344 INFO (SafeMap.java:63)- Thread-7getKeyNotify
2020-09-07 14:22:24,344 INFO (SafeMap.java:50)- map的size=0
2020-09-07 14:22:24,346 INFO (SafeMap.java:63)- Thread-67getKeyNotify
2020-09-07 14:22:24,346 INFO (SafeMap.java:50)- map的size=0
2020-09-07 14:22:24,347 INFO (SafeMap.java:63)- Thread-79getKeyNotify
2020-09-07 14:22:24,349 INFO (SafeMap.java:50)- map的size=0
2020-09-07 14:22:24,349 INFO (SafeMap.java:63)- Thread-76getKeyNotify
2020-09-07 14:22:24,349 INFO (SafeMap.java:50)- map的size=0
2020-09-07 14:22:24,350 INFO (SafeMap.java:63)- Thread-29getKeyNotify
2020-09-07 14:22:24,350 INFO (SafeMap.java:50)- map的size=0
2020-09-07 14:22:24,350 INFO (SafeMap.java:63)- Thread-61getKeyNotify
2020-09-07 14:22:24,350 INFO (SafeMap.java:50)- map的size=0
2020-09-07 14:22:24,350 INFO (SafeMap.java:63)- Thread-47getKeyNotify
2020-09-07 14:22:24,351 INFO (SafeMap.java:50)- map的size=0
2020-09-07 14:22:24,351 INFO (SafeMap.java:63)- Thread-85getKeyNotify
2020-09-07 14:22:24,351 INFO (SafeMap.java:50)- map的size=0
2020-09-07 14:22:24,351 INFO (SafeMap.java:63)- Thread-19getKeyNotify
2020-09-07 14:22:24,351 INFO (SafeMap.java:25)- Thread-19setKeyWait
2020-09-07 14:22:24,352 INFO (SafeMap.java:50)- map的size=1
2020-09-07 14:22:24,353 INFO (SafeMap.java:34)- Thread-46setKeyNotify
2020-09-07 14:22:24,353 INFO (SafeMap.java:50)- map的size=1
2020-09-07 14:22:24,353 INFO (SafeMap.java:54)- Thread-46getKeyWait
2020-09-07 14:22:24,354 INFO (SafeMap.java:50)- map的size=0
2020-09-07 14:22:24,355 INFO (SafeMap.java:63)- Thread-72getKeyNotify
2020-09-07 14:22:24,356 INFO (SafeMap.java:50)- map的size=0
2020-09-07 14:22:24,356 INFO (SafeMap.java:63)- Thread-45getKeyNotify
2020-09-07 14:22:24,356 INFO (SafeMap.java:50)- map的size=0
2020-09-07 14:22:24,356 INFO (SafeMap.java:63)- Thread-59getKeyNotify
2020-09-07 14:22:24,357 INFO (SafeMap.java:50)- map的size=0
2020-09-07 14:22:24,357 INFO (SafeMap.java:63)- Thread-12getKeyNotify
2020-09-07 14:22:24,357 INFO (SafeMap.java:50)- map的size=0
2020-09-07 14:22:24,358 INFO (SafeMap.java:63)- Thread-65getKeyNotify
2020-09-07 14:22:24,358 INFO (SafeMap.java:50)- map的size=0
