2020-09-07 14:22:24,073 INFO (StartupInfoLogger.java:61)- Started CountDownTest in 3.981 seconds (JVM running for 5.372)
2020-09-07 14:22:24,232 INFO (SafeMap.java:25)- Thread-19setKeyWait
2020-09-07 14:22:24,233 INFO (SafeMap.java:34)- Thread-31setKeyNotify
2020-09-07 14:22:24,234 INFO (SafeMap.java:34)- Thread-10setKeyNotify
2020-09-07 14:22:24,234 INFO (SafeMap.java:34)- Thread-44setKeyNotify
2020-09-07 14:22:24,234 INFO (SafeMap.java:34)- Thread-17setKeyNotify
2020-09-07 14:22:24,234 INFO (SafeMap.java:34)- Thread-11setKeyNotify
2020-09-07 14:22:24,235 INFO (SafeMap.java:34)- Thread-75setKeyNotify
2020-09-07 14:22:24,235 INFO (SafeMap.java:34)- Thread-88setKeyNotify
2020-09-07 14:22:24,235 INFO (SafeMap.java:34)- Thread-86setKeyNotify
2020-09-07 14:22:24,239 INFO (SafeMap.java:34)- Thread-16setKeyNotify
2020-09-07 14:22:24,240 INFO (SafeMap.java:34)- Thread-54setKeyNotify
2020-09-07 14:22:24,240 INFO (SafeMap.java:34)- Thread-13setKeyNotify
2020-09-07 14:22:24,240 INFO (SafeMap.java:34)- Thread-52setKeyNotify
2020-09-07 14:22:24,241 INFO (SafeMap.java:34)- Thread-42setKeyNotify
2020-09-07 14:22:24,241 INFO (SafeMap.java:34)- Thread-77setKeyNotify
2020-09-07 14:22:24,241 INFO (SafeMap.java:34)- Thread-21setKeyNotify
2020-09-07 14:22:24,241 INFO (SafeMap.java:34)- Thread-65setKeyNotify
2020-09-07 14:22:24,241 INFO (SafeMap.java:34)- Thread-57setKeyNotify
2020-09-07 14:22:24,241 INFO (SafeMap.java:34)- Thread-24setKeyNotify
2020-09-07 14:22:24,242 INFO (SafeMap.java:50)- map的size=1
2020-09-07 14:22:24,242 INFO (SafeMap.java:54)- Thread-65getKeyWait
2020-09-07 14:22:24,242 INFO (SafeMap.java:25)- Thread-35setKeyWait
2020-09-07 14:22:24,242 INFO (SafeMap.java:50)- map的size=1
2020-09-07 14:22:24,242 INFO (SafeMap.java:54)- Thread-57getKeyWait
2020-09-07 14:22:24,242 INFO (SafeMap.java:50)- map的size=0
2020-09-07 14:22:24,242 INFO (SafeMap.java:63)- Thread-24getKeyNotify
2020-09-07 14:22:24,243 INFO (SafeMap.java:25)- Thread-24setKeyWait
