2020-09-07 14:24:57,123 INFO (SafeMap.java:63)- Thread-68getKeyNotify
2020-09-07 14:24:57,127 INFO (SafeMap.java:50)- map的size=0
2020-09-07 14:24:57,128 INFO (SafeMap.java:63)- Thread-20getKeyNotify
2020-09-07 14:24:57,129 INFO (SafeMap.java:50)- map的size=0
2020-09-07 14:24:57,129 INFO (SafeMap.java:63)- Thread-60getKeyNotify
2020-09-07 14:24:57,129 INFO (SafeMap.java:50)- map的size=0
2020-09-07 14:24:57,129 INFO (SafeMap.java:63)- Thread-46getKeyNotify
2020-09-07 14:24:57,129 INFO (SafeMap.java:50)- map的size=0
2020-09-07 14:24:57,130 INFO (SafeMap.java:63)- Thread-19getKeyNotify
2020-09-07 14:24:57,130 INFO (SafeMap.java:50)- map的size=0
2020-09-07 14:24:57,130 INFO (SafeMap.java:63)- Thread-14getKeyNotify
2020-09-07 14:24:57,130 INFO (SafeMap.java:50)- map的size=0
2020-09-07 14:24:57,131 INFO (SafeMap.java:63)- Thread-32getKeyNotify
2020-09-07 14:24:57,131 INFO (SafeMap.java:50)- map的size=0
2020-09-07 14:24:57,132 INFO (SafeMap.java:63)- Thread-24getKeyNotify
2020-09-07 14:24:57,132 INFO (SafeMap.java:25)- Thread-58setKeyWait
2020-09-07 14:24:57,132 INFO (SafeMap.java:34)- Thread-21setKeyNotify
2020-09-07 14:24:57,132 INFO (SafeMap.java:34)- Thread-35setKeyNotify
2020-09-07 14:24:57,132 INFO (SafeMap.java:34)- Thread-16setKeyNotify
2020-09-07 14:24:57,132 INFO (SafeMap.java:34)- Thread-74setKeyNotify
2020-09-07 14:24:57,133 INFO (SafeMap.java:34)- Thread-89setKeyNotify
2020-09-07 14:24:57,133 INFO (SafeMap.java:34)- Thread-51setKeyNotify
2020-09-07 14:24:57,133 INFO (SafeMap.java:34)- Thread-67setKeyNotify
2020-09-07 14:24:57,133 INFO (SafeMap.java:34)- Thread-15setKeyNotify
2020-09-07 14:24:57,133 INFO (SafeMap.java:34)- Thread-86setKeyNotify
2020-09-07 14:24:57,133 INFO (SafeMap.java:34)- Thread-12setKeyNotify
2020-09-07 14:24:57,134 INFO (SafeMap.java:34)- Thread-76setKeyNotify
2020-09-07 14:24:57,134 INFO (SafeMap.java:34)- Thread-65setKeyNotify
2020-09-07 14:24:57,134 INFO (SafeMap.java:34)- Thread-75setKeyNotify
2020-09-07 14:24:57,134 INFO (SafeMap.java:50)- map的size=1
2020-09-07 14:24:57,134 INFO (SafeMap.java:34)- Thread-75setKeyNotify
2020-09-07 14:24:57,134 INFO (SafeMap.java:34)- Thread-44setKeyNotify
2020-09-07 14:24:57,134 INFO (SafeMap.java:34)- Thread-91setKeyNotify
2020-09-07 14:24:57,135 INFO (SafeMap.java:34)- Thread-81setKeyNotify
2020-09-07 14:24:57,135 INFO (SafeMap.java:34)- Thread-69setKeyNotify
2020-09-07 14:24:57,135 INFO (SafeMap.java:34)- Thread-100setKeyNotify
2020-09-07 14:24:57,135 INFO (SafeMap.java:34)- Thread-97setKeyNotify
2020-09-07 14:24:57,135 INFO (SafeMap.java:34)- Thread-5setKeyNotify
2020-09-07 14:24:57,135 INFO (SafeMap.java:34)- Thread-96setKeyNotify
2020-09-07 14:24:57,136 INFO (SafeMap.java:34)- Thread-83setKeyNotify
2020-09-07 14:24:57,136 INFO (SafeMap.java:34)- Thread-13setKeyNotify
2020-09-07 14:24:57,136 INFO (SafeMap.java:34)- Thread-34setKeyNotify
2020-09-07 14:24:57,136 INFO (SafeMap.java:50)- map的size=1
2020-09-07 14:24:57,136 INFO (SafeMap.java:34)- Thread-23setKeyNotify
2020-09-07 14:24:57,136 INFO (SafeMap.java:34)- Thread-43setKeyNotify
2020-09-07 14:24:57,137 INFO (SafeMap.java:50)- map的size=1
2020-09-07 14:24:57,137 INFO (SafeMap.java:34)- Thread-43setKeyNotify
2020-09-07 14:24:57,137 INFO (SafeMap.java:34)- Thread-57setKeyNotify
2020-09-07 14:24:57,137 INFO (SafeMap.java:34)- Thread-73setKeyNotify
2020-09-07 14:24:57,137 INFO (SafeMap.java:50)- map的size=1
2020-09-07 14:24:57,137 INFO (SafeMap.java:34)- Thread-73setKeyNotify
2020-09-07 14:24:57,137 INFO (SafeMap.java:50)- map的size=1
2020-09-07 14:24:57,138 INFO (SafeMap.java:54)- Thread-73getKeyWait
2020-09-07 14:24:57,138 INFO (SafeMap.java:25)- Thread-80setKeyWait
2020-09-07 14:24:57,138 INFO (SafeMap.java:34)- Thread-36setKeyNotify
2020-09-07 14:24:57,138 INFO (SafeMap.java:50)- map的size=1
2020-09-07 14:24:57,140 INFO (SafeMap.java:54)- Thread-36getKeyWait
2020-09-07 14:24:57,141 INFO (SafeMap.java:25)- Thread-36setKeyWait
2020-09-07 14:24:57,141 INFO (SafeMap.java:34)- Thread-40setKeyNotify
2020-09-07 14:24:57,142 INFO (SafeMap.java:34)- Thread-62setKeyNotify
2020-09-07 14:24:57,142 INFO (SafeMap.java:50)- map的size=1
2020-09-07 14:24:57,142 INFO (SafeMap.java:34)- Thread-62setKeyNotify
2020-09-07 14:24:57,142 INFO (SafeMap.java:50)- map的size=1
2020-09-07 14:24:57,142 INFO (SafeMap.java:54)- Thread-62getKeyWait
2020-09-07 14:24:57,144 INFO (SafeMap.java:25)- Thread-63setKeyWait
2020-09-07 14:24:57,145 INFO (SafeMap.java:34)- Thread-77setKeyNotify
2020-09-07 14:24:57,145 INFO (SafeMap.java:50)- map的size=1
2020-09-07 14:24:57,145 INFO (SafeMap.java:54)- Thread-77getKeyWait
2020-09-07 14:24:57,146 INFO (SafeMap.java:25)- Thread-77setKeyWait
2020-09-07 14:24:57,146 INFO (SafeMap.java:34)- Thread-53setKeyNotify
2020-09-07 14:24:57,146 INFO (SafeMap.java:34)- Thread-54setKeyNotify
2020-09-07 14:24:57,146 INFO (SafeMap.java:50)- map的size=1
2020-09-07 14:24:57,146 INFO (SafeMap.java:34)- Thread-54setKeyNotify
2020-09-07 14:24:57,147 INFO (SafeMap.java:50)- map的size=1
2020-09-07 14:24:57,147 INFO (SafeMap.java:54)- Thread-54getKeyWait
2020-09-07 14:24:57,148 INFO (SafeMap.java:25)- Thread-88setKeyWait
2020-09-07 14:24:57,148 INFO (SafeMap.java:34)- Thread-25setKeyNotify
2020-09-07 14:24:57,148 INFO (SafeMap.java:50)- map的size=1
2020-09-07 14:24:57,148 INFO (SafeMap.java:54)- Thread-25getKeyWait
2020-09-07 14:24:57,149 INFO (SafeMap.java:25)- Thread-25setKeyWait
2020-09-07 14:24:57,152 INFO (SafeMap.java:34)- Thread-95setKeyNotify
2020-09-07 14:24:57,153 INFO (SafeMap.java:50)- map的size=1
2020-09-07 14:24:57,153 INFO (SafeMap.java:34)- Thread-95setKeyNotify
2020-09-07 14:24:57,153 INFO (SafeMap.java:50)- map的size=1
2020-09-07 14:24:57,154 INFO (SafeMap.java:54)- Thread-95getKeyWait
2020-09-07 14:24:57,157 INFO (SafeMap.java:25)- Thread-22setKeyWait
2020-09-07 14:24:57,158 INFO (SafeMap.java:34)- Thread-7setKeyNotify
2020-09-07 14:24:57,159 INFO (SafeMap.java:50)- map的size=1
2020-09-07 14:24:57,159 INFO (SafeMap.java:54)- Thread-7getKeyWait
2020-09-07 14:24:57,159 INFO (SafeMap.java:25)- Thread-7setKeyWait
2020-09-07 14:24:57,160 INFO (SafeMap.java:34)- Thread-9setKeyNotify
2020-09-07 14:24:57,160 INFO (SafeMap.java:50)- map的size=1
2020-09-07 14:24:57,160 INFO (SafeMap.java:34)- Thread-9setKeyNotify
2020-09-07 14:24:57,160 INFO (SafeMap.java:50)- map的size=1
2020-09-07 14:24:57,160 INFO (SafeMap.java:54)- Thread-9getKeyWait
2020-09-07 14:24:57,160 INFO (SafeMap.java:25)- Thread-26setKeyWait
2020-09-07 14:24:57,161 INFO (SafeMap.java:34)- Thread-49setKeyNotify
2020-09-07 14:24:57,161 INFO (SafeMap.java:50)- map的size=1
2020-09-07 14:24:57,161 INFO (SafeMap.java:54)- Thread-49getKeyWait
2020-09-07 14:24:57,161 INFO (SafeMap.java:25)- Thread-49setKeyWait
2020-09-07 14:24:57,161 INFO (SafeMap.java:34)- Thread-29setKeyNotify
2020-09-07 14:24:57,161 INFO (SafeMap.java:50)- map的size=1
2020-09-07 14:24:57,162 INFO (SafeMap.java:34)- Thread-29setKeyNotify
2020-09-07 14:24:57,162 INFO (SafeMap.java:50)- map的size=1
2020-09-07 14:24:57,162 INFO (SafeMap.java:54)- Thread-29getKeyWait
2020-09-07 14:24:57,162 INFO (SafeMap.java:25)- Thread-17setKeyWait
2020-09-07 14:24:57,162 INFO (SafeMap.java:34)- Thread-3setKeyNotify
2020-09-07 14:24:57,163 INFO (SafeMap.java:50)- map的size=1
2020-09-07 14:24:57,163 INFO (SafeMap.java:54)- Thread-3getKeyWait
2020-09-07 14:24:57,163 INFO (SafeMap.java:25)- Thread-3setKeyWait
2020-09-07 14:24:57,163 INFO (SafeMap.java:34)- Thread-33setKeyNotify
2020-09-07 14:24:57,163 INFO (SafeMap.java:50)- map的size=1
2020-09-07 14:24:57,163 INFO (SafeMap.java:34)- Thread-33setKeyNotify
2020-09-07 14:24:57,163 INFO (SafeMap.java:50)- map的size=1
2020-09-07 14:24:57,164 INFO (SafeMap.java:54)- Thread-33getKeyWait
2020-09-07 14:24:57,164 INFO (SafeMap.java:25)- Thread-79setKeyWait
2020-09-07 14:24:57,164 INFO (SafeMap.java:34)- Thread-10setKeyNotify
2020-09-07 14:24:57,165 INFO (SafeMap.java:50)- map的size=1
2020-09-07 14:24:57,165 INFO (SafeMap.java:54)- Thread-10getKeyWait
2020-09-07 14:24:57,166 INFO (SafeMap.java:25)- Thread-10setKeyWait
