2020-09-07 11:03:08,103 INFO (StartupInfoLogger.java:61)- Started CustomizeApplicationTests in 3.781 seconds (JVM running for 5.902)
2020-09-07 11:03:08,235 INFO (SafeMap.java:25)- Thread-3notify
2020-09-07 11:03:08,236 INFO (SafeMap.java:29)- Thread-4wait
2020-09-07 11:03:08,237 INFO (SafeMap.java:29)- Thread-2wait
2020-09-07 11:03:08,237 INFO (SafeMap.java:48)- Thread-3notify
2020-09-07 11:03:08,237 INFO (SafeMap.java:25)- Thread-3notify
2020-09-07 11:03:08,238 INFO (SafeMap.java:48)- Thread-3notify
2020-09-07 11:03:08,238 INFO (SafeMap.java:53)- Thread-4wait
2020-09-07 11:03:08,238 INFO (SafeMap.java:53)- Thread-2wait
2020-09-07 11:03:08,270 INFO (JsonToJsonAop.java:60)- json转换结果result={"high":0,"fix":false,"name":"lijiaxing","age":"null"}
2020-09-07 11:03:08,419 INFO (SafeMap.java:25)- mainnotify
2020-09-07 11:03:08,419 INFO (SafeMap.java:29)- Thread-4wait
2020-09-07 11:03:08,419 INFO (SafeMap.java:48)- mainnotify
2020-09-07 11:03:08,420 INFO (SafeMap.java:25)- mainnotify
2020-09-07 11:03:08,420 INFO (SafeMap.java:29)- Thread-2wait
2020-09-07 11:03:08,420 INFO (SafeMap.java:48)- mainnotify
2020-09-07 11:03:08,421 INFO (SafeMap.java:53)- Thread-4wait
2020-09-07 11:03:08,421 INFO (JsonToJsonAop.java:60)- json转换结果result={"high":0,"fix":false,"name":"lijiaxing","age":"11"}
2020-09-07 11:03:08,421 INFO (SafeMap.java:53)- Thread-2wait
2020-09-07 11:05:54,862 INFO (StartupInfoLogger.java:55)- Starting CustomizeApplicationTests on SKY-20200628CJA with PID 22556 (started by My in C:\Users\My\IdeaProjects\customize)
2020-09-07 11:05:54,864 DEBUG (StartupInfoLogger.java:56)- Running with Spring Boot v2.3.3.RELEASE, Spring v5.2.8.RELEASE
2020-09-07 11:05:54,865 INFO (SpringApplication.java:651)- No active profile set, falling back to default profiles: default
