2020-09-07 14:09:32,175 INFO (SafeMap.java:34)- Thread-73setKeyNotify
2020-09-07 14:09:32,177 INFO (SafeMap.java:34)- Thread-32setKeyNotify
2020-09-07 14:09:32,178 INFO (SafeMap.java:34)- Thread-93setKeyNotify
2020-09-07 14:09:32,178 INFO (SafeMap.java:34)- Thread-80setKeyNotify
2020-09-07 14:09:32,178 INFO (SafeMap.java:34)- Thread-97setKeyNotify
2020-09-07 14:09:32,179 INFO (SafeMap.java:34)- Thread-15setKeyNotify
2020-09-07 14:09:32,179 INFO (SafeMap.java:34)- Thread-61setKeyNotify
2020-09-07 14:09:32,179 INFO (SafeMap.java:34)- Thread-76setKeyNotify
2020-09-07 14:09:32,179 INFO (SafeMap.java:34)- Thread-31setKeyNotify
2020-09-07 14:09:32,179 INFO (SafeMap.java:34)- Thread-42setKeyNotify
2020-09-07 14:09:32,179 INFO (SafeMap.java:34)- Thread-58setKeyNotify
2020-09-07 14:09:32,180 INFO (SafeMap.java:34)- Thread-74setKeyNotify
2020-09-07 14:09:32,180 INFO (SafeMap.java:34)- Thread-69setKeyNotify
2020-09-07 14:09:32,180 INFO (SafeMap.java:34)- Thread-82setKeyNotify
2020-09-07 14:09:32,180 INFO (SafeMap.java:34)- Thread-41setKeyNotify
2020-09-07 14:09:32,180 INFO (SafeMap.java:34)- Thread-24setKeyNotify
2020-09-07 14:09:32,181 INFO (SafeMap.java:34)- Thread-92setKeyNotify
2020-09-07 14:09:32,181 INFO (SafeMap.java:34)- Thread-75setKeyNotify
2020-09-07 14:09:32,181 INFO (SafeMap.java:34)- Thread-90setKeyNotify
2020-09-07 14:09:32,181 INFO (SafeMap.java:34)- Thread-38setKeyNotify
2020-09-07 14:09:32,181 INFO (SafeMap.java:34)- Thread-100setKeyNotify
2020-09-07 14:09:32,181 INFO (SafeMap.java:34)- Thread-17setKeyNotify
2020-09-07 14:09:32,181 INFO (SafeMap.java:34)- Thread-10setKeyNotify
2020-09-07 14:09:32,182 INFO (SafeMap.java:34)- Thread-98setKeyNotify
2020-09-07 14:09:32,182 INFO (SafeMap.java:34)- Thread-46setKeyNotify
2020-09-07 14:09:32,182 INFO (SafeMap.java:34)- Thread-72setKeyNotify
2020-09-07 14:09:32,182 INFO (SafeMap.java:34)- Thread-53setKeyNotify
2020-09-07 14:09:32,182 INFO (SafeMap.java:34)- Thread-27setKeyNotify
2020-09-07 14:09:32,182 INFO (SafeMap.java:34)- Thread-11setKeyNotify
2020-09-07 14:09:32,183 INFO (SafeMap.java:34)- Thread-45setKeyNotify
2020-09-07 14:09:32,183 INFO (SafeMap.java:50)- map的size=1
2020-09-07 14:09:32,183 INFO (SafeMap.java:54)- Thread-11getKeyWait
2020-09-07 14:09:32,183 INFO (SafeMap.java:50)- map的size=0
2020-09-07 14:09:32,183 INFO (SafeMap.java:63)- Thread-27getKeyNotify
2020-09-07 14:09:32,183 INFO (SafeMap.java:25)- Thread-27setKeyWait
2020-09-07 14:09:32,183 INFO (SafeMap.java:50)- map的size=1
2020-09-07 14:09:32,184 INFO (SafeMap.java:34)- Thread-53setKeyNotify
2020-09-07 14:09:32,184 INFO (SafeMap.java:50)- map的size=1
2020-09-07 14:09:32,184 INFO (SafeMap.java:34)- Thread-72setKeyNotify
2020-09-07 14:09:32,184 INFO (SafeMap.java:50)- map的size=1
2020-09-07 14:09:32,184 INFO (SafeMap.java:34)- Thread-46setKeyNotify
2020-09-07 14:09:32,184 INFO (SafeMap.java:50)- map的size=1
2020-09-07 14:09:32,184 INFO (SafeMap.java:34)- Thread-98setKeyNotify
2020-09-07 14:09:32,184 INFO (SafeMap.java:50)- map的size=1
2020-09-07 14:09:32,184 INFO (SafeMap.java:34)- Thread-10setKeyNotify
2020-09-07 14:09:32,185 INFO (SafeMap.java:50)- map的size=1
2020-09-07 14:09:32,185 INFO (SafeMap.java:34)- Thread-17setKeyNotify
2020-09-07 14:09:32,185 INFO (SafeMap.java:50)- map的size=1
2020-09-07 14:09:32,185 INFO (SafeMap.java:34)- Thread-100setKeyNotify
2020-09-07 14:09:32,185 INFO (SafeMap.java:50)- map的size=1
2020-09-07 14:09:32,185 INFO (SafeMap.java:34)- Thread-38setKeyNotify
2020-09-07 14:09:32,185 INFO (SafeMap.java:50)- map的size=1
2020-09-07 14:09:32,185 INFO (SafeMap.java:34)- Thread-90setKeyNotify
2020-09-07 14:09:32,186 INFO (SafeMap.java:50)- map的size=1
2020-09-07 14:09:32,186 INFO (SafeMap.java:34)- Thread-75setKeyNotify
2020-09-07 14:09:32,186 INFO (SafeMap.java:50)- map的size=1
2020-09-07 14:09:32,186 INFO (SafeMap.java:34)- Thread-92setKeyNotify
2020-09-07 14:09:32,186 INFO (SafeMap.java:50)- map的size=1
2020-09-07 14:09:32,186 INFO (SafeMap.java:34)- Thread-24setKeyNotify
2020-09-07 14:09:32,186 INFO (SafeMap.java:50)- map的size=1
2020-09-07 14:09:32,187 INFO (SafeMap.java:34)- Thread-41setKeyNotify
2020-09-07 14:09:32,187 INFO (SafeMap.java:50)- map的size=1
2020-09-07 14:09:32,187 INFO (SafeMap.java:34)- Thread-82setKeyNotify
2020-09-07 14:09:32,187 INFO (SafeMap.java:50)- map的size=1
