2020-09-07 14:09:32,015 INFO (StartupInfoLogger.java:61)- Started CountDownTest in 3.931 seconds (JVM running for 5.35)
2020-09-07 14:09:32,155 INFO (SafeMap.java:25)- Thread-3setKeyWait
2020-09-07 14:09:32,156 INFO (SafeMap.java:34)- Thread-56setKeyNotify
2020-09-07 14:09:32,157 INFO (SafeMap.java:34)- Thread-95setKeyNotify
2020-09-07 14:09:32,157 INFO (SafeMap.java:34)- Thread-25setKeyNotify
2020-09-07 14:09:32,157 INFO (SafeMap.java:34)- Thread-67setKeyNotify
2020-09-07 14:09:32,158 INFO (SafeMap.java:34)- Thread-99setKeyNotify
2020-09-07 14:09:32,158 INFO (SafeMap.java:34)- Thread-84setKeyNotify
2020-09-07 14:09:32,158 INFO (SafeMap.java:34)- Thread-48setKeyNotify
2020-09-07 14:09:32,158 INFO (SafeMap.java:34)- Thread-23setKeyNotify
2020-09-07 14:09:32,162 INFO (SafeMap.java:34)- Thread-52setKeyNotify
2020-09-07 14:09:32,163 INFO (SafeMap.java:34)- Thread-21setKeyNotify
2020-09-07 14:09:32,163 INFO (SafeMap.java:34)- Thread-66setKeyNotify
2020-09-07 14:09:32,163 INFO (SafeMap.java:34)- Thread-63setKeyNotify
2020-09-07 14:09:32,163 INFO (SafeMap.java:34)- Thread-36setKeyNotify
2020-09-07 14:09:32,164 INFO (SafeMap.java:34)- Thread-91setKeyNotify
2020-09-07 14:09:32,164 INFO (SafeMap.java:34)- Thread-54setKeyNotify
2020-09-07 14:09:32,164 INFO (SafeMap.java:34)- Thread-14setKeyNotify
2020-09-07 14:09:32,164 INFO (SafeMap.java:34)- Thread-29setKeyNotify
2020-09-07 14:09:32,164 INFO (SafeMap.java:34)- Thread-88setKeyNotify
2020-09-07 14:09:32,165 INFO (SafeMap.java:50)- map的size=1
2020-09-07 14:09:32,165 INFO (SafeMap.java:54)- Thread-14getKeyWait
2020-09-07 14:09:32,165 INFO (SafeMap.java:25)- Thread-86setKeyWait
2020-09-07 14:09:32,165 INFO (SafeMap.java:34)- Thread-22setKeyNotify
2020-09-07 14:09:32,165 INFO (SafeMap.java:34)- Thread-13setKeyNotify
2020-09-07 14:09:32,166 INFO (SafeMap.java:34)- Thread-77setKeyNotify
2020-09-07 14:09:32,166 INFO (SafeMap.java:34)- Thread-26setKeyNotify
2020-09-07 14:09:32,166 INFO (SafeMap.java:34)- Thread-50setKeyNotify
