2020-09-07 14:32:50,499 INFO (StartupInfoLogger.java:61)- Started CountDownTest in 4.25 seconds (JVM running for 5.847)
2020-09-07 14:32:50,624 INFO (SafeMap.java:25)- Thread-6setKeyWait
2020-09-07 14:32:50,625 INFO (SafeMap.java:51)- map的size=1
2020-09-07 14:32:50,625 INFO (SafeMap.java:56)- Thread-6getKeyWait
2020-09-07 14:32:50,625 INFO (SafeMap.java:25)- Thread-6setKeyWait
2020-09-07 14:32:50,626 INFO (SafeMap.java:35)- Thread-5setKeyNotify
2020-09-07 14:32:50,626 INFO (SafeMap.java:51)- map的size=1
2020-09-07 14:32:50,626 INFO (SafeMap.java:56)- Thread-6getKeyWait
2020-09-07 14:32:50,627 INFO (SafeMap.java:35)- Thread-2setKeyNotify
2020-09-07 14:32:50,627 INFO (SafeMap.java:35)- Thread-4setKeyNotify
2020-09-07 14:32:50,627 INFO (SafeMap.java:51)- map的size=0
2020-09-07 14:32:50,631 INFO (SafeMap.java:65)- Thread-5getKeyNotify
2020-09-07 14:32:50,631 INFO (SafeMap.java:51)- map的size=0
2020-09-07 14:32:50,632 INFO (SafeMap.java:65)- Thread-4getKeyNotify
2020-09-07 14:32:50,632 INFO (SafeMap.java:51)- map的size=0
2020-09-07 14:32:50,632 INFO (SafeMap.java:65)- Thread-2getKeyNotify
2020-09-07 14:32:50,651 INFO (JsonToJsonAop.java:67)- 当前线程=Thread-6, json转换结果result={"high":0,"creatTime":0,"fix":false,"name":"lijiaxing","age":"11"}
2020-09-07 14:37:22,233 INFO (StartupInfoLogger.java:55)- Starting CountDownTest on SKY-20200628CJA with PID 27564 (started by My in C:\Users\My\IdeaProjects\customize)
2020-09-07 14:37:22,234 DEBUG (StartupInfoLogger.java:56)- Running with Spring Boot v2.3.3.RELEASE, Spring v5.2.8.RELEASE
2020-09-07 14:37:22,235 INFO (SpringApplication.java:651)- No active profile set, falling back to default profiles: default
