2020-09-11 16:27:11,282 INFO (SafeMap.java:56)- Thread-3namegetKeyWait
2020-09-11 16:27:11,289 INFO (SafeMap.java:26)- Thread-3agesetKeyWait
2020-09-11 16:27:11,289 INFO (SafeMap.java:51)- map的size=1
2020-09-11 16:27:11,289 INFO (SafeMap.java:56)- Thread-3agegetKeyWait
2020-09-11 16:27:11,294 INFO (SafeMap.java:51)- map的size=0
2020-09-11 16:27:11,299 INFO (SafeMap.java:65)- Thread-2namegetKeyNotify
2020-09-11 16:27:11,300 INFO (SafeMap.java:26)- Thread-2agesetKeyWait
2020-09-11 16:27:11,301 INFO (SafeMap.java:51)- map的size=1
2020-09-11 16:27:11,305 INFO (SafeMap.java:56)- Thread-2agegetKeyWait
2020-09-11 16:27:11,340 INFO (JsonToJsonAop.java:72)- 当前线程=Thread-2, json转换结果result={"high":0,"creatTime":0,"fix":false,"name":"lijiaxing","age":"11"}
2020-09-11 16:27:11,340 INFO (JsonToJsonAop.java:72)- 当前线程=Thread-3, json转换结果result={"high":0,"creatTime":0,"fix":false,"name":"lijiaxing","age":"11"}
2020-09-11 16:29:40,024 INFO (StartupInfoLogger.java:55)- Starting CountDownTest on SKY-20200628CJA with PID 23056 (started by My in C:\Users\My\IdeaProjects\customize)
2020-09-11 16:29:40,025 DEBUG (StartupInfoLogger.java:56)- Running with Spring Boot v2.3.3.RELEASE, Spring v5.2.8.RELEASE
2020-09-11 16:29:40,026 INFO (SpringApplication.java:651)- No active profile set, falling back to default profiles: default
2020-09-11 16:29:46,953 INFO (StartupInfoLogger.java:61)- Started CountDownTest in 7.539 seconds (JVM running for 9.191)
2020-09-11 16:29:47,138 INFO (SafeMap.java:26)- Thread-19creatTimesetKeyWait
2020-09-11 16:29:47,139 INFO (SafeMap.java:35)- Thread-5creatTimesetKeyNotify
2020-09-11 16:29:47,139 INFO (SafeMap.java:35)- Thread-20creatTimesetKeyNotify
2020-09-11 16:29:47,139 INFO (SafeMap.java:35)- Thread-25creatTimesetKeyNotify
2020-09-11 16:29:47,145 INFO (SafeMap.java:35)- Thread-9creatTimesetKeyNotify
2020-09-11 16:29:47,146 INFO (SafeMap.java:35)- Thread-30creatTimesetKeyNotify
2020-09-11 16:29:47,147 INFO (SafeMap.java:51)- map的size=1
2020-09-11 16:29:47,147 INFO (SafeMap.java:56)- Thread-30creatTimegetKeyWait
2020-09-11 16:29:47,153 INFO (SafeMap.java:26)- Thread-8creatTimesetKeyWait
2020-09-11 16:29:47,155 INFO (SafeMap.java:35)- Thread-21creatTimesetKeyNotify
2020-09-11 16:29:47,155 INFO (SafeMap.java:35)- Thread-31creatTimesetKeyNotify
2020-09-11 16:29:47,155 INFO (SafeMap.java:51)- map的size=1
2020-09-11 16:29:47,161 INFO (SafeMap.java:56)- Thread-8creatTimegetKeyWait
2020-09-11 16:29:47,162 INFO (SafeMap.java:26)- Thread-8namesetKeyWait
2020-09-11 16:29:47,162 INFO (SafeMap.java:51)- map的size=1
2020-09-11 16:29:47,162 INFO (SafeMap.java:56)- Thread-8namegetKeyWait
2020-09-11 16:29:47,162 INFO (SafeMap.java:26)- Thread-8agesetKeyWait
2020-09-11 16:29:47,163 INFO (SafeMap.java:51)- map的size=1
2020-09-11 16:29:47,163 INFO (SafeMap.java:56)- Thread-8agegetKeyWait
2020-09-11 16:29:47,163 INFO (SafeMap.java:26)- Thread-23creatTimesetKeyWait
2020-09-11 16:29:47,164 INFO (SafeMap.java:35)- Thread-2creatTimesetKeyNotify
2020-09-11 16:29:47,164 INFO (SafeMap.java:51)- map的size=1
2020-09-11 16:29:47,164 INFO (SafeMap.java:56)- Thread-23creatTimegetKeyWait
2020-09-11 16:29:47,165 INFO (SafeMap.java:26)- Thread-23namesetKeyWait
2020-09-11 16:29:47,165 INFO (SafeMap.java:51)- map的size=1
2020-09-11 16:29:47,165 INFO (SafeMap.java:56)- Thread-23namegetKeyWait
2020-09-11 16:29:47,165 INFO (SafeMap.java:26)- Thread-23agesetKeyWait
2020-09-11 16:29:47,165 INFO (SafeMap.java:51)- map的size=1
2020-09-11 16:29:47,172 INFO (SafeMap.java:56)- Thread-23agegetKeyWait
2020-09-11 16:29:47,173 INFO (SafeMap.java:26)- Thread-3creatTimesetKeyWait
2020-09-11 16:29:47,174 INFO (SafeMap.java:51)- map的size=1
2020-09-11 16:29:47,175 INFO (SafeMap.java:56)- Thread-3creatTimegetKeyWait
2020-09-11 16:29:47,175 INFO (SafeMap.java:26)- Thread-3namesetKeyWait
2020-09-11 16:29:47,175 INFO (SafeMap.java:51)- map的size=1
2020-09-11 16:29:47,175 INFO (SafeMap.java:56)- Thread-3namegetKeyWait
2020-09-11 16:29:47,183 INFO (SafeMap.java:26)- Thread-3agesetKeyWait
2020-09-11 16:29:47,183 INFO (SafeMap.java:51)- map的size=1
2020-09-11 16:29:47,184 INFO (SafeMap.java:56)- Thread-3agegetKeyWait
2020-09-11 16:29:47,185 INFO (SafeMap.java:26)- Thread-6creatTimesetKeyWait
2020-09-11 16:29:47,186 INFO (SafeMap.java:51)- map的size=1
2020-09-11 16:29:47,187 INFO (SafeMap.java:56)- Thread-6creatTimegetKeyWait
2020-09-11 16:29:47,187 INFO (SafeMap.java:26)- Thread-6namesetKeyWait
2020-09-11 16:29:47,187 INFO (SafeMap.java:51)- map的size=1
2020-09-11 16:29:47,187 INFO (SafeMap.java:56)- Thread-6namegetKeyWait
2020-09-11 16:29:47,187 INFO (SafeMap.java:26)- Thread-6agesetKeyWait
2020-09-11 16:29:47,187 INFO (SafeMap.java:51)- map的size=1
2020-09-11 16:29:47,188 INFO (SafeMap.java:56)- Thread-6agegetKeyWait
2020-09-11 16:29:47,189 INFO (SafeMap.java:26)- Thread-10creatTimesetKeyWait
2020-09-11 16:29:47,195 INFO (SafeMap.java:35)- Thread-11creatTimesetKeyNotify
2020-09-11 16:29:47,198 INFO (SafeMap.java:35)- Thread-27creatTimesetKeyNotify
2020-09-11 16:29:47,199 INFO (SafeMap.java:51)- map的size=1
2020-09-11 16:29:47,199 INFO (SafeMap.java:56)- Thread-11creatTimegetKeyWait
2020-09-11 16:29:47,199 INFO (SafeMap.java:26)- Thread-11namesetKeyWait
2020-09-11 16:29:47,200 INFO (SafeMap.java:51)- map的size=1
2020-09-11 16:29:47,200 INFO (SafeMap.java:35)- Thread-27namesetKeyNotify
2020-09-11 16:29:47,200 INFO (SafeMap.java:51)- map的size=1
2020-09-11 16:29:47,200 INFO (SafeMap.java:56)- Thread-27namegetKeyWait
2020-09-11 16:29:47,201 INFO (SafeMap.java:26)- Thread-27agesetKeyWait
2020-09-11 16:29:47,202 INFO (SafeMap.java:51)- map的size=1
2020-09-11 16:29:47,203 INFO (SafeMap.java:56)- Thread-27agegetKeyWait
2020-09-11 16:29:47,216 INFO (SafeMap.java:26)- Thread-12creatTimesetKeyWait
2020-09-11 16:29:47,220 INFO (SafeMap.java:51)- map的size=1
2020-09-11 16:29:47,221 INFO (SafeMap.java:56)- Thread-12creatTimegetKeyWait
2020-09-11 16:29:47,221 INFO (SafeMap.java:26)- Thread-12namesetKeyWait
2020-09-11 16:29:47,221 INFO (SafeMap.java:51)- map的size=1
2020-09-11 16:29:47,221 INFO (SafeMap.java:56)- Thread-12namegetKeyWait
2020-09-11 16:29:47,221 INFO (SafeMap.java:26)- Thread-12agesetKeyWait
2020-09-11 16:29:47,221 INFO (SafeMap.java:51)- map的size=1
2020-09-11 16:29:47,222 INFO (SafeMap.java:56)- Thread-12agegetKeyWait
2020-09-11 16:29:47,223 INFO (SafeMap.java:26)- Thread-16creatTimesetKeyWait
2020-09-11 16:29:47,225 INFO (SafeMap.java:35)- Thread-17creatTimesetKeyNotify
2020-09-11 16:29:47,226 INFO (SafeMap.java:35)- Thread-18creatTimesetKeyNotify
2020-09-11 16:29:47,234 INFO (SafeMap.java:35)- Thread-15creatTimesetKeyNotify
2020-09-11 16:29:47,235 INFO (SafeMap.java:51)- map的size=1
2020-09-11 16:29:47,235 INFO (SafeMap.java:56)- Thread-15creatTimegetKeyWait
2020-09-11 16:29:47,235 INFO (SafeMap.java:26)- Thread-15namesetKeyWait
2020-09-11 16:29:47,235 INFO (SafeMap.java:51)- map的size=1
2020-09-11 16:29:47,235 INFO (SafeMap.java:56)- Thread-15namegetKeyWait
2020-09-11 16:29:47,235 INFO (SafeMap.java:26)- Thread-15agesetKeyWait
2020-09-11 16:29:47,236 INFO (SafeMap.java:51)- map的size=1
2020-09-11 16:29:47,236 INFO (SafeMap.java:56)- Thread-15agegetKeyWait
2020-09-11 16:29:47,237 INFO (SafeMap.java:26)- Thread-28creatTimesetKeyWait
2020-09-11 16:29:47,238 INFO (SafeMap.java:35)- Thread-22creatTimesetKeyNotify
2020-09-11 16:29:47,240 INFO (SafeMap.java:35)- Thread-4creatTimesetKeyNotify
2020-09-11 16:29:47,241 INFO (SafeMap.java:35)- Thread-14creatTimesetKeyNotify
2020-09-11 16:29:47,242 INFO (SafeMap.java:35)- Thread-7creatTimesetKeyNotify
2020-09-11 16:29:47,242 INFO (SafeMap.java:51)- map的size=1
2020-09-11 16:29:47,242 INFO (SafeMap.java:56)- Thread-4creatTimegetKeyWait
2020-09-11 16:29:47,242 INFO (SafeMap.java:26)- Thread-4namesetKeyWait
2020-09-11 16:29:47,243 INFO (SafeMap.java:51)- map的size=1
2020-09-11 16:29:47,243 INFO (SafeMap.java:56)- Thread-4namegetKeyWait
2020-09-11 16:29:47,243 INFO (SafeMap.java:26)- Thread-4agesetKeyWait
2020-09-11 16:29:47,244 INFO (SafeMap.java:51)- map的size=1
2020-09-11 16:29:47,244 INFO (SafeMap.java:35)- Thread-14namesetKeyNotify
2020-09-11 16:29:47,244 INFO (SafeMap.java:51)- map的size=1
2020-09-11 16:29:47,244 INFO (SafeMap.java:35)- Thread-14agesetKeyNotify
2020-09-11 16:29:47,245 INFO (SafeMap.java:51)- map的size=1
2020-09-11 16:29:47,245 INFO (SafeMap.java:56)- Thread-14agegetKeyWait
2020-09-11 16:29:47,248 INFO (SafeMap.java:26)- Thread-26creatTimesetKeyWait
2020-09-11 16:29:47,250 INFO (SafeMap.java:35)- Thread-24creatTimesetKeyNotify
2020-09-11 16:29:47,250 INFO (SafeMap.java:35)- Thread-29creatTimesetKeyNotify
2020-09-11 16:29:47,250 INFO (SafeMap.java:35)- Thread-13creatTimesetKeyNotify
2020-09-11 16:29:47,251 INFO (SafeMap.java:51)- map的size=1
2020-09-11 16:29:47,252 INFO (SafeMap.java:56)- Thread-29creatTimegetKeyWait
2020-09-11 16:29:47,252 INFO (SafeMap.java:26)- Thread-29namesetKeyWait
2020-09-11 16:29:47,252 INFO (SafeMap.java:51)- map的size=1
2020-09-11 16:29:47,252 INFO (SafeMap.java:56)- Thread-29namegetKeyWait
2020-09-11 16:29:47,253 INFO (SafeMap.java:26)- Thread-29agesetKeyWait
2020-09-11 16:29:47,253 INFO (SafeMap.java:51)- map的size=1
2020-09-11 16:29:47,253 INFO (SafeMap.java:56)- Thread-29agegetKeyWait
2020-09-11 16:29:47,254 INFO (SafeMap.java:51)- map的size=0
2020-09-11 16:29:47,254 INFO (SafeMap.java:65)- Thread-24creatTimegetKeyNotify
2020-09-11 16:29:47,254 INFO (SafeMap.java:26)- Thread-24namesetKeyWait
2020-09-11 16:29:47,255 INFO (SafeMap.java:51)- map的size=1
2020-09-11 16:29:47,255 INFO (SafeMap.java:56)- Thread-24namegetKeyWait
2020-09-11 16:29:47,255 INFO (SafeMap.java:26)- Thread-24agesetKeyWait
2020-09-11 16:29:47,256 INFO (SafeMap.java:51)- map的size=1
2020-09-11 16:29:47,256 INFO (SafeMap.java:56)- Thread-24agegetKeyWait
2020-09-11 16:29:47,257 INFO (SafeMap.java:51)- map的size=0
2020-09-11 16:29:47,258 INFO (SafeMap.java:65)- Thread-13creatTimegetKeyNotify
2020-09-11 16:29:47,258 INFO (SafeMap.java:26)- Thread-13namesetKeyWait
2020-09-11 16:29:47,258 INFO (SafeMap.java:51)- map的size=1
2020-09-11 16:29:47,258 INFO (SafeMap.java:56)- Thread-13namegetKeyWait
2020-09-11 16:29:47,258 INFO (SafeMap.java:26)- Thread-13agesetKeyWait
2020-09-11 16:29:47,271 INFO (SafeMap.java:51)- map的size=1
2020-09-11 16:29:47,271 INFO (SafeMap.java:56)- Thread-13agegetKeyWait
2020-09-11 16:29:47,275 INFO (SafeMap.java:51)- map的size=0
2020-09-11 16:29:47,277 INFO (SafeMap.java:65)- Thread-26creatTimegetKeyNotify
2020-09-11 16:29:47,278 INFO (SafeMap.java:26)- Thread-26namesetKeyWait
2020-09-11 16:29:47,278 INFO (SafeMap.java:51)- map的size=1
2020-09-11 16:29:47,278 INFO (SafeMap.java:56)- Thread-26namegetKeyWait
2020-09-11 16:29:47,278 INFO (SafeMap.java:26)- Thread-26agesetKeyWait
2020-09-11 16:29:47,279 INFO (SafeMap.java:51)- map的size=1
2020-09-11 16:29:47,279 INFO (SafeMap.java:56)- Thread-26agegetKeyWait
2020-09-11 16:29:47,279 INFO (SafeMap.java:51)- map的size=0
2020-09-11 16:29:47,280 INFO (SafeMap.java:65)- Thread-4agegetKeyNotify
2020-09-11 16:29:47,280 INFO (SafeMap.java:51)- map的size=0
2020-09-11 16:29:47,281 INFO (SafeMap.java:65)- Thread-7creatTimegetKeyNotify
2020-09-11 16:29:47,274 INFO (JsonToJsonAop.java:72)- 当前线程=Thread-29, json转换结果result={"high":0,"creatTime":1599812979000,"fix":false,"name":"lijiaxing","age":"11"}
2020-09-11 16:29:47,280 INFO (JsonToJsonAop.java:72)- 当前线程=Thread-26, json转换结果result={"high":0,"creatTime":1599812979000,"fix":false,"name":"lijiaxing","age":"11"}
2020-09-11 16:29:47,273 INFO (JsonToJsonAop.java:72)- 当前线程=Thread-8, json转换结果result={"high":0,"creatTime":1599812979000,"fix":false,"name":"lijiaxing","age":"11"}
2020-09-11 16:29:47,281 INFO (SafeMap.java:26)- Thread-7namesetKeyWait
2020-09-11 16:29:47,274 INFO (JsonToJsonAop.java:72)- 当前线程=Thread-14, json转换结果result={"high":0,"creatTime":1599812979000,"fix":false,"name":"lijiaxing","age":"11"}
2020-09-11 16:29:47,272 INFO (JsonToJsonAop.java:72)- 当前线程=Thread-24, json转换结果result={"high":0,"creatTime":1599812979000,"fix":false,"name":"lijiaxing","age":"11"}
2020-09-11 16:29:47,276 INFO (JsonToJsonAop.java:72)- 当前线程=Thread-27, json转换结果result={"high":0,"creatTime":1599812979000,"fix":false,"name":"lijiaxing","age":"11"}
2020-09-11 16:29:47,271 INFO (JsonToJsonAop.java:72)- 当前线程=Thread-12, json转换结果result={"high":0,"creatTime":1599812979000,"fix":false,"name":"lijiaxing","age":"11"}
2020-09-11 16:29:47,280 INFO (JsonToJsonAop.java:72)- 当前线程=Thread-4, json转换结果result={"high":0,"creatTime":1599812979000,"fix":false,"name":"lijiaxing","age":"11"}
2020-09-11 16:29:47,272 INFO (JsonToJsonAop.java:72)- 当前线程=Thread-23, json转换结果result={"high":0,"creatTime":1599812979000,"fix":false,"name":"lijiaxing","age":"11"}
2020-09-11 16:29:47,277 INFO (JsonToJsonAop.java:72)- 当前线程=Thread-6, json转换结果result={"high":0,"creatTime":1599812979000,"fix":false,"name":"lijiaxing","age":"11"}
2020-09-11 16:29:47,271 INFO (JsonToJsonAop.java:72)- 当前线程=Thread-15, json转换结果result={"high":0,"creatTime":1599812979000,"fix":false,"name":"lijiaxing","age":"11"}
2020-09-11 16:29:47,272 INFO (JsonToJsonAop.java:72)- 当前线程=Thread-13, json转换结果result={"high":0,"creatTime":1599812979000,"fix":false,"name":"lijiaxing","age":"11"}
2020-09-11 16:29:47,271 INFO (JsonToJsonAop.java:72)- 当前线程=Thread-3, json转换结果result={"high":0,"creatTime":1599812979000,"fix":false,"name":"lijiaxing","age":"11"}
2020-09-11 16:29:47,283 INFO (SafeMap.java:51)- map的size=1
2020-09-11 16:29:47,285 INFO (SafeMap.java:56)- Thread-7namegetKeyWait
2020-09-11 16:29:47,285 INFO (SafeMap.java:26)- Thread-7agesetKeyWait
2020-09-11 16:29:47,285 INFO (SafeMap.java:51)- map的size=1
2020-09-11 16:29:47,285 INFO (SafeMap.java:35)- Thread-22namesetKeyNotify
2020-09-11 16:29:47,286 INFO (SafeMap.java:51)- map的size=1
2020-09-11 16:29:47,287 INFO (SafeMap.java:35)- Thread-28namesetKeyNotify
2020-09-11 16:29:47,288 INFO (SafeMap.java:51)- map的size=1
2020-09-11 16:29:47,288 INFO (SafeMap.java:35)- Thread-18namesetKeyNotify
2020-09-11 16:29:47,289 INFO (SafeMap.java:51)- map的size=1
2020-09-11 16:29:47,289 INFO (SafeMap.java:35)- Thread-18agesetKeyNotify
2020-09-11 16:29:47,289 INFO (SafeMap.java:51)- map的size=1
2020-09-11 16:29:47,289 INFO (SafeMap.java:35)- Thread-17namesetKeyNotify
2020-09-11 16:29:47,289 INFO (SafeMap.java:51)- map的size=1
2020-09-11 16:29:47,289 INFO (SafeMap.java:35)- Thread-16namesetKeyNotify
2020-09-11 16:29:47,290 INFO (SafeMap.java:51)- map的size=1
2020-09-11 16:29:47,290 INFO (SafeMap.java:35)- Thread-11agesetKeyNotify
2020-09-11 16:29:47,290 INFO (SafeMap.java:51)- map的size=1
2020-09-11 16:29:47,290 INFO (SafeMap.java:35)- Thread-10namesetKeyNotify
2020-09-11 16:29:47,290 INFO (SafeMap.java:51)- map的size=1
2020-09-11 16:29:47,290 INFO (SafeMap.java:35)- Thread-2namesetKeyNotify
2020-09-11 16:29:47,290 INFO (SafeMap.java:51)- map的size=1
2020-09-11 16:29:47,291 INFO (SafeMap.java:35)- Thread-21namesetKeyNotify
2020-09-11 16:29:47,291 INFO (SafeMap.java:51)- map的size=1
2020-09-11 16:29:47,291 INFO (SafeMap.java:35)- Thread-31namesetKeyNotify
2020-09-11 16:29:47,291 INFO (SafeMap.java:51)- map的size=1
2020-09-11 16:29:47,291 INFO (SafeMap.java:35)- Thread-31agesetKeyNotify
2020-09-11 16:29:47,292 INFO (SafeMap.java:51)- map的size=1
2020-09-11 16:29:47,293 INFO (SafeMap.java:56)- Thread-31agegetKeyWait
2020-09-11 16:29:47,294 INFO (JsonToJsonAop.java:72)- 当前线程=Thread-31, json转换结果result={"high":0,"creatTime":1599812979000,"fix":false,"name":"lijiaxing","age":"11"}
2020-09-11 16:29:47,295 INFO (SafeMap.java:26)- Thread-30namesetKeyWait
2020-09-11 16:29:47,295 INFO (SafeMap.java:51)- map的size=1
2020-09-11 16:29:47,295 INFO (SafeMap.java:56)- Thread-30namegetKeyWait
2020-09-11 16:29:47,296 INFO (SafeMap.java:26)- Thread-30agesetKeyWait
2020-09-11 16:29:47,296 INFO (SafeMap.java:51)- map的size=1
2020-09-11 16:29:47,296 INFO (SafeMap.java:56)- Thread-30agegetKeyWait
2020-09-11 16:29:47,296 INFO (JsonToJsonAop.java:72)- 当前线程=Thread-30, json转换结果result={"high":0,"creatTime":1599812979000,"fix":false,"name":"lijiaxing","age":"11"}
2020-09-11 16:29:47,296 INFO (SafeMap.java:51)- map的size=0
2020-09-11 16:29:47,297 INFO (SafeMap.java:65)- Thread-9creatTimegetKeyNotify
2020-09-11 16:29:47,298 INFO (SafeMap.java:26)- Thread-9namesetKeyWait
2020-09-11 16:29:47,299 INFO (SafeMap.java:51)- map的size=1
2020-09-11 16:29:47,300 INFO (SafeMap.java:56)- Thread-9namegetKeyWait
2020-09-11 16:29:47,300 INFO (SafeMap.java:26)- Thread-9agesetKeyWait
2020-09-11 16:29:47,300 INFO (SafeMap.java:51)- map的size=1
2020-09-11 16:29:47,300 INFO (SafeMap.java:56)- Thread-9agegetKeyWait
2020-09-11 16:29:47,301 INFO (SafeMap.java:51)- map的size=0
2020-09-11 16:29:47,301 INFO (SafeMap.java:65)- Thread-25creatTimegetKeyNotify
2020-09-11 16:29:47,301 INFO (SafeMap.java:26)- Thread-25namesetKeyWait
2020-09-11 16:29:47,301 INFO (SafeMap.java:51)- map的size=1
2020-09-11 16:29:47,301 INFO (SafeMap.java:56)- Thread-25namegetKeyWait
2020-09-11 16:29:47,301 INFO (SafeMap.java:26)- Thread-25agesetKeyWait
2020-09-11 16:29:47,302 INFO (SafeMap.java:51)- map的size=1
2020-09-11 16:29:47,302 INFO (SafeMap.java:56)- Thread-25agegetKeyWait
2020-09-11 16:29:47,302 INFO (SafeMap.java:51)- map的size=0
2020-09-11 16:29:47,302 INFO (JsonToJsonAop.java:72)- 当前线程=Thread-9, json转换结果result={"high":0,"creatTime":1599812979000,"fix":false,"name":"lijiaxing","age":"11"}
2020-09-11 16:29:47,302 INFO (JsonToJsonAop.java:72)- 当前线程=Thread-25, json转换结果result={"high":0,"creatTime":1599812979000,"fix":false,"name":"lijiaxing","age":"11"}
2020-09-11 16:29:47,302 INFO (SafeMap.java:65)- Thread-5creatTimegetKeyNotify
2020-09-11 16:29:47,303 INFO (SafeMap.java:26)- Thread-5namesetKeyWait
2020-09-11 16:29:47,303 INFO (SafeMap.java:51)- map的size=1
2020-09-11 16:29:47,303 INFO (SafeMap.java:35)- Thread-20namesetKeyNotify
2020-09-11 16:29:47,303 INFO (SafeMap.java:51)- map的size=1
2020-09-11 16:29:47,304 INFO (SafeMap.java:35)- Thread-19namesetKeyNotify
2020-09-11 16:29:47,304 INFO (SafeMap.java:51)- map的size=1
2020-09-11 16:29:47,304 INFO (SafeMap.java:56)- Thread-19namegetKeyWait
2020-09-11 16:29:47,304 INFO (SafeMap.java:26)- Thread-19agesetKeyWait
2020-09-11 16:29:47,304 INFO (SafeMap.java:51)- map的size=1
2020-09-11 16:29:47,304 INFO (SafeMap.java:56)- Thread-19agegetKeyWait
2020-09-11 16:29:47,305 INFO (SafeMap.java:51)- map的size=0
2020-09-11 16:29:47,305 INFO (JsonToJsonAop.java:72)- 当前线程=Thread-19, json转换结果result={"high":0,"creatTime":1599812979000,"fix":false,"name":"lijiaxing","age":"11"}
2020-09-11 16:29:47,305 INFO (SafeMap.java:65)- Thread-20namegetKeyNotify
2020-09-11 16:29:47,305 INFO (SafeMap.java:26)- Thread-20agesetKeyWait
2020-09-11 16:29:47,305 INFO (SafeMap.java:51)- map的size=1
2020-09-11 16:29:47,306 INFO (SafeMap.java:35)- Thread-5agesetKeyNotify
2020-09-11 16:29:47,306 INFO (SafeMap.java:51)- map的size=1
2020-09-11 16:29:47,306 INFO (SafeMap.java:35)- Thread-21agesetKeyNotify
2020-09-11 16:29:47,306 INFO (SafeMap.java:51)- map的size=1
2020-09-11 16:29:47,306 INFO (SafeMap.java:35)- Thread-2agesetKeyNotify
2020-09-11 16:29:47,306 INFO (SafeMap.java:51)- map的size=1
2020-09-11 16:29:47,307 INFO (SafeMap.java:35)- Thread-10agesetKeyNotify
2020-09-11 16:29:47,307 INFO (SafeMap.java:51)- map的size=1
2020-09-11 16:29:47,307 INFO (SafeMap.java:56)- Thread-11agegetKeyWait
2020-09-11 16:29:47,307 INFO (SafeMap.java:51)- map的size=0
2020-09-11 16:29:47,307 INFO (JsonToJsonAop.java:72)- 当前线程=Thread-11, json转换结果result={"high":0,"creatTime":1599812979000,"fix":false,"name":"lijiaxing","age":"11"}
2020-09-11 16:29:47,307 INFO (SafeMap.java:65)- Thread-16namegetKeyNotify
2020-09-11 16:29:47,308 INFO (SafeMap.java:26)- Thread-16agesetKeyWait
2020-09-11 16:29:47,308 INFO (SafeMap.java:51)- map的size=1
2020-09-11 16:29:47,308 INFO (SafeMap.java:56)- Thread-16agegetKeyWait
2020-09-11 16:29:47,309 INFO (SafeMap.java:51)- map的size=0
2020-09-11 16:29:47,309 INFO (JsonToJsonAop.java:72)- 当前线程=Thread-16, json转换结果result={"high":0,"creatTime":1599812979000,"fix":false,"name":"lijiaxing","age":"11"}
2020-09-11 16:29:47,309 INFO (SafeMap.java:65)- Thread-17namegetKeyNotify
2020-09-11 16:29:47,309 INFO (SafeMap.java:26)- Thread-17agesetKeyWait
2020-09-11 16:29:47,310 INFO (SafeMap.java:51)- map的size=1
2020-09-11 16:29:47,310 INFO (SafeMap.java:56)- Thread-17agegetKeyWait
2020-09-11 16:29:47,310 INFO (SafeMap.java:51)- map的size=0
2020-09-11 16:29:47,310 INFO (JsonToJsonAop.java:72)- 当前线程=Thread-17, json转换结果result={"high":0,"creatTime":1599812979000,"fix":false,"name":"lijiaxing","age":"11"}
2020-09-11 16:29:47,311 INFO (SafeMap.java:65)- Thread-18agegetKeyNotify
2020-09-11 16:29:47,311 INFO (JsonToJsonAop.java:72)- 当前线程=Thread-18, json转换结果result={"high":0,"creatTime":1599812979000,"fix":false,"name":"lijiaxing","age":"11"}
2020-09-11 16:29:47,311 INFO (SafeMap.java:51)- map的size=0
2020-09-11 16:29:47,311 INFO (SafeMap.java:65)- Thread-28namegetKeyNotify
2020-09-11 16:29:47,311 INFO (SafeMap.java:26)- Thread-28agesetKeyWait
2020-09-11 16:29:47,316 INFO (SafeMap.java:51)- map的size=1
2020-09-11 16:29:47,317 INFO (SafeMap.java:35)- Thread-22agesetKeyNotify
2020-09-11 16:29:47,317 INFO (SafeMap.java:51)- map的size=1
2020-09-11 16:29:47,317 INFO (SafeMap.java:56)- Thread-7agegetKeyWait
2020-09-11 16:29:47,317 INFO (SafeMap.java:51)- map的size=0
2020-09-11 16:29:47,317 INFO (SafeMap.java:65)- Thread-22agegetKeyNotify
2020-09-11 16:29:47,317 INFO (JsonToJsonAop.java:72)- 当前线程=Thread-7, json转换结果result={"high":0,"creatTime":1599812979000,"fix":false,"name":"lijiaxing","age":"11"}
2020-09-11 16:29:47,317 INFO (SafeMap.java:51)- map的size=0
2020-09-11 16:29:47,317 INFO (JsonToJsonAop.java:72)- 当前线程=Thread-22, json转换结果result={"high":0,"creatTime":1599812979000,"fix":false,"name":"lijiaxing","age":"11"}
2020-09-11 16:29:47,318 INFO (SafeMap.java:65)- Thread-28agegetKeyNotify
2020-09-11 16:29:47,318 INFO (SafeMap.java:51)- map的size=0
2020-09-11 16:29:47,318 INFO (SafeMap.java:65)- Thread-10agegetKeyNotify
2020-09-11 16:29:47,318 INFO (JsonToJsonAop.java:72)- 当前线程=Thread-28, json转换结果result={"high":0,"creatTime":1599812979000,"fix":false,"name":"lijiaxing","age":"11"}
2020-09-11 16:29:47,318 INFO (SafeMap.java:51)- map的size=0
2020-09-11 16:29:47,318 INFO (JsonToJsonAop.java:72)- 当前线程=Thread-10, json转换结果result={"high":0,"creatTime":1599812979000,"fix":false,"name":"lijiaxing","age":"11"}
2020-09-11 16:29:47,318 INFO (SafeMap.java:65)- Thread-2agegetKeyNotify
2020-09-11 16:29:47,318 INFO (SafeMap.java:51)- map的size=0
2020-09-11 16:29:47,318 INFO (JsonToJsonAop.java:72)- 当前线程=Thread-2, json转换结果result={"high":0,"creatTime":1599812979000,"fix":false,"name":"lijiaxing","age":"11"}
2020-09-11 16:29:47,318 INFO (SafeMap.java:65)- Thread-21agegetKeyNotify
2020-09-11 16:29:47,319 INFO (JsonToJsonAop.java:72)- 当前线程=Thread-21, json转换结果result={"high":0,"creatTime":1599812979000,"fix":false,"name":"lijiaxing","age":"11"}
2020-09-11 16:29:47,319 INFO (SafeMap.java:51)- map的size=0
2020-09-11 16:29:47,319 INFO (SafeMap.java:65)- Thread-5agegetKeyNotify
2020-09-11 16:29:47,319 INFO (SafeMap.java:51)- map的size=0
2020-09-11 16:29:47,319 INFO (JsonToJsonAop.java:72)- 当前线程=Thread-5, json转换结果result={"high":0,"creatTime":1599812979000,"fix":false,"name":"lijiaxing","age":"11"}
2020-09-11 16:29:47,319 INFO (SafeMap.java:65)- Thread-20agegetKeyNotify
2020-09-11 16:29:47,319 INFO (JsonToJsonAop.java:72)- 当前线程=Thread-20, json转换结果result={"high":0,"creatTime":1599812979000,"fix":false,"name":"lijiaxing","age":"11"}
2020-09-11 16:58:51,813 INFO (StartupInfoLogger.java:55)- Starting SqlTest on SKY-20200628CJA with PID 16604 (started by My in C:\Users\My\IdeaProjects\customize)
2020-09-11 16:58:51,815 DEBUG (StartupInfoLogger.java:56)- Running with Spring Boot v2.3.3.RELEASE, Spring v5.2.8.RELEASE
2020-09-11 16:58:51,816 INFO (SpringApplication.java:651)- No active profile set, falling back to default profiles: default
2020-09-11 16:58:56,122 INFO (StartupInfoLogger.java:61)- Started SqlTest in 4.686 seconds (JVM running for 6.148)
2020-09-11 17:08:25,625 INFO (StartupInfoLogger.java:55)- Starting SqlTest on SKY-20200628CJA with PID 19336 (started by My in C:\Users\My\IdeaProjects\customize)
2020-09-11 17:08:25,626 DEBUG (StartupInfoLogger.java:56)- Running with Spring Boot v2.3.3.RELEASE, Spring v5.2.8.RELEASE
2020-09-11 17:08:25,627 INFO (SpringApplication.java:651)- No active profile set, falling back to default profiles: default
2020-09-11 17:08:29,575 INFO (StartupInfoLogger.java:61)- Started SqlTest in 4.457 seconds (JVM running for 6.467)
2020-09-11 17:24:43,183 INFO (StartupInfoLogger.java:55)- Starting RedisTest on SKY-20200628CJA with PID 18112 (started by My in C:\Users\My\IdeaProjects\customize)
2020-09-11 17:24:43,184 DEBUG (StartupInfoLogger.java:56)- Running with Spring Boot v2.3.3.RELEASE, Spring v5.2.8.RELEASE
2020-09-11 17:24:43,185 INFO (SpringApplication.java:651)- No active profile set, falling back to default profiles: default
2020-09-11 17:24:47,053 INFO (StartupInfoLogger.java:61)- Started RedisTest in 4.296 seconds (JVM running for 5.886)
2020-09-11 17:24:49,202 INFO (RedisTest.java:24)- 输出结果日志测试
2020-09-11 17:24:49,205 INFO (RedisTest.java:25)- 输出结果测试 s=测试value
2020-09-11 17:26:56,044 INFO (StartupInfoLogger.java:55)- Starting RedisTest on SKY-20200628CJA with PID 32488 (started by My in C:\Users\My\IdeaProjects\customize)
2020-09-11 17:26:56,045 DEBUG (StartupInfoLogger.java:56)- Running with Spring Boot v2.3.3.RELEASE, Spring v5.2.8.RELEASE
2020-09-11 17:26:56,046 INFO (SpringApplication.java:651)- No active profile set, falling back to default profiles: default
2020-09-11 17:26:59,888 INFO (StartupInfoLogger.java:61)- Started RedisTest in 4.234 seconds (JVM running for 5.729)
2020-09-11 17:27:01,920 INFO (RedisTest.java:24)- 输出结果日志测试
2020-09-11 17:27:01,924 INFO (RedisTest.java:25)- 输出结果测试 s=测试value
2020-09-11 17:27:30,095 INFO (StartupInfoLogger.java:55)- Starting RedisTest on SKY-20200628CJA with PID 14928 (started by My in C:\Users\My\IdeaProjects\customize)
2020-09-11 17:27:30,105 DEBUG (StartupInfoLogger.java:56)- Running with Spring Boot v2.3.3.RELEASE, Spring v5.2.8.RELEASE
2020-09-11 17:27:30,106 INFO (SpringApplication.java:651)- No active profile set, falling back to default profiles: default
2020-09-11 17:27:33,742 INFO (StartupInfoLogger.java:61)- Started RedisTest in 4.115 seconds (JVM running for 5.719)
2020-09-11 17:27:35,781 INFO (RedisTest.java:24)- 输出结果日志测试
2020-09-11 17:27:35,785 INFO (RedisTest.java:25)- 输出结果测试 s=测试value
2020-09-11 17:30:59,952 INFO (StartupInfoLogger.java:55)- Starting RedisTest on SKY-20200628CJA with PID 8828 (started by My in C:\Users\My\IdeaProjects\customize)
2020-09-11 17:30:59,953 DEBUG (StartupInfoLogger.java:56)- Running with Spring Boot v2.3.3.RELEASE, Spring v5.2.8.RELEASE
2020-09-11 17:30:59,954 INFO (SpringApplication.java:651)- No active profile set, falling back to default profiles: default
2020-09-11 17:31:04,185 INFO (StartupInfoLogger.java:61)- Started RedisTest in 4.61 seconds (JVM running for 6.128)
2020-09-11 17:31:06,932 INFO (RedisTest.java:24)- 输出结果日志测试
2020-09-11 17:31:06,935 INFO (RedisTest.java:25)- 输出结果测试 s=测试0
2020-09-11 17:32:18,811 INFO (StartupInfoLogger.java:55)- Starting RedisTest on SKY-20200628CJA with PID 17144 (started by My in C:\Users\My\IdeaProjects\customize)
2020-09-11 17:32:18,813 DEBUG (StartupInfoLogger.java:56)- Running with Spring Boot v2.3.3.RELEASE, Spring v5.2.8.RELEASE
2020-09-11 17:32:18,814 INFO (SpringApplication.java:651)- No active profile set, falling back to default profiles: default
