2020-09-07 14:09:32,207 INFO (SafeMap.java:34)- Thread-101setKeyNotify
2020-09-07 14:09:32,210 INFO (SafeMap.java:34)- Thread-9setKeyNotify
2020-09-07 14:09:32,210 INFO (SafeMap.java:34)- Thread-12setKeyNotify
2020-09-07 14:09:32,210 INFO (SafeMap.java:34)- Thread-79setKeyNotify
2020-09-07 14:09:32,210 INFO (SafeMap.java:34)- Thread-59setKeyNotify
2020-09-07 14:09:32,211 INFO (SafeMap.java:34)- Thread-18setKeyNotify
2020-09-07 14:09:32,211 INFO (SafeMap.java:34)- Thread-8setKeyNotify
2020-09-07 14:09:32,211 INFO (SafeMap.java:50)- map的size=1
2020-09-07 14:09:32,211 INFO (SafeMap.java:34)- Thread-56setKeyNotify
2020-09-07 14:09:32,211 INFO (SafeMap.java:34)- Thread-85setKeyNotify
2020-09-07 14:09:32,211 INFO (SafeMap.java:34)- Thread-19setKeyNotify
2020-09-07 14:09:32,212 INFO (SafeMap.java:34)- Thread-40setKeyNotify
2020-09-07 14:09:32,212 INFO (SafeMap.java:34)- Thread-47setKeyNotify
2020-09-07 14:09:32,212 INFO (SafeMap.java:34)- Thread-30setKeyNotify
2020-09-07 14:09:32,212 INFO (SafeMap.java:34)- Thread-2setKeyNotify
2020-09-07 14:09:32,212 INFO (SafeMap.java:34)- Thread-96setKeyNotify
2020-09-07 14:09:32,213 INFO (SafeMap.java:50)- map的size=1
2020-09-07 14:09:32,213 INFO (SafeMap.java:34)- Thread-96setKeyNotify
2020-09-07 14:09:32,213 INFO (SafeMap.java:34)- Thread-60setKeyNotify
2020-09-07 14:09:32,213 INFO (SafeMap.java:50)- map的size=1
2020-09-07 14:09:32,213 INFO (SafeMap.java:54)- Thread-96getKeyWait
2020-09-07 14:09:32,213 INFO (SafeMap.java:50)- map的size=0
2020-09-07 14:09:32,213 INFO (SafeMap.java:63)- Thread-3getKeyNotify
2020-09-07 14:09:32,214 INFO (SafeMap.java:25)- Thread-3setKeyWait
2020-09-07 14:09:32,214 INFO (SafeMap.java:50)- map的size=1
2020-09-07 14:09:32,214 INFO (SafeMap.java:34)- Thread-2setKeyNotify
2020-09-07 14:09:32,214 INFO (SafeMap.java:50)- map的size=1
2020-09-07 14:09:32,214 INFO (SafeMap.java:34)- Thread-30setKeyNotify
2020-09-07 14:09:32,214 INFO (SafeMap.java:50)- map的size=1
2020-09-07 14:09:32,215 INFO (SafeMap.java:34)- Thread-47setKeyNotify
2020-09-07 14:09:32,215 INFO (SafeMap.java:50)- map的size=1
2020-09-07 14:09:32,215 INFO (SafeMap.java:34)- Thread-40setKeyNotify
2020-09-07 14:09:32,215 INFO (SafeMap.java:50)- map的size=1
2020-09-07 14:09:32,215 INFO (SafeMap.java:34)- Thread-19setKeyNotify
2020-09-07 14:09:32,215 INFO (SafeMap.java:50)- map的size=1
2020-09-07 14:09:32,215 INFO (SafeMap.java:34)- Thread-85setKeyNotify
2020-09-07 14:09:32,215 INFO (SafeMap.java:50)- map的size=1
2020-09-07 14:09:32,216 INFO (SafeMap.java:54)- Thread-56getKeyWait
2020-09-07 14:09:32,216 INFO (SafeMap.java:50)- map的size=0
2020-09-07 14:09:32,216 INFO (SafeMap.java:63)- Thread-8getKeyNotify
2020-09-07 14:09:32,216 INFO (SafeMap.java:25)- Thread-8setKeyWait
2020-09-07 14:09:32,216 INFO (SafeMap.java:50)- map的size=1
2020-09-07 14:09:32,216 INFO (SafeMap.java:34)- Thread-18setKeyNotify
2020-09-07 14:09:32,216 INFO (SafeMap.java:50)- map的size=1
2020-09-07 14:09:32,217 INFO (SafeMap.java:34)- Thread-59setKeyNotify
2020-09-07 14:09:32,217 INFO (SafeMap.java:50)- map的size=1
2020-09-07 14:09:32,217 INFO (SafeMap.java:34)- Thread-79setKeyNotify
2020-09-07 14:09:32,217 INFO (SafeMap.java:50)- map的size=1
2020-09-07 14:09:32,217 INFO (SafeMap.java:34)- Thread-12setKeyNotify
2020-09-07 14:09:32,217 INFO (SafeMap.java:50)- map的size=1
2020-09-07 14:09:32,217 INFO (SafeMap.java:34)- Thread-9setKeyNotify
2020-09-07 14:09:32,217 INFO (SafeMap.java:50)- map的size=1
2020-09-07 14:09:32,217 INFO (SafeMap.java:34)- Thread-101setKeyNotify
2020-09-07 14:09:32,218 INFO (SafeMap.java:50)- map的size=1
2020-09-07 14:09:32,218 INFO (SafeMap.java:54)- Thread-95getKeyWait
2020-09-07 14:09:32,218 INFO (SafeMap.java:50)- map的size=0
2020-09-07 14:09:32,218 INFO (SafeMap.java:63)- Thread-25getKeyNotify
2020-09-07 14:09:32,218 INFO (SafeMap.java:50)- map的size=0
2020-09-07 14:09:32,218 INFO (SafeMap.java:63)- Thread-67getKeyNotify
2020-09-07 14:09:32,218 INFO (SafeMap.java:50)- map的size=0
2020-09-07 14:09:32,219 INFO (SafeMap.java:63)- Thread-99getKeyNotify
2020-09-07 14:09:32,219 INFO (SafeMap.java:50)- map的size=0
2020-09-07 14:09:32,219 INFO (SafeMap.java:63)- Thread-84getKeyNotify
2020-09-07 14:09:32,219 INFO (SafeMap.java:50)- map的size=0
2020-09-07 14:09:32,219 INFO (SafeMap.java:63)- Thread-48getKeyNotify
2020-09-07 14:09:32,220 INFO (SafeMap.java:50)- map的size=0
2020-09-07 14:09:32,220 INFO (SafeMap.java:63)- Thread-23getKeyNotify
2020-09-07 14:09:32,220 INFO (SafeMap.java:50)- map的size=0
2020-09-07 14:09:32,220 INFO (SafeMap.java:63)- Thread-52getKeyNotify
2020-09-07 14:09:32,220 INFO (SafeMap.java:50)- map的size=0
2020-09-07 14:09:32,221 INFO (SafeMap.java:63)- Thread-21getKeyNotify
2020-09-07 14:09:32,221 INFO (SafeMap.java:50)- map的size=0
2020-09-07 14:09:32,221 INFO (SafeMap.java:63)- Thread-66getKeyNotify
2020-09-07 14:09:32,222 INFO (SafeMap.java:50)- map的size=0
2020-09-07 14:09:32,222 INFO (SafeMap.java:63)- Thread-63getKeyNotify
2020-09-07 14:09:32,222 INFO (SafeMap.java:50)- map的size=0
2020-09-07 14:09:32,222 INFO (SafeMap.java:63)- Thread-36getKeyNotify
2020-09-07 14:09:32,222 INFO (SafeMap.java:50)- map的size=0
2020-09-07 14:09:32,222 INFO (SafeMap.java:63)- Thread-91getKeyNotify
2020-09-07 14:09:32,223 INFO (SafeMap.java:50)- map的size=0
2020-09-07 14:09:32,223 INFO (SafeMap.java:63)- Thread-54getKeyNotify
2020-09-07 14:09:32,223 INFO (SafeMap.java:50)- map的size=0
2020-09-07 14:09:32,223 INFO (SafeMap.java:63)- Thread-88getKeyNotify
2020-09-07 14:09:32,223 INFO (SafeMap.java:50)- map的size=0
2020-09-07 14:09:32,223 INFO (SafeMap.java:63)- Thread-29getKeyNotify
2020-09-07 14:09:32,223 INFO (SafeMap.java:50)- map的size=0
2020-09-07 14:09:32,223 INFO (SafeMap.java:63)- Thread-14getKeyNotify
2020-09-07 14:09:32,224 INFO (SafeMap.java:50)- map的size=0
2020-09-07 14:09:32,224 INFO (SafeMap.java:63)- Thread-86getKeyNotify
2020-09-07 14:09:32,224 INFO (SafeMap.java:25)- Thread-86setKeyWait
2020-09-07 14:09:32,224 INFO (SafeMap.java:50)- map的size=1
2020-09-07 14:09:32,224 INFO (SafeMap.java:54)- Thread-13getKeyWait
2020-09-07 14:09:32,224 INFO (SafeMap.java:50)- map的size=0
2020-09-07 14:09:32,224 INFO (SafeMap.java:63)- Thread-77getKeyNotify
2020-09-07 14:09:32,224 INFO (SafeMap.java:50)- map的size=0
2020-09-07 14:09:32,225 INFO (SafeMap.java:63)- Thread-26getKeyNotify
2020-09-07 14:09:32,225 INFO (SafeMap.java:50)- map的size=0
2020-09-07 14:09:32,225 INFO (SafeMap.java:63)- Thread-50getKeyNotify
2020-09-07 14:09:32,225 INFO (SafeMap.java:50)- map的size=0
2020-09-07 14:09:32,225 INFO (SafeMap.java:63)- Thread-78getKeyNotify
2020-09-07 14:09:32,225 INFO (SafeMap.java:50)- map的size=0
2020-09-07 14:09:32,225 INFO (SafeMap.java:63)- Thread-4getKeyNotify
2020-09-07 14:09:32,225 INFO (SafeMap.java:50)- map的size=0
2020-09-07 14:09:32,226 INFO (SafeMap.java:63)- Thread-34getKeyNotify
2020-09-07 14:09:32,226 INFO (SafeMap.java:50)- map的size=0
2020-09-07 14:09:32,226 INFO (SafeMap.java:63)- Thread-39getKeyNotify
2020-09-07 14:09:32,226 INFO (SafeMap.java:25)- Thread-39setKeyWait
2020-09-07 14:09:32,226 INFO (SafeMap.java:50)- map的size=1
2020-09-07 14:09:32,226 INFO (SafeMap.java:54)- Thread-20getKeyWait
2020-09-07 14:09:32,226 INFO (SafeMap.java:50)- map的size=0
2020-09-07 14:09:32,227 INFO (SafeMap.java:63)- Thread-55getKeyNotify
2020-09-07 14:09:32,227 INFO (SafeMap.java:50)- map的size=0
2020-09-07 14:09:32,227 INFO (SafeMap.java:63)- Thread-89getKeyNotify
2020-09-07 14:09:32,227 INFO (SafeMap.java:50)- map的size=0
2020-09-07 14:09:32,227 INFO (SafeMap.java:63)- Thread-71getKeyNotify
2020-09-07 14:09:32,227 INFO (SafeMap.java:50)- map的size=0
2020-09-07 14:09:32,227 INFO (SafeMap.java:63)- Thread-44getKeyNotify
2020-09-07 14:09:32,227 INFO (SafeMap.java:50)- map的size=0
2020-09-07 14:09:32,227 INFO (SafeMap.java:63)- Thread-65getKeyNotify
2020-09-07 14:09:32,228 INFO (SafeMap.java:50)- map的size=0
2020-09-07 14:09:32,228 INFO (SafeMap.java:63)- Thread-7getKeyNotify
2020-09-07 14:09:32,228 INFO (SafeMap.java:50)- map的size=0
2020-09-07 14:09:32,228 INFO (SafeMap.java:63)- Thread-28getKeyNotify
2020-09-07 14:09:32,228 INFO (SafeMap.java:50)- map的size=0
2020-09-07 14:09:32,228 INFO (SafeMap.java:63)- Thread-62getKeyNotify
2020-09-07 14:09:32,228 INFO (SafeMap.java:50)- map的size=0
2020-09-07 14:09:32,229 INFO (SafeMap.java:63)- Thread-70getKeyNotify
2020-09-07 14:09:32,229 INFO (SafeMap.java:50)- map的size=0
2020-09-07 14:09:32,229 INFO (SafeMap.java:63)- Thread-33getKeyNotify
2020-09-07 14:09:32,229 INFO (SafeMap.java:50)- map的size=0
2020-09-07 14:09:32,229 INFO (SafeMap.java:63)- Thread-51getKeyNotify
2020-09-07 14:09:32,229 INFO (SafeMap.java:50)- map的size=0
2020-09-07 14:09:32,230 INFO (SafeMap.java:63)- Thread-49getKeyNotify
2020-09-07 14:09:32,230 INFO (SafeMap.java:50)- map的size=0
2020-09-07 14:09:32,230 INFO (SafeMap.java:63)- Thread-57getKeyNotify
2020-09-07 14:09:32,230 INFO (SafeMap.java:50)- map的size=0
2020-09-07 14:09:32,230 INFO (SafeMap.java:63)- Thread-35getKeyNotify
2020-09-07 14:09:32,230 INFO (SafeMap.java:50)- map的size=0
2020-09-07 14:09:32,230 INFO (SafeMap.java:63)- Thread-5getKeyNotify
2020-09-07 14:09:32,230 INFO (SafeMap.java:50)- map的size=0
2020-09-07 14:09:32,230 INFO (SafeMap.java:63)- Thread-87getKeyNotify
2020-09-07 14:09:32,231 INFO (SafeMap.java:50)- map的size=0
2020-09-07 14:09:32,231 INFO (SafeMap.java:63)- Thread-37getKeyNotify
2020-09-07 14:09:32,231 INFO (SafeMap.java:50)- map的size=0
2020-09-07 14:09:32,231 INFO (SafeMap.java:63)- Thread-6getKeyNotify
2020-09-07 14:09:32,231 INFO (SafeMap.java:50)- map的size=0
2020-09-07 14:09:32,232 INFO (SafeMap.java:63)- Thread-68getKeyNotify
2020-09-07 14:09:32,232 INFO (SafeMap.java:50)- map的size=0
2020-09-07 14:09:32,232 INFO (SafeMap.java:63)- Thread-81getKeyNotify
2020-09-07 14:09:32,233 INFO (SafeMap.java:50)- map的size=0
2020-09-07 14:09:32,233 INFO (SafeMap.java:63)- Thread-16getKeyNotify
2020-09-07 14:09:32,236 INFO (SafeMap.java:50)- map的size=0
2020-09-07 14:09:32,236 INFO (SafeMap.java:63)- Thread-94getKeyNotify
2020-09-07 14:09:32,236 INFO (SafeMap.java:25)- Thread-64setKeyWait
2020-09-07 14:09:32,236 INFO (SafeMap.java:50)- map的size=1
2020-09-07 14:09:32,237 INFO (SafeMap.java:54)- Thread-73getKeyWait
2020-09-07 14:09:32,238 INFO (SafeMap.java:50)- map的size=0
2020-09-07 14:09:32,239 INFO (SafeMap.java:63)- Thread-32getKeyNotify
2020-09-07 14:09:32,240 INFO (SafeMap.java:50)- map的size=0
2020-09-07 14:09:32,240 INFO (SafeMap.java:63)- Thread-93getKeyNotify
2020-09-07 14:09:32,241 INFO (SafeMap.java:50)- map的size=0
2020-09-07 14:09:32,243 INFO (SafeMap.java:63)- Thread-80getKeyNotify
2020-09-07 14:09:32,244 INFO (SafeMap.java:50)- map的size=0
2020-09-07 14:09:32,244 INFO (SafeMap.java:63)- Thread-97getKeyNotify
2020-09-07 14:09:32,246 INFO (SafeMap.java:50)- map的size=0
2020-09-07 14:09:32,246 INFO (SafeMap.java:63)- Thread-15getKeyNotify
2020-09-07 14:09:32,247 INFO (SafeMap.java:50)- map的size=0
2020-09-07 14:09:32,247 INFO (SafeMap.java:63)- Thread-61getKeyNotify
2020-09-07 14:09:32,247 INFO (SafeMap.java:50)- map的size=0
2020-09-07 14:09:32,247 INFO (SafeMap.java:63)- Thread-76getKeyNotify
2020-09-07 14:09:32,248 INFO (SafeMap.java:50)- map的size=0
2020-09-07 14:09:32,249 INFO (SafeMap.java:63)- Thread-31getKeyNotify
2020-09-07 14:09:32,250 INFO (SafeMap.java:50)- map的size=0
2020-09-07 14:09:32,250 INFO (SafeMap.java:63)- Thread-42getKeyNotify
2020-09-07 14:09:32,252 INFO (SafeMap.java:50)- map的size=0
2020-09-07 14:09:32,252 INFO (SafeMap.java:63)- Thread-58getKeyNotify
2020-09-07 14:09:32,253 INFO (SafeMap.java:50)- map的size=0
2020-09-07 14:09:32,255 INFO (SafeMap.java:63)- Thread-74getKeyNotify
2020-09-07 14:09:32,256 INFO (SafeMap.java:50)- map的size=0
2020-09-07 14:09:32,256 INFO (SafeMap.java:63)- Thread-69getKeyNotify
2020-09-07 14:09:32,258 INFO (SafeMap.java:50)- map的size=0
2020-09-07 14:09:32,258 INFO (SafeMap.java:63)- Thread-82getKeyNotify
2020-09-07 14:09:32,258 INFO (SafeMap.java:50)- map的size=0
2020-09-07 14:09:32,259 INFO (SafeMap.java:63)- Thread-41getKeyNotify
2020-09-07 14:09:32,259 INFO (SafeMap.java:50)- map的size=0
2020-09-07 14:09:32,261 INFO (SafeMap.java:63)- Thread-24getKeyNotify
2020-09-07 14:09:32,262 INFO (SafeMap.java:50)- map的size=0
2020-09-07 14:09:32,262 INFO (SafeMap.java:63)- Thread-92getKeyNotify
2020-09-07 14:09:32,262 INFO (SafeMap.java:50)- map的size=0
2020-09-07 14:09:32,262 INFO (SafeMap.java:63)- Thread-75getKeyNotify
2020-09-07 14:09:32,263 INFO (SafeMap.java:50)- map的size=0
2020-09-07 14:09:32,263 INFO (SafeMap.java:63)- Thread-90getKeyNotify
2020-09-07 14:09:32,264 INFO (SafeMap.java:50)- map的size=0
2020-09-07 14:09:32,264 INFO (SafeMap.java:63)- Thread-38getKeyNotify
2020-09-07 14:09:32,264 INFO (SafeMap.java:50)- map的size=0
2020-09-07 14:09:32,275 INFO (SafeMap.java:63)- Thread-100getKeyNotify
2020-09-07 14:09:32,275 INFO (SafeMap.java:50)- map的size=0
2020-09-07 14:09:32,276 INFO (SafeMap.java:63)- Thread-17getKeyNotify
2020-09-07 14:09:32,276 INFO (SafeMap.java:50)- map的size=0
2020-09-07 14:09:32,276 INFO (SafeMap.java:63)- Thread-10getKeyNotify
2020-09-07 14:09:32,276 INFO (SafeMap.java:50)- map的size=0
2020-09-07 14:09:32,277 INFO (SafeMap.java:63)- Thread-98getKeyNotify
2020-09-07 14:09:32,277 INFO (SafeMap.java:50)- map的size=0
2020-09-07 14:09:32,277 INFO (SafeMap.java:63)- Thread-46getKeyNotify
2020-09-07 14:09:32,277 INFO (SafeMap.java:50)- map的size=0
2020-09-07 14:09:32,277 INFO (SafeMap.java:63)- Thread-72getKeyNotify
2020-09-07 14:09:32,278 INFO (SafeMap.java:50)- map的size=0
2020-09-07 14:09:32,278 INFO (SafeMap.java:63)- Thread-53getKeyNotify
2020-09-07 14:09:32,278 INFO (SafeMap.java:50)- map的size=0
2020-09-07 14:09:32,278 INFO (SafeMap.java:63)- Thread-27getKeyNotify
2020-09-07 14:09:32,279 INFO (SafeMap.java:25)- Thread-11setKeyWait
2020-09-07 14:09:32,280 INFO (SafeMap.java:50)- map的size=1
2020-09-07 14:09:32,280 INFO (SafeMap.java:34)- Thread-45setKeyNotify
2020-09-07 14:09:32,281 INFO (SafeMap.java:50)- map的size=1
2020-09-07 14:09:32,281 INFO (SafeMap.java:54)- Thread-45getKeyWait
2020-09-07 14:09:32,283 INFO (SafeMap.java:50)- map的size=0
2020-09-07 14:09:32,284 INFO (SafeMap.java:63)- Thread-64getKeyNotify
2020-09-07 14:09:32,286 INFO (SafeMap.java:50)- map的size=0
2020-09-07 14:09:32,286 INFO (SafeMap.java:63)- Thread-39getKeyNotify
2020-09-07 14:09:32,287 INFO (SafeMap.java:50)- map的size=0
2020-09-07 14:09:32,288 INFO (SafeMap.java:63)- Thread-83getKeyNotify
2020-09-07 14:09:32,292 INFO (SafeMap.java:50)- map的size=0
2020-09-07 14:09:32,292 INFO (SafeMap.java:63)- Thread-86getKeyNotify
2020-09-07 14:09:32,297 INFO (SafeMap.java:50)- map的size=0
2020-09-07 14:09:32,300 INFO (SafeMap.java:63)- Thread-101getKeyNotify
2020-09-07 14:09:32,301 INFO (SafeMap.java:50)- map的size=0
2020-09-07 14:09:32,301 INFO (SafeMap.java:63)- Thread-9getKeyNotify
2020-09-07 14:09:32,304 INFO (SafeMap.java:50)- map的size=0
2020-09-07 14:09:32,305 INFO (SafeMap.java:63)- Thread-12getKeyNotify
2020-09-07 14:09:32,306 INFO (SafeMap.java:50)- map的size=0
2020-09-07 14:09:32,307 INFO (SafeMap.java:63)- Thread-79getKeyNotify
2020-09-07 14:09:32,309 INFO (SafeMap.java:50)- map的size=0
2020-09-07 14:09:32,309 INFO (SafeMap.java:63)- Thread-59getKeyNotify
2020-09-07 14:09:32,310 INFO (SafeMap.java:50)- map的size=0
2020-09-07 14:09:32,310 INFO (SafeMap.java:63)- Thread-18getKeyNotify
2020-09-07 14:09:32,312 INFO (SafeMap.java:50)- map的size=0
2020-09-07 14:09:32,313 INFO (SafeMap.java:63)- Thread-8getKeyNotify
2020-09-07 14:09:32,314 INFO (SafeMap.java:50)- map的size=0
2020-09-07 14:09:32,314 INFO (SafeMap.java:63)- Thread-85getKeyNotify
2020-09-07 14:09:32,315 INFO (SafeMap.java:50)- map的size=0
2020-09-07 14:09:32,316 INFO (SafeMap.java:63)- Thread-19getKeyNotify
2020-09-07 14:09:32,318 INFO (SafeMap.java:50)- map的size=0
2020-09-07 14:09:32,320 INFO (SafeMap.java:63)- Thread-40getKeyNotify
2020-09-07 14:09:32,322 INFO (SafeMap.java:50)- map的size=0
2020-09-07 14:09:32,323 INFO (SafeMap.java:63)- Thread-47getKeyNotify
2020-09-07 14:09:32,324 INFO (SafeMap.java:50)- map的size=0
2020-09-07 14:09:32,328 INFO (SafeMap.java:63)- Thread-30getKeyNotify
2020-09-07 14:09:32,329 INFO (SafeMap.java:50)- map的size=0
2020-09-07 14:09:32,330 INFO (SafeMap.java:63)- Thread-2getKeyNotify
2020-09-07 14:09:32,332 INFO (SafeMap.java:50)- map的size=0
2020-09-07 14:09:32,332 INFO (SafeMap.java:63)- Thread-3getKeyNotify
2020-09-07 14:09:32,336 INFO (SafeMap.java:50)- map的size=0
2020-09-07 14:09:32,338 INFO (SafeMap.java:63)- Thread-60getKeyNotify
2020-09-07 14:09:32,338 INFO (SafeMap.java:25)- Thread-60setKeyWait
2020-09-07 14:09:32,338 INFO (SafeMap.java:50)- map的size=1
2020-09-07 14:09:32,338 INFO (SafeMap.java:54)- Thread-11getKeyWait
