2020-09-07 14:04:13,791 INFO (StartupInfoLogger.java:61)- Started CountDownTest in 4.553 seconds (JVM running for 6.182)
2020-09-07 14:04:13,967 INFO (SafeMap.java:25)- Thread-21setKeyWait
2020-09-07 14:04:13,969 INFO (SafeMap.java:35)- Thread-6setKeyNotify
2020-09-07 14:04:13,970 INFO (SafeMap.java:35)- Thread-3setKeyNotify
2020-09-07 14:04:13,970 INFO (SafeMap.java:35)- Thread-5setKeyNotify
2020-09-07 14:04:13,973 INFO (SafeMap.java:51)- map的size=1
2020-09-07 14:04:13,974 INFO (SafeMap.java:55)- Thread-5getKeyWait
2020-09-07 14:04:13,974 INFO (SafeMap.java:25)- Thread-19setKeyWait
2020-09-07 14:04:13,975 INFO (SafeMap.java:35)- Thread-12setKeyNotify
2020-09-07 14:04:13,976 INFO (SafeMap.java:35)- Thread-17setKeyNotify
2020-09-07 14:04:13,977 INFO (SafeMap.java:51)- map的size=1
2020-09-07 14:04:13,977 INFO (SafeMap.java:55)- Thread-17getKeyWait
2020-09-07 14:04:13,977 INFO (SafeMap.java:25)- Thread-9setKeyWait
2020-09-07 14:04:13,978 INFO (SafeMap.java:35)- Thread-16setKeyNotify
2020-09-07 14:04:13,978 INFO (SafeMap.java:51)- map的size=1
2020-09-07 14:04:13,978 INFO (SafeMap.java:55)- Thread-16getKeyWait
2020-09-07 14:04:13,979 INFO (SafeMap.java:25)- Thread-4setKeyWait
2020-09-07 14:04:13,979 INFO (SafeMap.java:35)- Thread-10setKeyNotify
2020-09-07 14:04:13,979 INFO (SafeMap.java:51)- map的size=1
2020-09-07 14:04:13,980 INFO (SafeMap.java:55)- Thread-10getKeyWait
2020-09-07 14:04:13,984 INFO (SafeMap.java:25)- Thread-7setKeyWait
2020-09-07 14:04:13,986 INFO (SafeMap.java:51)- map的size=1
2020-09-07 14:04:13,988 INFO (SafeMap.java:55)- Thread-4getKeyWait
2020-09-07 14:04:13,990 INFO (SafeMap.java:25)- Thread-16setKeyWait
2020-09-07 14:04:13,991 INFO (SafeMap.java:51)- map的size=1
2020-09-07 14:04:13,991 INFO (SafeMap.java:35)- Thread-9setKeyNotify
2020-09-07 14:04:13,994 INFO (SafeMap.java:51)- map的size=1
2020-09-07 14:04:13,995 INFO (SafeMap.java:55)- Thread-9getKeyWait
